nohup: ignoring input
============================================================
🚀 Relationship Summarization Start
============================================================
📋 요약이 필요한 관계: 535개

[1/535] 🔗 올드보이 (MOVIE) → 오달수 (ACTOR)
```json
{
  "entity": "올드보이 - 오달수",
  "summary": "오달수는 영화 올드보이의 주인공 오대수의 헤어스타일을 오마주한 것으로 알려져 있다. 이는 오달수가 올드보이라는 작품에 대한 존경이나 애정을 표현한 것으로 해석될 수 있다."
}
```   ✅ 저장 완료

[2/535] 🔗 쥴리 (MOVIE_CHARACTER) → 웨이홍 (MOVIE_CHARACTER)
```json
{
  "entity": "쥴리 - 웨이홍",
  "summary": "쥴리는 웨이홍을 검거하기 위해 위장 작전을 펼쳤으며, 최종적으로 웨이홍을 사살하게 된다. 쥴리와 웨이홍의 관계는 추적자와 표적의 관계로, 쥴리의 작전은 웨이홍의 죽음으로 마무리되었다."
}
```   ✅ 저장 완료

[3/535] 🔗 전우치 (MOVIE) → 장영규 (MOVIE_STAFF)
```json
{
  "entity": "전우치 - 장영규",
  "summary": "장영규는 영화 전우치의 음악을 담당한 작곡가이다. 그는 전우치의 영화 음악 작업을 통해 작품의 분위기와 감정 전달에 기여했다."
}
```   ✅ 저장 완료

[4/535] 🔗 키아누 리브스 (ACTOR) → 매트릭스 (MOVIE)
```json
{
  "entity": "키아누 리브스 - 매트릭스",
  "summary": "키아누 리브스는 영화 매트릭스에 출연한 배우이다. 매트릭스는 그의 대표작 중 하나로, 이 작품을 통해 그는 세계적인 스타로 자리매김하게 되었다."
}
```   ✅ 저장 완료

[5/535] 🔗 화담 (MOVIE_CHARACTER) → 외계+인 (MOVIE)
```json
{
  "entity": "화담 - 외계+인",
  "summary": "화담은 영화 외계+인의 등장인물이다."
}
```   ✅ 저장 완료

[6/535] 🔗 파터 (MOVIE_CHARACTER) → 고광렬 (MOVIE_CHARACTER)
```json
{
  "entity": "파터 - 고광렬",
  "summary": "파터는 고광렬의 집을 방문하여 그에게 정보를 제공하는 인물이다. 두 사람 사이에는 정보 전달을 통한 협력 관계가 형성되어 있다."
}
```   ✅ 저장 완료

[7/535] 🔗 박무석 (MOVIE_CHARACTER) → 고니 (MOVIE_CHARACTER)
```json
{
  "entity": "박무석 - 고니",
  "summary": "고니는 박무석에게 사기를 당해 돈을 잃게 되었으며, 이후 박무석을 찾아다니며 그를 추적했다. 두 사람의 관계는 사기 피해자와 가해자의 관계로, 고니가 박무석을 쫓는 구도로 전개된다."
}
```   ✅ 저장 완료

[8/535] 🔗 스파이더맨 2 (MOVIE) → 로저 에버트 (REVIEWER)
```json
{
  "entity": "스파이더맨 2 - 로저 에버트",
  "summary": "로저 에버트는 영화 스파이더맨 2에 대해 슈퍼히어로 영화를 보러 가지 않는 사람들을 위한 영화라고 평가했다. 이는 스파이더맨 2가 단순한 슈퍼히어로 장르를 넘어 일반 관객들에게도 어필할 수 있는 작품성을 갖추고 있음을 의미하는 긍정적인 평가이다."
}
```   ✅ 저장 완료

[9/535] 🔗 외계+인 (MOVIE) → 아바타 (MOVIE)
```json
{
  "entity": "외계+인 - 아바타",
  "summary": "외계+인과 아바타는 홍보 기간과 마케팅 전략 측면에서 비교 대상으로 언급된 바 있다. 두 영화는 대규모 블록버스터로서 마케팅 접근 방식에서 유사점이나 차이점이 분석되었다."
}
```   ✅ 저장 완료

[10/535] 🔗 외계+인 (MOVIE) → 신과 함께 (MOVIE)
```json
{
  "entity": "외계+인 - 신과 함께",
  "summary": "신과 함께는 쌍천만 흥행 성공을 거둔 작품으로, 이러한 상업적 성공이 외계+인과 같은 새로운 장르에 대한 도전을 가능하게 하는 기반이 되었다. 신과 함께의 흥행은 한국 영화계에서 외계+인처럼 실험적이고 새로운 장르의 영화 제작에 투자할 수 있는 환경을 조성하는 데 기여했다."
}
```   ✅ 저장 완료

[11/535] 🔗 김홍파 (ACTOR) → 김구 (MOVIE_CHARACTER)
```json
{
  "entity": "김홍파 - 김구",
  "summary": "김홍파는 배우로서 김구 역을 연기했다. 김구는 대한민국의 독립운동가이자 정치인으로, 김홍파가 이 역사적 인물을 작품에서 표현했다."
}
```   ✅ 저장 완료

[12/535] 🔗 하와이 피스톨 (MOVIE_CHARACTER) → 염석진 (MOVIE_CHARACTER)
```json
{
  "entity": "하와이 피스톨 - 염석진",
  "summary": "염석진은 하와이 피스톨에게 암살을 의뢰한 인물이다. 그러나 이후 염석진은 일본군과 함께 매복하여 하와이 피스톨을 총격하는 배신 행위를 저질렀다. 이를 통해 염석진이 하와이 피스톨을 이용한 뒤 제거하려 했음을 알 수 있다."
}
```   ✅ 저장 완료

[13/535] 🔗 대감 (MOVIE_CHARACTER) → 과부 (MOVIE_CHARACTER)
```json
{
  "entity": "대감 - 과부",
  "summary": "대감은 과부를 넘겨받으려 하는 인물이다. 대감과 과부 사이에는 대감이 과부를 자신의 소유로 취하려는 관계가 형성되어 있다."
}
```   ✅ 저장 완료

[14/535] 🔗 전우치 (MOVIE) → 옥황상제 (MOVIE_CHARACTER)
```json
{
  "entity": "전우치 - 옥황상제",
  "summary": "옥황상제는 영화 전우치에 등장하는 하늘의 존재이다. 전우치 작품 내에서 옥황상제는 천상계를 다스리는 최고 신으로서의 역할을 담당한다."
}
```   ✅ 저장 완료

[15/535] 🔗 초림 (MOVIE_CHARACTER) → 청권대사 (MOVIE_CHARACTER)
```json
{
  "entity": "초림 - 청권대사",
  "summary": "초림과 청권대사는 같은 이야기 속에 등장하는 인물들이다. 두 인물은 동일한 작품 내에서 서로 연관된 역할을 수행하는 것으로 보인다."
}
```   ✅ 저장 완료

[16/535] 🔗 최창 (MOVIE_CHARACTER) → 꾼 (MOVIE)
```json
{
  "entity": "최창 - 꾼",
  "summary": "최창은 영화 꾼에 등장하는 캐릭터이다."
}
```   ✅ 저장 완료

[17/535] 🔗 타짜 (MOVIE) → 아귀 (MOVIE_CHARACTER)
```json
{
  "entity": "타짜 - 아귀",
  "summary": "아귀는 영화 타짜에 등장하는 캐릭터로, 전라도 출신의 도박꾼이다. 그는 전라도에서 이름을 날린 화투 고수로서 뛰어난 도박 실력을 갖추고 있다."
}
```   ✅ 저장 완료

[18/535] 🔗 이신재 (MOVIE_CHARACTER) → 도둑들 (MOVIE)
```json
{
  "entity": "이신재 - 도둑들",
  "summary": "이신재는 영화 도둑들에 등장하는 캐릭터이다."
}
```   ✅ 저장 완료

[19/535] 🔗 전지현 (ACTOR) → 예니콜 (MOVIE_CHARACTER)
```json
{
  "entity": "전지현 - 예니콜",
  "summary": "전지현은 영화 도둑들에서 예니콜 역을 연기한 배우이다. 예니콜은 도둑들의 등장인물로, 전지현이 이 캐릭터를 맡아 연기했다."
}
```   ✅ 저장 완료

[20/535] 🔗 도둑들 (MOVIE) → 기호 (MOVIE_CHARACTER)
```json
{
  "entity": "도둑들 - 기호",
  "summary": "기호는 영화 도둑들에 등장하는 인물이다."
}
```   ✅ 저장 완료

[21/535] 🔗 타짜 (MOVIE) → 최영환 (MOVIE_STAFF)
```json
{
  "entity": "타짜 - 최영환",
  "summary": "최영환은 영화 타짜의 촬영감독으로, 이 작품의 영상미를 담당했다."
}
```   ✅ 저장 완료

[22/535] 🔗 외계+인 (MOVIE) → 엉쭈니 (REVIEWER)
```json
{
  "entity": "외계+인 - 엉쭈니",
  "summary": "엉쭈니는 영화 외계+인 1부의 OTT 전환 가능성에 대해 분석하고 자신의 의견을 제시한 인물이다. 그는 외계+인의 배급 및 유통 전략에 관한 논의에 참여하여 OTT 플랫폼으로의 전환 여부에 대한 견해를 밝혔다."
}
```   ✅ 저장 완료

[23/535] 🔗 외계+인 (MOVIE) → 김해송 (MOVIE_STAFF)
```json
{
  "entity": "외계+인 - 김해송",
  "summary": "김해송은 영화 외계+인에 자신의 곡이 사용된 음악가이다. 그의 음악은 외계+인의 사운드트랙에 포함되어 영화의 분위기 조성에 기여했다."
}
```   ✅ 저장 완료

[24/535] 🔗 함대길 (MOVIE_CHARACTER) → 백일 (MOVIE_CHARACTER)
```json
{
  "entity": "함대길 - 백일",
  "summary": "함대길은 백일의 제안을 거절한 인물이다. 두 사람 사이에는 백일이 대길에게 어떤 제안을 했으나 대길이 이를 받아들이지 않는 갈등 관계가 존재한다."
}
```   ✅ 저장 완료

[25/535] 🔗 허광철 (MOVIE_CHARACTER) → 유령 (MOVIE_CHARACTER)
```json
{
  "entity": "허광철 - 유령",
  "summary": "허광철은 유령에게 빚을 지고 있는 인물이다. 두 사람 사이에는 채무 관계가 형성되어 있으며, 이로 인해 광철은 유령과 특정한 관계를 맺고 있다."
}
```   ✅ 저장 완료

[26/535] 🔗 함대길 (MOVIE_CHARACTER) → 서실장 (MOVIE_CHARACTER)
```json
{
  "entity": "함대길 - 서실장",
  "summary": "서실장은 함대길을 배신한 인물이다. 두 사람 사이에는 신뢰 관계가 있었으나, 서실장이 대길을 배신함으로써 그 관계가 깨어졌다."
}
```   ✅ 저장 완료

[27/535] 🔗 도니 (MOVIE_CHARACTER) → 고니 (MOVIE_CHARACTER)
```json
{
  "entity": "도니 - 고니",
  "summary": "도니와 고니는 남매 관계이다. 두 사람은 가족으로서 혈연관계로 연결되어 있다."
}
```   ✅ 저장 완료

[28/535] 🔗 곽철용 (MOVIE_CHARACTER) → 고니 (MOVIE_CHARACTER)
```json
{
  "entity": "곽철용 - 고니",
  "summary": "고니는 화란과 세란을 구하기 위해 곽철용을 찾아가며, 곽철용 밑에서 2년간 일하겠다고 제안한다. 이 과정에서 고니는 곽철용의 부하에게 피해를 당하기도 한다. 두 사람 사이에는 고니가 목적을 위해 곽철용에게 종속적인 관계를 제안하는 긴장된 관계가 형성되어 있다."
}
```   ✅ 저장 완료

[29/535] 🔗 주진모 (ACTOR) → 반장 (MOVIE_CHARACTER)
```json
{
  "entity": "주진모 - 반장",
  "summary": "주진모는 배우로서 반장 역을 연기했다. 반장은 주진모가 작품에서 맡은 캐릭터이다."
}
```   ✅ 저장 완료

[30/535] 🔗 인간 아이 (MOVIE_CHARACTER) → 가드 (MOVIE_CHARACTER)
```json
{
  "entity": "인간 아이 - 가드",
  "summary": "가드는 인간 아이와 함께 살고 있는 존재이다. 두 존재는 동거 관계를 유지하며 함께 생활하고 있다."
}
```   ✅ 저장 완료

[31/535] 🔗 윈터 솔저 (MOVIE) → 마블 (MOVIE)
```json
{
  "entity": "윈터 솔저 - 마블",
  "summary": "윈터 솔저는 마블 시네마틱 유니버스(MCU)에 속하는 작품으로, MCU 22편 중 하나이다. 이 작품은 마블 스튜디오가 제작한 슈퍼히어로 영화 시리즈의 일부를 구성한다."
}
```   ✅ 저장 완료

[32/535] 🔗 현감 (MOVIE_CHARACTER) → 무륵 (MOVIE_CHARACTER)
```json
{
  "entity": "현감 - 무륵",
  "summary": "현감은 어릴 때 무륵을 죽이려 했으나 두 신선에 의해 저지당한 인물이다. 현감과 무륵 사이에는 과거부터 적대적인 관계가 형성되어 있었으며, 신선들의 개입으로 무륵은 목숨을 건질 수 있었다."
}
```   ✅ 저장 완료

[33/535] 🔗 카와구치 슌스케 (MOVIE_CHARACTER) → 미츠코 (MOVIE_CHARACTER)
```json
{
  "entity": "카와구치 슌스케 - 미츠코",
  "summary": "카와구치 슌스케와 미츠코는 결혼을 앞둔 약혼 관계였다. 미츠코는 카와구치 대위와 결혼할 예정이었으며, 두 사람은 연인 사이로서 미래를 함께 계획하고 있었다."
}
```   ✅ 저장 완료

[34/535] 🔗 영감 (MOVIE_CHARACTER) → 염석진 (MOVIE_CHARACTER)
```json
{
  "entity": "영감 - 염석진",
  "summary": "염석진은 일본군과 함께 매복하여 영감을 총격한 인물이다. 염석진과 영감 사이에는 적대적인 관계가 형성되어 있으며, 염석진은 일본군에 협력하여 영감을 공격하는 배신 행위를 저질렀다."
}
```   ✅ 저장 완료

[35/535] 🔗 전우치 (MOVIE) → 귀요괴 (MOVIE_CHARACTER)
```json
{
  "entity": "전우치 - 귀요괴",
  "summary": "귀요괴는 영화 전우치에 등장하는 요괴이다. 전우치 작품 속에서 귀요괴는 주요 등장 캐릭터 중 하나로 활약한다."
}
```   ✅ 저장 완료

[36/535] 🔗 천관대사 (MOVIE_CHARACTER) → 김윤석 (ACTOR)
```json
{
  "entity": "천관대사 - 김윤석",
  "summary": "김윤석은 천관대사 역을 연기한 배우이다. 그는 이 역할을 맡으면서 캐릭터가 사라지는 설정에 대한 아이디어를 직접 제안하는 등 작품의 창작 과정에도 적극적으로 참여했다."
}
```   ✅ 저장 완료

[37/535] 🔗 다야 (MOVIE_CHARACTER) → 꾼 (MOVIE)
```json
{
  "entity": "다야 - 꾼",
  "summary": "다야는 영화 꾼에 등장하는 인물로, 범죄 조직의 정상에 위치한 핵심 인물이다. 그는 작품 내에서 범죄 세계의 최고 권력자로서 중요한 역할을 담당한다."
}
```   ✅ 저장 완료

[38/535] 🔗 함대길 (MOVIE_CHARACTER) → 고니 (MOVIE_CHARACTER)
```json
{
  "entity": "함대길 - 고니",
  "summary": "함대길은 고니의 조카이다. 두 사람은 삼촌과 조카 관계로, 가족적 유대를 가지고 있다."
}
```   ✅ 저장 완료

[39/535] 🔗 호구 (MOVIE_CHARACTER) → 타짜 (MOVIE)
```json
{
  "entity": "호구 - 타짜",
  "summary": "호구는 영화 타짜에 등장하는 캐릭터이다."
}
```   ✅ 저장 완료

[40/535] 🔗 신하균 (ACTOR) → 도둑들 (MOVIE)
```json
{
  "entity": "신하균 - 도둑들",
  "summary": "신하균은 영화 도둑들에 특별 출연한 배우이다."
}
```   ✅ 저장 완료

[41/535] 🔗 타짜 (MOVIE) → 장준영 (ACTOR)
```json
{
  "entity": "타짜 - 장준영",
  "summary": "장준영은 영화 타짜에 출연한 배우이다."
}
```   ✅ 저장 완료

[42/535] 🔗 팹시 (MOVIE_CHARACTER) → 예니콜 (MOVIE_CHARACTER)
```json
{
  "entity": "팹시 - 예니콜",
  "summary": "팹시와 예니콜은 함께 등장하는 두 여자 캐릭터이다. 예니콜은 팹시에게 처음으로 감정을 드러내며, 두 캐릭터 사이에는 특별한 관계가 형성되어 있다."
}
```   ✅ 저장 완료

[43/535] 🔗 타짜 (MOVIE) → 장영규 (MOVIE_STAFF)
```json
{
  "entity": "타짜 - 장영규",
  "summary": "장영규는 영화 타짜의 음악을 담당한 음악감독이다. 그는 타짜의 사운드트랙과 배경음악 제작에 참여하여 영화의 분위기 조성에 기여했다."
}
```   ✅ 저장 완료

[44/535] 🔗 외계+인 (MOVIE) → 강동원 (ACTOR)
```json
{
  "entity": "외계+인 - 강동원",
  "summary": "강동원은 영화 외계+인에 출연한 배우이다."
}
```   ✅ 저장 완료

[45/535] 🔗 이난영 (MOVIE_STAFF) → 박주 (MOVIE)
```json
{
  "entity": "이난영 - 박주",
  "summary": "이난영은 가수로서 그녀의 곡이 영화 박주에서 사용되었다. 이난영의 음악은 영화 박주의 사운드트랙에 포함되어 작품의 분위기를 형성하는 데 기여했다."
}
```   ✅ 저장 완료

[46/535] 🔗 선우치 (MOVIE_CHARACTER) → 과부 (MOVIE_CHARACTER)
```json
{
  "entity": "선우치 - 과부",
  "summary": "과부는 선우치와 처음 만나는 장면이 있는 인물이다. 두 사람의 첫 만남은 작품 내에서 중요한 장면으로 등장한다."
}
```   ✅ 저장 완료

[47/535] 🔗 서실장 (MOVIE_CHARACTER) → 고광렬 (MOVIE_CHARACTER)
```json
{
  "entity": "서실장 - 고광렬",
  "summary": "서실장은 고광렬(꼬장)을 배신한 인물이다. 두 사람 사이에는 배신으로 인한 갈등 관계가 형성되어 있다."
}
```   ✅ 저장 완료

[48/535] 🔗 화란 (MOVIE_CHARACTER) → 고니 (MOVIE_CHARACTER)
```json
{
  "entity": "화란 - 고니",
  "summary": "고니는 영화 화란에 등장하는 인물로, 도박장 관련 장면에서 활약한다. 그는 화란을 구하기 위해 곽철령을 찾아가며, 누군가를 위기에서 구해주는 역할을 담당하는 인물이다."
}
```   ✅ 저장 완료

[49/535] 🔗 이안 (MOVIE_CHARACTER) → 가드 (MOVIE_CHARACTER)
```json
{
  "entity": "이안 - 가드",
  "summary": "이안과 가드는 복잡한 관계를 가진 인물들이다. 가드는 이안을 어릴 때부터 키운 양육자로서, 마지막에는 이안을 탈출시키기 위해 자신을 희생한다. 그러나 이안은 가드의 행동을 수상히 여겨 그의 정체를 의심하며, 뒷조사와 스파이 활동을 통해 가드를 감시하고 추궁하는 모습을 보인다. 두 사람 사이에는 양육자와 피양육자의 유대감과 동시에 의심과 긴장이 공존하는 관계가 형성되어 있다."
}
```   ✅ 저장 완료

[50/535] 🔗 외계+인 (MOVIE) → 무륵 (MOVIE_CHARACTER)
```json
{
  "entity": "외계+인 - 무륵",
  "summary": "무륵은 영화 외계+인의 두 주인공 중 한 명으로, 이야기를 이끌어가는 핵심 캐릭터이다. 그는 고려시대를 배경으로 한 과거 편에 등장하는 도사로, 도술을 부리는 능력을 가지고 있다. 외계+인 1부에서는 무거운 검을 다루는 데 어려움을 겪는 모습을 보여주기도 했다. 무륵은 과거 시대의 주요 등장인물로서 영화의 중심 서사를 담당한다."
}
```   ✅ 저장 완료

[51/535] 🔗 암살 (MOVIE) → 김원봉 (MOVIE_CHARACTER)
```json
{
  "entity": "암살 - 김원봉",
  "summary": "김원봉은 영화 암살의 주요 등장인물로, 독립운동과 관련된 인물이다. 그는 영화에서 암살 작전을 계획하는 핵심적인 역할을 담당하며, 독립운동의 중요한 인물로 묘사된다."
}
```   ✅ 저장 완료

[52/535] 🔗 하와이 피스톨 (MOVIE_CHARACTER) → 추상옥 (MOVIE_CHARACTER)
```json
{
  "entity": "하와이 피스톨 - 추상옥",
  "summary": "하와이 피스톨은 추상옥(속사포)을 찾아다니며 그의 뒤를 밟았던 인물이다. 두 사람은 결투를 벌이기도 했지만, 이후 함께 작전에 참여하는 관계로 발전했다."
}
```   ✅ 저장 완료

[53/535] 🔗 안옥윤 (MOVIE_CHARACTER) → 미츠코 (MOVIE_CHARACTER)
```json
{
  "entity": "안옥윤 - 미츠코",
  "summary": "안옥윤과 미츠코는 얼굴이 똑같은 쌍둥이 자매이다. 안옥윤은 길거리에서 미츠코를 발견하고 쫓아간 적이 있으며, 두 사람은 혈연으로 연결된 관계이다."
}
```   ✅ 저장 완료

[54/535] 🔗 맥베스 (MOVIE) → 노파 (MOVIE_CHARACTER)
```json
{
  "entity": "맥베스 - 노파",
  "summary": "노파 캐릭터는 셰익스피어의 작품 맥베스에 등장하는 마녀를 모티브로 만들어진 인물이다. 맥베스의 마녀가 가진 신비롭고 예언적인 특성이 노파 캐릭터의 창작에 영감을 주었다."
}
```   ✅ 저장 완료

[55/535] 🔗 정두홍 (MOVIE_STAFF) → 전우치 (MOVIE)
```json
{
  "entity": "정두홍 - 전우치",
  "summary": "정두홍은 영화 전우치의 무술 감독이다. 그는 전우치의 액션 장면과 무술 연출을 담당하여 영화의 역동적인 액션 시퀀스를 완성하는 데 기여했다."
}
```   ✅ 저장 완료

[56/535] 🔗 전우치 (MOVIE_CHARACTER) → 요괴 (MOVIE_CHARACTER)
```json
{
  "entity": "전우치 - 요괴",
  "summary": "전우치는 요괴를 잡아달라는 부탁을 받은 인물이다. 요괴들은 영화 전우치에서 주요 적대 세력으로 등장하며, 전우치와 대립하는 관계에 있다."
}
```   ✅ 저장 완료

[57/535] 🔗 함대길 (MOVIE_CHARACTER) → 타짜 (MOVIE)
```json
{
  "entity": "함대길 - 타짜",
  "summary": "함대길은 타짜 시리즈의 주요 등장인물이다. 그는 타짜 영화 시리즈에서 중요한 역할을 담당하는 캐릭터로 활약한다."
}
```   ✅ 저장 완료

[58/535] 🔗 전우치 (MOVIE) → 장준영 (ACTOR)
```json
{
  "entity": "전우치 - 장준영",
  "summary": "장준영은 영화 전우치에 출연한 배우이다."
}
```   ✅ 저장 완료

[59/535] 🔗 판호 (MOVIE_CHARACTER) → 예니콜 (MOVIE_CHARACTER)
```json
{
  "entity": "판호 - 예니콜",
  "summary": "예니콜은 판호의 도움으로 탈출에 성공한 인물이다. 판호는 예니콜이 위기 상황에서 벗어날 수 있도록 결정적인 도움을 제공했다."
}
```   ✅ 저장 완료

[60/535] 🔗 도둑들 (MOVIE) → 김윤석 (ACTOR)
```json
{
  "entity": "도둑들 - 김윤석",
  "summary": "김윤석은 영화 도둑들에 출연한 배우이다. 그는 이 영화에서 위험한 액션 장면을 직접 수행했으며, 3주 이상 액션 신 촬영에 참여했다. 특히 금고 돌리는 장면을 촬영했고, 중국어 대사를 위해 많은 연습을 하는 등 역할에 대한 높은 헌신을 보여주었다."
}
```   ✅ 저장 완료

[61/535] 🔗 약파 (MOVIE_CHARACTER) → 능파 (MOVIE_CHARACTER)
```json
{
  "entity": "약파 - 능파",
  "summary": "약파와 능파는 과거에 사연이 있는 관계로, 두 인물 사이에는 이전부터 이어져 온 특별한 인연이 존재한다."
}
```   ✅ 저장 완료

[62/535] 🔗 화담 (MOVIE_CHARACTER) → 김윤석 (ACTOR)
```json
{
  "entity": "화담 - 김윤석",
  "summary": "김윤석은 화담 역을 연기한 배우이다. 그는 화담이라는 캐릭터를 맡아 작품에서 해당 역할을 수행했다."
}
```   ✅ 저장 완료

[63/535] 🔗 마카오박 (MOVIE_CHARACTER) → 기호 (MOVIE_CHARACTER)
```json
{
  "entity": "마카오박 - 기호",
  "summary": "마카오박과 기호는 애증의 관계이다. 마카오박은 기호에게 병원에 가라고 배려해주는 모습을 보이며, 두 사람 사이에는 복잡한 감정이 얽혀 있다."
}
```   ✅ 저장 완료

[64/535] 🔗 설계자 (MOVIE_CHARACTER) → 무륵 (MOVIE_CHARACTER)
```json
{
  "entity": "설계자 - 무륵",
  "summary": "설계자와 무륵은 공생관계에 있으며, 설계자는 무륵의 몸 안에 존재한다. 이러한 특수한 관계로 인해 설계자는 무륵의 정체성 고민의 원인이 되고 있다."
}
```   ✅ 저장 완료

[65/535] 🔗 외계+인 (MOVIE) → 개똥이 (MOVIE_CHARACTER)
```json
{
  "entity": "외계+인 - 개똥이",
  "summary": "개똥이는 영화 외계+인에 등장하는 캐릭터이다."
}
```   ✅ 저장 완료

[66/535] 🔗 이난영 (MOVIE_STAFF) → 김해송 (MOVIE_STAFF)
```json
{
  "entity": "이난영 - 김해송",
  "summary": "이난영은 김해송의 부인이다. 두 사람은 부부 관계로 연결되어 있다."
}
```   ✅ 저장 완료

[67/535] 🔗 화담 (MOVIE_CHARACTER) → 초랭이 (MOVIE_CHARACTER)
```json
{
  "entity": "화담 - 초랭이",
  "summary": "화담은 초랭이를 쫓아다니며 그의 사람이 되고 싶다는 욕망을 건드리는 인물이다. 화담과 초랭이 사이에는 추격 관계가 형성되어 있으며, 화담은 초랭이의 내면에 숨겨진 인간이 되고자 하는 갈망을 자극한다."
}
```   ✅ 저장 완료

[68/535] 🔗 화담 (MOVIE_CHARACTER) → 노파 (MOVIE_CHARACTER)
```json
{
  "entity": "화담 - 노파",
  "summary": "노파는 치매를 앓고 있는 인물로, 화담의 옆구리에 복사꽃이 필 것이라고 예언했다. 화담은 이 노파의 말에 신경을 쓰게 되며, 그 예언을 통해 자신의 정체를 깨닫게 된다."
}
```   ✅ 저장 완료

[69/535] 🔗 최창혁 (MOVIE_CHARACTER) → 김선생 (MOVIE_CHARACTER)
```json
{
  "entity": "최창혁 - 김선생",
  "summary": "최창혁은 휘발유를 통해 김선생과 연결되어 50억 계획에 합류하게 된다. 두 사람은 이 계획을 통해 협력 관계를 형성한다."
}
```   ✅ 저장 완료

[70/535] 🔗 정마담 (MOVIE_CHARACTER) → 서실장 (MOVIE_CHARACTER)
```json
{
  "entity": "정마담 - 서실장",
  "summary": "서실장은 작은마담과 결혼한 인물이다. 정마담과 서실장은 서로 관련이 있는 인물들로, 서실장의 결혼 상대는 작은마담이다."
}
```   ✅ 저장 완료

[71/535] 🔗 너구리 (MOVIE_CHARACTER) → 고니 (MOVIE_CHARACTER)
```json
{
  "entity": "너구리 - 고니",
  "summary": "고니는 너구리에게 평경장의 죽음에 대한 진상과 아귀를 찾아달라고 부탁하는 관계이다. 고니는 너구리를 신뢰하여 중요한 임무를 맡기고 있다."
}
```   ✅ 저장 완료

[72/535] 🔗 세란 (MOVIE_CHARACTER) → 고니 (MOVIE_CHARACTER)
```json
{
  "entity": "세란 - 고니",
  "summary": "고니는 세란을 구하기 위해 곽철령을 찾아가는 인물이다. 고니와 세란 사이에는 고니가 세란을 위해 위험을 감수할 정도로 깊은 관계가 형성되어 있다."
}
```   ✅ 저장 완료

[73/535] 🔗 인크레더블 헐크 (MOVIE) → 마블 (MOVIE)
```json
{
  "entity": "인크레더블 헐크 - 마블",
  "summary": "인크레더블 헐크는 마블 시네마틱 유니버스(MCU)에 속하는 영화 중 하나이다. 이 작품은 마블 코믹스의 캐릭터 헐크를 기반으로 제작되었다."
}
```   ✅ 저장 완료

[74/535] 🔗 설계자 (MOVIE_CHARACTER) → 삼식 (MOVIE_CHARACTER)
```json
{
  "entity": "설계자 - 삼식",
  "summary": "삼식은 설계자와 합쳐져 외계 초점으로 진화하는 인물이다. 두 존재의 결합을 통해 삼식은 새로운 형태의 외계적 존재로 변화하게 된다."
}
```   ✅ 저장 완료

[75/535] 🔗 테라우치 총독 (MOVIE_CHARACTER) → 염석진 (MOVIE_CHARACTER)
```json
{
  "entity": "테라우치 총독 - 염석진",
  "summary": "염석진은 테라우치 총독 암살을 시도한 인물이다. 테라우치 총독은 염석진의 암살 시도 대상이었다."
}
```   ✅ 저장 완료

[76/535] 🔗 전우치 (MOVIE) → 박수영 (ACTOR)
```json
{
  "entity": "전우치 - 박수영",
  "summary": "박수영은 영화 전우치에 출연한 배우이다."
}
```   ✅ 저장 완료

[77/535] 🔗 최동훈 (MOVIE_STAFF) → 공동경비구역 JSA (MOVIE)
```json
{
  "entity": "최동훈 - 공동경비구역 JSA",
  "summary": "최동훈 감독은 영화 공동경비구역 JSA를 보고 자신의 작품에서 갈대밭 로케이션 장소를 결정하는 데 영감을 받았다."
}
```   ✅ 저장 완료

[78/535] 🔗 아귀 (MOVIE_CHARACTER) → 고니 (MOVIE_CHARACTER)
```json
{
  "entity": "아귀 - 고니",
  "summary": "아귀와 고니는 과거 첫만남이 있었던 사이로, 현재 도박판에서 대립하는 관계이다. 아귀는 정마담을 통해 고니를 찾으려 하고 있으며, 고니는 아귀 이야기가 나오면 취한 척하며 피하는 등 아귀를 회피하려는 모습을 보인다."
}
```   ✅ 저장 완료

[79/535] 🔗 주진모 (ACTOR) → 전우치 (MOVIE)
```json
{
  "entity": "주진모 - 전우치",
  "summary": "주진모는 영화 전우치에 출연한 배우이다."
}
```   ✅ 저장 완료

[80/535] 🔗 뽀시레기 (MOVIE_CHARACTER) → 도둑들 (MOVIE)
```json
{
  "entity": "뽀시레기 - 도둑들",
  "summary": "뽀시레기는 영화 도둑들에 등장하는 인물이다."
}
```   ✅ 저장 완료

[81/535] 🔗 뽀빠이 (MOVIE_CHARACTER) → 마카오박 (MOVIE_CHARACTER)
```json
{
  "entity": "뽀빠이 - 마카오박",
  "summary": "뽀빠이와 마카오박은 과거를 공유하는 관계로, 옛날에는 보스와 파트너 관계였던 전 파트너 사이이다. 현재 두 사람은 다이아몬드를 두고 대립하는 관계에 있으며, 뽀빠이는 마카오박을 배신한 것처럼 계략을 꾸미기도 했다."
}
```   ✅ 저장 완료

[82/535] 🔗 마카오박 (MOVIE_CHARACTER) → 김윤석 (ACTOR)
```json
{
  "entity": "마카오박 - 김윤석",
  "summary": "김윤석은 영화 도둑들에서 마카오박 역을 연기한 배우이다."
}
```   ✅ 저장 완료

[83/535] 🔗 타짜 (MOVIE) → 최동훈 (MOVIE_STAFF)
```json
{
  "entity": "타짜 - 최동훈",
  "summary": "최동훈은 영화 타짜의 감독으로, 이 작품을 연출했다."
}
```   ✅ 저장 완료

[84/535] 🔗 함대길 (MOVIE_CHARACTER) → 대길 엄마 (MOVIE_CHARACTER)
```json
{
  "entity": "함대길 - 대길 엄마",
  "summary": "함대길은 고향을 떠나기 전 자신의 엄마에게 미안하다고 말했다. 대길과 대길 엄마는 모자 관계로, 대길이 고향을 떠나는 상황에서 엄마에 대한 미안함을 표현했다."
}
```   ✅ 저장 완료

[85/535] 🔗 티파니 (MOVIE_CHARACTER) → 도둑들 (MOVIE)
```json
{
  "entity": "티파니 - 도둑들",
  "summary": "티파니는 영화 도둑들에 등장하는 인물이다."
}
```   ✅ 저장 완료

[86/535] 🔗 타짜 (MOVIE) → 김윤석 (ACTOR)
```json
{
  "entity": "타짜 - 김윤석",
  "summary": "김윤석은 영화 타짜에 출연하여 아귀 역을 연기했으며, 작품에서 선글라스를 착용한 모습을 보여주었다."
}
```   ✅ 저장 완료

[87/535] 🔗 민개인 (MOVIE_CHARACTER) → 가드 (MOVIE_CHARACTER)
```json
{
  "entity": "민개인 - 가드",
  "summary": "민개인은 총을 들고 가드를 쫓는 인물이다. 민개인과 가드는 추격 관계에 있으며, 민개인이 가드를 추적하는 상황이 전개된다."
}
```   ✅ 저장 완료

[88/535] 🔗 전우치 (MOVIE) → 임수정 (ACTOR)
```json
{
  "entity": "전우치 - 임수정",
  "summary": "임수정은 영화 전우치에 출연한 배우이다."
}
```   ✅ 저장 완료

[89/535] 🔗 화란 (MOVIE_CHARACTER) → 세란 (MOVIE_CHARACTER)
```json
{
  "entity": "화란 - 세란",
  "summary": "화란과 세란은 함께 곽철령에게 잡혀있던 관계로, 두 사람은 곽철령의 감금 상태에서 같은 처지에 놓여 있었다."
}
```   ✅ 저장 완료

[90/535] 🔗 자비스 (MOVIE_CHARACTER) → 썬더 (MOVIE_CHARACTER)
```json
{
  "entity": "자비스 - 썬더",
  "summary": "썬더는 아이언맨에 등장하는 AI 캐릭터인 자비스와 유사한 AI 캐릭터로 비교된다. 두 캐릭터는 모두 인공지능 조수 역할을 수행하는 공통점이 있다."
}
```   ✅ 저장 완료

[91/535] 🔗 재무 (MOVIE_CHARACTER) → 마블 (MOVIE)
```json
{
  "entity": "재무 - 마블",
  "summary": "재무는 마블 시네마틱 유니버스(MCU)의 대표적인 빌런 캐릭터이다."
}
```   ✅ 저장 완료

[92/535] 🔗 외계+인 (MOVIE) → 반구성 (REVIEWER)
```json
{
  "entity": "외계+인 - 반구성",
  "summary": "반구성은 외계+인 시리즈를 리뷰한 인물로, 해당 시리즈의 1부를 산업 해키물이라고 평가했다."
}
```   ✅ 저장 완료

[93/535] 🔗 이안 (MOVIE_CHARACTER) → 삼식 (MOVIE_CHARACTER)
```json
{
  "entity": "이안 - 삼식",
  "summary": "삼식은 이안이 설계자를 떼어내거나 분리하는 것을 방해하는 관계에 있다. 이안은 설계자를 분리하려는 시도를 하고 있으며, 삼식은 이를 저지하는 역할을 한다."
}
```   ✅ 저장 완료

[94/535] 🔗 암살 (MOVIE) → 김구 (MOVIE_CHARACTER)
```json
{
  "entity": "암살 - 김구",
  "summary": "김구는 영화 암살의 주요 등장인물로, 임시정부 소속 독립운동 지도자로 등장한다. 그는 작품 내에서 암살 작전을 계획하는 핵심 인물로서 중요한 역할을 수행한다."
}
```   ✅ 저장 완료

[95/535] 🔗 이완용 (MOVIE_CHARACTER) → 염석진 (MOVIE_CHARACTER)
```json
{
  "entity": "이완용 - 염석진",
  "summary": "염석진은 이완용 암살을 시도한 인물이다. 이완용은 염석진의 암살 시도 대상이었다."
}
```   ✅ 저장 완료

[96/535] 🔗 클린트 이스트우드 (ACTOR) → 전우치 (MOVIE_CHARACTER)
```json
{
  "entity": "클린트 이스트우드 - 전우치",
  "summary": "영화 전우치의 의상 디자인은 클린트 이스트우드의 서부극 스타일에서 영감을 받아 제작되었다. 클린트 이스트우드는 서부극 장르의 대표적인 배우로, 그의 독특한 스타일이 전우치 캐릭터의 의상에 영향을 미쳤다."
}
```   ✅ 저장 완료

[97/535] 🔗 함대길 (MOVIE_CHARACTER) → 광철의 동생 (MOVIE_CHARACTER)
```json
{
  "entity": "함대길 - 광철의 동생",
  "summary": "함대길은 광철의 동생에게 한눈에 반한 관계이다. 대길은 광철의 동생을 처음 보자마자 호감을 느꼈다."
}
```   ✅ 저장 완료

[98/535] 🔗 마카오박 (MOVIE_CHARACTER) → 도둑들 (MOVIE)
```json
{
  "entity": "마카오박 - 도둑들",
  "summary": "마카오박은 영화 도둑들의 주요 등장인물이다. 작품 내에서 줄타기 장면을 선보이는 캐릭터로 등장한다."
}
```   ✅ 저장 완료

[99/535] 🔗 이안 (MOVIE_CHARACTER) → 무륵 (MOVIE_CHARACTER)
```json
{
  "entity": "이안 - 무륵",
  "summary": "무륵과 이안은 영화의 주인공으로 함께 묘사되는 캐릭터들이다. 무륵은 어릴 때 이안을 구해준 적이 있으며, 이안에게 일방적인 감정을 품고 빠져 있다. 무륵은 이안에게 슈트를 건네주며 로맨스 관계가 암시되기도 하고, 때로는 대결하기도 한다. 두 사람은 함께 행동하며 무륵은 이안에게 정체성에 대한 고민을 털어놓는다. 무륵은 이안을 만나 감정 변화를 겪으며, 이별과 재회를 경험한다."
}
```   ✅ 저장 완료

[100/535] 🔗 전우치 (MOVIE) → 김정남 (ACTOR)
```json
{
  "entity": "전우치 - 김정남",
  "summary": "김정남은 영화 전우치에서 내레이션을 담당한 인물이다."
}
```   ✅ 저장 완료

[101/535] 🔗 천관대사 (MOVIE_CHARACTER) → 백윤식 (ACTOR)
```json
{
  "entity": "천관대사 - 백윤식",
  "summary": "백윤식은 천관대사(천관도사) 역을 연기한 배우이다."
}
```   ✅ 저장 완료

[102/535] 🔗 이경복 (MOVIE_CHARACTER) → 김선생 (MOVIE_CHARACTER)
```json
{
  "entity": "이경복 - 김선생",
  "summary": "이경복(휘발유)은 김선생의 계획에 위조지폐 전문가로 참여하는 인물이다. 그는 작전 수행을 위해 금융감독원 직원으로 변장한다."
}
```   ✅ 저장 완료

[103/535] 🔗 이하늬 (ACTOR) → 썬더 (MOVIE_CHARACTER)
```json
{
  "entity": "이하늬 - 썬더",
  "summary": "이하늬는 썬더(천둥) 역할을 연기한 배우이다."
}
```   ✅ 저장 완료

[104/535] 🔗 외계+인 (MOVIE) → 듀나 (REVIEWER)
```json
{
  "entity": "외계+인 - 듀나",
  "summary": "듀나는 영화 외계+인을 비평한 평론가로, 해당 작품에 대해 도전과 성의가 부족하다는 평가를 내렸다."
}
```   ✅ 저장 완료

[105/535] 🔗 추상옥 (MOVIE_CHARACTER) → 염석진 (MOVIE_CHARACTER)
```json
{
  "entity": "추상옥 - 염석진",
  "summary": "추상옥(속사포)과 염석진은 복잡한 관계를 가진 인물들이다. 염석진은 속사포를 작전에 합류시키기 위해 설득했으나, 이후 밀정이 된 염석진으로 인해 속사포는 총에 맞아 쓰러지게 되었다."
}
```   ✅ 저장 완료

[106/535] 🔗 허광철 (MOVIE_CHARACTER) → 광철의 동생 (MOVIE_CHARACTER)
```json
{
  "entity": "허광철 - 광철의 동생",
  "summary": "허광철과 광철의 동생은 남매 관계이다. 두 사람은 형제자매로서 가족 관계를 맺고 있다."
}
```   ✅ 저장 완료

[107/535] 🔗 범죄의 재구성 (MOVIE) → 도둑들 (MOVIE)
```json
{
  "entity": "범죄의 재구성 - 도둑들",
  "summary": "범죄의 재구성과 도둑들은 최동훈 감독이 연출한 케이퍼 무비 3부작에 속하는 영화들이다. 두 작품은 같은 감독의 범죄 장르 시리즈로서 연결되어 있다."
}
```   ✅ 저장 완료

[108/535] 🔗 오션스 시리즈 (MOVIE) → 도둑들 (MOVIE)
```json
{
  "entity": "오션스 시리즈 - 도둑들",
  "summary": "도둑들은 오션스 시리즈와 자주 비교되는 작품이다. 오션스 시리즈를 본 관객들도 도둑들을 재미있게 볼 수 있다고 평가받고 있어, 두 작품은 유사한 장르적 매력을 공유하는 것으로 여겨진다."
}
```   ✅ 저장 완료

[109/535] 🔗 기우 (MOVIE_CHARACTER) → 기생충 (MOVIE)
```json
{
  "entity": "기우 - 기생충",
  "summary": "기우는 영화 기생충의 주요 등장인물이다."
}
```   ✅ 저장 완료

[110/535] 🔗 타짜 (MOVIE) → 김정남 (ACTOR)
```json
{
  "entity": "타짜 - 김정남",
  "summary": "김정남은 영화 타짜에 출연한 배우이다."
}
```   ✅ 저장 완료

[111/535] 🔗 전우치 (MOVIE) → 강수영 (ACTOR)
```json
{
  "entity": "전우치 - 강수영",
  "summary": "강수영은 영화 전우치에서 바텐더 역을 연기한 배우이다."
}
```   ✅ 저장 완료

[112/535] 🔗 서인경 (MOVIE_CHARACTER) → 김선생 (MOVIE_CHARACTER)
```json
{
  "entity": "서인경 - 김선생",
  "summary": "서인경(얼매)은 김선생이 모은 5명의 사기꾼 팀 중 한 명이다. 그녀는 김선생의 계획에 참여하는 팀원으로 활동한다."
}
```   ✅ 저장 완료

[113/535] 🔗 손병욱 (ACTOR) → 김윤석 (ACTOR)
```json
{
  "entity": "손병욱 - 김윤석",
  "summary": "손병욱과 김윤석은 영화 범죄의 재구성에서 함께 형사 역할로 출연한 배우들이다."
}
```   ✅ 저장 완료

[114/535] 🔗 문도 (MOVIE_CHARACTER) → 도사 (MOVIE_CHARACTER)
```json
{
  "entity": "문도 - 도사",
  "summary": "문도와 도사는 현재 시점에서 함께 범인을 쫓고 있는 인물들이다."
}
```   ✅ 저장 완료

[115/535] 🔗 절름발이 (MOVIE_CHARACTER) → 외계+인 (MOVIE)
```json
{
  "entity": "절름발이 - 외계+인",
  "summary": "절름발이는 영화 외계+인의 과거편에 등장하는 캐릭터이다."
}
```   ✅ 저장 완료

[116/535] 🔗 외계+인 (MOVIE) → 도둑들 (MOVIE)
```json
{
  "entity": "외계+인 - 도둑들",
  "summary": "외계+인과 도둑들은 같은 감독의 작품으로, 두 영화의 흥행 성적이 서로 비교되고 있다."
}
```   ✅ 저장 완료

[117/535] 🔗 민개인 (MOVIE_CHARACTER) → 무륵 (MOVIE_CHARACTER)
```json
{
  "entity": "민개인 - 무륵",
  "summary": "민개인과 무륵은 서로 연관된 인물들이다. 민개인이 챙겨온 부채를 보고 무륵이 원기를 되찾게 되는데, 이는 두 인물 사이의 중요한 연결고리를 보여준다."
}
```   ✅ 저장 완료

[118/535] 🔗 광녀 (MOVIE_CHARACTER) → 고니 (MOVIE_CHARACTER)
```json
{
  "entity": "광녀 - 고니",
  "summary": "광녀와 고니는 영화 타짜에서 서로 대결 구도를 형성하는 인물들이다."
}
```   ✅ 저장 완료

[119/535] 🔗 짝귀 (MOVIE_CHARACTER) → 고니 (MOVIE_CHARACTER)
```json
{
  "entity": "짝귀 - 고니",
  "summary": "짝귀와 고니는 사제 관계로, 고니는 짝귀에게 도박 기술을 배운다. 짝귀는 고니의 도박 스승 역할을 한다."
}
```   ✅ 저장 완료

[120/535] 🔗 타짜 (MOVIE) → 도둑들 (MOVIE)
```json
{
  "entity": "타짜 - 도둑들",
  "summary": "타짜와 도둑들은 최동훈 감독이 연출한 케이퍼 무비 3부작에 속하는 영화들이다. 두 작품은 같은 감독의 범죄 장르 시리즈로서 연결되어 있다."
}
```   ✅ 저장 완료

[121/535] 🔗 최덕문 (ACTOR) → 도둑들 (MOVIE)
```json
{
  "entity": "최덕문 - 도둑들",
  "summary": "최덕문은 영화 도둑들에 출연한 배우이다. 그는 이 영화에서 김수현과 키스신을 촬영하였다."
}
```   ✅ 저장 완료

[122/535] 🔗 외계+인 (MOVIE) → 가드 (MOVIE_CHARACTER)
```json
{
  "entity": "외계+인 - 가드",
  "summary": "가드는 영화 외계+인의 주요 히어로 캐릭터로, 현대 시점에 등장하는 인물이다. 그는 신검의 주인으로 등장하며, 죄수들을 처리하는 역할을 담당한다."
}
```   ✅ 저장 완료

[123/535] 🔗 기정 (MOVIE_CHARACTER) → 기생충 (MOVIE)
```json
{
  "entity": "기정 - 기생충",
  "summary": "기정은 영화 기생충의 주요 등장인물이다."
}
```   ✅ 저장 완료

[124/535] 🔗 월광보합 (MOVIE) → 서유쌍기 (MOVIE)
```json
{
  "entity": "월광보합 - 서유쌍기",
  "summary": "월광보합은 서유쌍기 시리즈의 첫 번째 작품이다."
}
```   ✅ 저장 완료

[125/535] 🔗 김정남 (ACTOR) → 고광렬 (MOVIE_CHARACTER)
```json
{
  "entity": "김정남 - 고광렬",
  "summary": "김정남과 고광렬은 영화 타짜에서 러브라인을 연기한 배우들이다."
}
```   ✅ 저장 완료

[126/535] 🔗 쥴리 (MOVIE_CHARACTER) → 도둑들 (MOVIE)
```json
{
  "entity": "쥴리 - 도둑들",
  "summary": "쥴리는 영화 도둑들에 등장하는 캐릭터이다."
}
```   ✅ 저장 완료

[127/535] 🔗 이하늬 (ACTOR) → 외계+인 (MOVIE)
```json
{
  "entity": "이하늬 - 외계+인",
  "summary": "이하늬는 영화 외계+인에 출연한 배우이다. 그녀는 이 영화에서 고려시대에서 총을 쏘는 캐릭터를 연기했다."
}
```   ✅ 저장 완료

[128/535] 🔗 밀본 (MOVIE_CHARACTER) → 개똥이 (MOVIE_CHARACTER)
```json
{
  "entity": "밀본 - 개똥이",
  "summary": "밀본과 개똥이는 적대적 관계에 있으며, 밀본이 개똥이를 습격하고 납치하는 사건이 발생한다."
}
```   ✅ 저장 완료

[129/535] 🔗 정인기 (ACTOR) → 외계+인 (MOVIE)
```json
{
  "entity": "정인기 - 외계+인",
  "summary": "정인기는 영화 외계+인에서 영화감독 역을 맡아 출연한 배우이다."
}
```   ✅ 저장 완료

[130/535] 🔗 전우치 (MOVIE) → 박찬호 (MOVIE_STAFF)
```json
{
  "entity": "전우치 - 박찬호",
  "summary": "박찬호 감독은 영화 전우치의 결말에 대해 의견을 제시하여 작품에 영향을 주었다."
}
```   ✅ 저장 완료

[131/535] 🔗 재미 (MOVIE_CHARACTER) → 김선생 (MOVIE_CHARACTER)
```json
{
  "entity": "재미 - 김선생",
  "summary": "재미는 김선생이 모은 5명의 사기꾼 팀 중 한 명이다. 김선생은 사기꾼 팀을 구성한 인물로, 재미는 그 팀의 일원으로 활동한다."
}
```   ✅ 저장 완료

[132/535] 🔗 범죄의 재구성 (MOVIE) → 김윤석 (ACTOR)
```json
{
  "entity": "범죄의 재구성 - 김윤석",
  "summary": "김윤석은 영화 범죄의 재구성에서 형사 역할로 출연했다."
}
```   ✅ 저장 완료

[133/535] 🔗 아비 (MOVIE_CHARACTER) → 도둑들 (MOVIE)
```json
{
  "entity": "아비 - 도둑들",
  "summary": "아비는 영화 도둑들에 등장하는 캐릭터이다."
}
```   ✅ 저장 완료

[134/535] 🔗 크리스토퍼 놀란 (MOVIE_STAFF) → 메멘토 (MOVIE)
```json
{
  "entity": "크리스토퍼 놀란 - 메멘토",
  "summary": "크리스토퍼 놀란은 영화 메멘토를 연출한 감독이다."
}
```   ✅ 저장 완료

[135/535] 🔗 추상옥 (MOVIE_CHARACTER) → 강인국 (MOVIE_CHARACTER)
```json
{
  "entity": "추상옥 - 강인국",
  "summary": "추상옥(속사포)은 강인국에게 접근하여 작전을 수행하는 인물이다. 두 사람은 작전 수행 과정에서 연결되어 있다."
}
```   ✅ 저장 완료

[136/535] 🔗 십던검 오차름 (MOVIE_CHARACTER) → 도둑들 (MOVIE)
```json
{
  "entity": "십던검 오차름 - 도둑들",
  "summary": "십던검 오차름은 영화 도둑들에 등장하는 인물이다."
}
```   ✅ 저장 완료

[137/535] 🔗 해수 (MOVIE_CHARACTER) → 도둑들 (MOVIE)
```json
{
  "entity": "해수 - 도둑들",
  "summary": "해수는 영화 도둑들의 등장인물로, 계단 신에서 중요한 장면을 연기했다."
}
```   ✅ 저장 완료

[138/535] 🔗 외계+인 (MOVIE) → 소지섭 (ACTOR)
```json
{
  "entity": "외계+인 - 소지섭",
  "summary": "소지섭은 영화 외계+인에 출연한 배우로, 철 개자인 역할을 맡았다."
}
```   ✅ 저장 완료

[139/535] 🔗 외계+인 (MOVIE) → 암살 (MOVIE)
```json
{
  "entity": "외계+인 - 암살",
  "summary": "외계+인과 암살은 같은 감독의 작품으로, 두 영화의 흥행 성적이 서로 비교되고 있다."
}
```   ✅ 저장 완료

[140/535] 🔗 다솜 (MOVIE_CHARACTER) → 기생충 (MOVIE)
```json
{
  "entity": "다솜 - 기생충",
  "summary": "다솜은 영화 기생충에 등장하는 부잣집 인물이다."
}
```   ✅ 저장 완료

[141/535] 🔗 외계+인 (MOVIE) → 가든 (MOVIE_CHARACTER)
```json
{
  "entity": "외계+인 - 가든",
  "summary": "가든은 영화 외계+인에 등장하는 인물이다."
}
```   ✅ 저장 완료

[142/535] 🔗 외계+인 (MOVIE) → 어벤져스 (MOVIE)
```json
{
  "entity": "외계+인 - 어벤져스",
  "summary": "외계+인은 제작 과정에서 어벤져스를 참고했다고 언급된 바 있다. 두 작품 사이에는 일정한 영향 관계가 있는 것으로 알려져 있다."
}
```   ✅ 저장 완료

[143/535] 🔗 위치 (MOVIE_CHARACTER) → 외계+인 (MOVIE)
```json
{
  "entity": "위치 - 외계+인",
  "summary": "위치는 영화 외계+인에 등장하는 캐릭터이다."
}
```   ✅ 저장 완료

[144/535] 🔗 범죄의 재구성 (MOVIE) → 백도빈 (ACTOR)
```json
{
  "entity": "범죄의 재구성 - 백도빈",
  "summary": "백도빈은 영화 범죄의 재구성을 통해 영화계에 데뷔한 배우이다."
}
```   ✅ 저장 완료

[145/535] 🔗 전우치 (MOVIE) → 선우치 (MOVIE_CHARACTER)
```json
{
  "entity": "전우치 - 선우치",
  "summary": "선우치는 영화 전우치의 주인공이다."
}
```   ✅ 저장 완료

[146/535] 🔗 외계+인 (MOVIE) → 송영창 (ACTOR)
```json
{
  "entity": "외계+인 - 송영창",
  "summary": "송영창은 영화 외계+인에서 신선 역을 맡아 출연했다."
}
```   ✅ 저장 완료

[147/535] 🔗 유해진 (ACTOR) → 송영창 (ACTOR)
```json
{
  "entity": "유해진 - 송영창",
  "summary": "유해진이 부상을 당하면서 송영창이 벽에 낑기는 장면을 대신 연기하게 되었다. 두 배우는 촬영 과정에서 서로 협력하는 관계를 보여주었다."
}
```   ✅ 저장 완료

[148/535] 🔗 전우치 (MOVIE) → B Man (REVIEWER)
```json
{
  "entity": "전우치 - B Man",
  "summary": "B Man(센터장)은 영화 전우치의 감독 의도와 비하인드 스토리를 분석하여 리뷰를 진행했다."
}
```   ✅ 저장 완료

[149/535] 🔗 충재 (MOVIE_CHARACTER) → 고니 (MOVIE_CHARACTER)
```json
{
  "entity": "충재 - 고니",
  "summary": "충재와 고니는 서로 아는 사이로, 고니는 충재를 '충재 형'이라고 부르는 관계이다."
}
```   ✅ 저장 완료

[150/535] 🔗 고니 (MOVIE_CHARACTER) → 고광렬 (MOVIE_CHARACTER)
```json
{
  "entity": "고니 - 고광렬",
  "summary": "고니와 고광렬은 도박판에서 처음 만나 함께 활동하는 동료 관계이다. 두 사람은 도박판에서 함께 게임을 하며, 고광렬은 고니의 부탁으로 그의 가족에게 돈을 전달하고 고니의 근황을 거짓으로 전하는 역할을 맡기도 한다. 이들은 영화 화란에서 함께 등장하는 인물들이다."
}
```   ✅ 저장 완료

[151/535] 🔗 쥴리 (MOVIE_CHARACTER) → 마카오박 (MOVIE_CHARACTER)
```json
{
  "entity": "쥴리 - 마카오박",
  "summary": "쥴리는 마카오박을 추적하는 인물로, 두 사람은 추적자와 피추적자의 관계에 있다."
}
```   ✅ 저장 완료

[152/535] 🔗 해리포터 (MOVIE) → 외계+인 (MOVIE)
```json
{
  "entity": "해리포터 - 외계+인",
  "summary": "해리포터와 외계+인은 판타지 장르의 특성을 비교하는 맥락에서 함께 언급되는 작품들이다."
}
```   ✅ 저장 완료

[153/535] 🔗 전우치 (MOVIE) → 가드 (MOVIE_CHARACTER)
```json
{
  "entity": "전우치 - 가드",
  "summary": "가드는 영화 전우치의 연장선상에 있는 판타지적 세계관에 속한 캐릭터이다."
}
```   ✅ 저장 완료

[154/535] 🔗 외계+인 (MOVIE) → 김태리 (ACTOR)
```json
{
  "entity": "외계+인 - 김태리",
  "summary": "김태리는 영화 외계+인에 출연한 배우이다."
}
```   ✅ 저장 완료

[155/535] 🔗 큐브릭 (MOVIE_STAFF) → 샤이닝 (MOVIE)
```json
{
  "entity": "큐브릭 - 샤이닝",
  "summary": "큐브릭은 영화 샤이닝을 연출한 감독이다."
}
```   ✅ 저장 완료

[156/535] 🔗 외계인 2부 (MOVIE) → 무륵 (MOVIE_CHARACTER)
```json
{
  "entity": "외계인 2부 - 무륵",
  "summary": "무륵은 외계인 2부의 주인공이자 주요 캐릭터로, 새로운 검을 사용하여 전투하는 인물이다."
}
```   ✅ 저장 완료

[157/535] 🔗 외계+인 (MOVIE) → 로이 오비슨 (MOVIE_STAFF)
```json
{
  "entity": "외계+인 - 로이 오비슨",
  "summary": "로이 오비슨의 곡 'In Dreams'가 영화 외계+인에서 사용되었다."
}
```   ✅ 저장 완료

[158/535] 🔗 우왕 (MOVIE_CHARACTER) → 무륵 (MOVIE_CHARACTER)
```json
{
  "entity": "우왕 - 무륵",
  "summary": "우왕과 무륵은 전우치와 촬영이처럼 티키타카를 만들어내는 관계이다. 우왕은 무륵에게 작별 인사를 하는 장면이 있다."
}
```   ✅ 저장 완료

[159/535] 🔗 최동훈 (MOVIE_STAFF) → 도둑들 (MOVIE)
```json
{
  "entity": "최동훈 - 도둑들",
  "summary": "최동훈은 영화 도둑들의 감독이자 시나리오 작가이다. 그는 도둑들을 연출하여 천만 관객을 달성하는 성과를 거두었다. 촬영은 홍콩, 마카오, 부산 등 다양한 지역에서 진행되었으며, 최동훈 감독은 플래시백 구성과 대사 작성 등 연출 전반을 담당했다."
}
```   ✅ 저장 완료

[160/535] 🔗 함대길 (MOVIE_CHARACTER) → 아귀 (MOVIE_CHARACTER)
```json
{
  "entity": "함대길 - 아귀",
  "summary": "함대길과 아귀는 같은 도박판에서 대결하는 관계이다. 아귀는 대길의 눈빛을 보며 누군가를 연상하는 모습을 보인다."
}
```   ✅ 저장 완료

[161/535] 🔗 웨이홍 (MOVIE_CHARACTER) → 기국서 (ACTOR)
```json
{
  "entity": "웨이홍 - 기국서",
  "summary": "기국서는 웨이홍 역을 연기한 배우이다."
}
```   ✅ 저장 완료

[162/535] 🔗 뽀빠이 (MOVIE_CHARACTER) → 도둑들 (MOVIE)
```json
{
  "entity": "뽀빠이 - 도둑들",
  "summary": "뽀빠이는 영화 도둑들의 주요 등장인물이다. 작품 내에서 계단 신에서 배신을 표현하는 장면이 있는 캐릭터이다."
}
```   ✅ 저장 완료

[163/535] 🔗 외계+인 (MOVIE) → 김우빈 (ACTOR)
```json
{
  "entity": "외계+인 - 김우빈",
  "summary": "김우빈은 영화 외계+인에 출연한 배우로, 작품에서 1인 다역을 소화하며 연기력을 선보였다."
}
```   ✅ 저장 완료

[164/535] 🔗 전우치 (MOVIE) → 외계+인 (MOVIE)
```json
{
  "entity": "전우치 - 외계+인",
  "summary": "전우치와 외계+인은 밀접한 연관성을 가진 두 작품이다. 외계+인은 전우치의 확장판으로, 전우치의 요소를 합치고 오마주를 포함하며 도사와 도술의 요소를 계승했다. 두 영화 모두 과거와 현재를 오가는 시간여행 컨셉을 다루고 있으며, 전우치는 외계+인의 주인공 캐릭터로 등장하여 시간여행을 하는 주요 인물로 활약한다. 외계+인은 전우치를 더 큰 세계관으로 확장시킨 작품으로 여러 측면에서 유사성을 보여준다."
}
```   ✅ 저장 완료

[165/535] 🔗 지존보 (MOVIE_CHARACTER) → 무륵 (MOVIE_CHARACTER)
```json
{
  "entity": "지존보 - 무륵",
  "summary": "무륵은 지존보의 영향을 받은 캐릭터로, 정체성에 대한 고민과 코미디와 진지함을 오가는 캐릭터적 특성이 지존보로부터 영향을 받았다."
}
```   ✅ 저장 완료

[166/535] 🔗 타짜 (MOVIE) → 고광렬 (MOVIE_CHARACTER)
```json
{
  "entity": "타짜 - 고광렬",
  "summary": "고광렬은 영화 타짜에 등장하는 캐릭터이다."
}
```   ✅ 저장 완료

[167/535] 🔗 이정재 (ACTOR) → 염석진 (MOVIE_CHARACTER)
```json
{
  "entity": "이정재 - 염석진",
  "summary": "이정재는 염석진 역을 연기한 배우로, 어린 염석진 역까지 소화하며 캐릭터의 다양한 시기를 표현했다."
}
```   ✅ 저장 완료

[168/535] 🔗 혜진이 형 (MOVIE_CHARACTER) → 외계+인 (MOVIE)
```json
{
  "entity": "혜진이 형 - 외계+인",
  "summary": "혜진이 형은 영화 외계+인에 등장하는 캐릭터이다."
}
```   ✅ 저장 완료

[169/535] 🔗 최동훈 (MOVIE_STAFF) → 이대로 (ACTOR)
```json
{
  "entity": "최동훈 - 이대로",
  "summary": "최동훈 감독은 김수현 감독의 영화 만추에서 이대로의 연기를 보고 감명을 받아 함께 작업하고 싶어했다."
}
```   ✅ 저장 완료

[170/535] 🔗 전우치 (MOVIE) → 송영창 (ACTOR)
```json
{
  "entity": "전우치 - 송영창",
  "summary": "송영창은 영화 전우치에 출연한 배우이다. 그는 작품에서 애드리브 연기와 즉흥 연기를 선보였으며, 벽에 낑기는 장면을 연기하는 등 다양한 연기를 펼쳤다."
}
```   ✅ 저장 완료

[171/535] 🔗 전우치 (MOVIE) → 썬더 (MOVIE_CHARACTER)
```json
{
  "entity": "전우치 - 썬더",
  "summary": "썬더는 전우치의 연장선상에 있는 판타지적 세계관에 속한 캐릭터이다."
}
```   ✅ 저장 완료

[172/535] 🔗 좌왕 (MOVIE_CHARACTER) → 무륵 (MOVIE_CHARACTER)
```json
{
  "entity": "좌왕 - 무륵",
  "summary": "좌왕은 무륵에게 작별 인사를 하는 관계이다."
}
```   ✅ 저장 완료

[173/535] 🔗 안옥윤 (MOVIE_CHARACTER) → 남자현 (MOVIE_CHARACTER)
```json
{
  "entity": "안옥윤 - 남자현",
  "summary": "남자현 여사는 안옥윤 캐릭터의 실제 모티브가 된 인물이다. 안옥윤은 남자현 여사를 바탕으로 창작된 캐릭터이다."
}
```   ✅ 저장 완료

[174/535] 🔗 황덕삼 (MOVIE_CHARACTER) → 암살 (MOVIE)
```json
{
  "entity": "황덕삼 - 암살",
  "summary": "황덕삼은 영화 암살의 등장인물로, 암살 작전을 위해 차출된 대원이다. 그는 저격수로서 암살 작전에 참여한다."
}
```   ✅ 저장 완료

[175/535] 🔗 전우치 (MOVIE) → 우도봉 (MOVIE_CHARACTER)
```json
{
  "entity": "전우치 - 우도봉",
  "summary": "우도봉은 영화 전우치에 등장하는 도사 캐릭터이다."
}
```   ✅ 저장 완료

[176/535] 🔗 우사장 (MOVIE_CHARACTER) → 아귀 (MOVIE_CHARACTER)
```json
{
  "entity": "우사장 - 아귀",
  "summary": "우사장과 아귀는 같은 도박 게임에 참가하며 대화를 나누는 관계이다."
}
```   ✅ 저장 완료

[177/535] 🔗 무석 (MOVIE_CHARACTER) → 고니 (MOVIE_CHARACTER)
```json
{
  "entity": "무석 - 고니",
  "summary": "고니는 무석을 자신의 편으로 회유하는 관계이다."
}
```   ✅ 저장 완료

[178/535] 🔗 도둑들 (MOVIE) → 기국서 (ACTOR)
```json
{
  "entity": "도둑들 - 기국서",
  "summary": "기국서는 영화 도둑들에서 웨이홍 역으로 출연한 배우이다."
}
```   ✅ 저장 완료

[179/535] 🔗 해수 (MOVIE_CHARACTER) → 뽀빠이 (MOVIE_CHARACTER)
```json
{
  "entity": "해수 - 뽀빠이",
  "summary": "해수와 뽀빠이는 영화 도둑들에 등장하는 인물들로, 같은 계단 신에서 서로 다른 감정을 표현하는 장면이 있다."
}
```   ✅ 저장 완료

[180/535] 🔗 아이언맨 (MOVIE_CHARACTER) → 가드 (MOVIE_CHARACTER)
```json
{
  "entity": "아이언맨 - 가드",
  "summary": "가드는 아이언맨과 직접적으로 비교되는 캐릭터로, 아이언맨에 비해 열화된 완성도를 보여준다는 평가를 받는다."
}
```   ✅ 저장 완료

[181/535] 🔗 다솜 (MOVIE_CHARACTER) → 기정 (MOVIE_CHARACTER)
```json
{
  "entity": "다솜 - 기정",
  "summary": "기정은 다솜의 마음속 블랙박스를 열어보겠다고 말하며 다솜과 관계를 맺는 인물이다. 두 사람은 서로 연결된 관계를 형성한다."
}
```   ✅ 저장 완료

[182/535] 🔗 아이언맨 (MOVIE_CHARACTER) → 로버트 다우니 주니어 (ACTOR)
```json
{
  "entity": "아이언맨 - 로버트 다우니 주니어",
  "summary": "로버트 다우니 주니어는 아이언맨 역을 연기한 배우이다."
}
```   ✅ 저장 완료

[183/535] 🔗 이정재 (ACTOR) → 암살 (MOVIE)
```json
{
  "entity": "이정재 - 암살",
  "summary": "이정재는 영화 암살에서 염석진 역으로 출연했다. 그는 이 역할을 위해 15kg을 감량하며 열연을 펼쳤다."
}
```   ✅ 저장 완료

[184/535] 🔗 김우빈 (ACTOR) → 가드 (MOVIE_CHARACTER)
```json
{
  "entity": "김우빈 - 가드",
  "summary": "김우빈은 영화 외계+인 1부에서 가드 역을 연기했다."
}
```   ✅ 저장 완료

[185/535] 🔗 정인겸 (ACTOR) → 아가씨 (MOVIE)
```json
{
  "entity": "정인겸 - 아가씨",
  "summary": "정인겸은 영화 아가씨에서 일본인 역으로 출연한 배우이다."
}
```   ✅ 저장 완료

[186/535] 🔗 함대길 (MOVIE_CHARACTER) → 대표 (MOVIE_CHARACTER)
```json
{
  "entity": "함대길 - 대표",
  "summary": "대표는 함대길에게 기회를 주는 인물이며, 함대길은 대표에게 인정받게 된다. 두 사람은 기회를 주고 인정을 받는 관계를 형성한다."
}
```   ✅ 저장 완료

[187/535] 🔗 장사장 (MOVIE_CHARACTER) → 아귀 (MOVIE_CHARACTER)
```json
{
  "entity": "장사장 - 아귀",
  "summary": "아귀는 장사장과 도박판에서 대결하는 관계이며, 아귀는 장사장에게 팔땡 패를 줬다고 언급한다."
}
```   ✅ 저장 완료

[188/535] 🔗 장물아비 (MOVIE_CHARACTER) → 도둑들 (MOVIE)
```json
{
  "entity": "장물아비 - 도둑들",
  "summary": "장물아비는 영화 도둑들의 등장인물이다."
}
```   ✅ 저장 완료

[189/535] 🔗 기주봉 (ACTOR) → 기국서 (ACTOR)
```json
{
  "entity": "기주봉 - 기국서",
  "summary": "기국서는 기주봉의 친형이다. 두 사람은 형제 관계이다."
}
```   ✅ 저장 완료

[190/535] 🔗 암살 (MOVIE) → B Man (REVIEWER)
```json
{
  "entity": "암살 - B Man",
  "summary": "B Man(센터장)은 영화 암살을 리뷰하는 인물이다."
}
```   ✅ 저장 완료

[191/535] 🔗 무사 (MOVIE) → 김성수 (MOVIE_STAFF)
```json
{
  "entity": "무사 - 김성수",
  "summary": "김성수는 영화 무사의 감독이다."
}
```   ✅ 저장 완료

[192/535] 🔗 정인기 (ACTOR) → 임상수 (MOVIE_STAFF)
```json
{
  "entity": "정인기 - 임상수",
  "summary": "정인기가 연기한 영화감독 캐릭터는 임상수 감독을 모티브로 만들어졌다. 임상수 감독은 정인기가 맡은 역할의 실제 모델이 된 인물이다."
}
```   ✅ 저장 완료

[193/535] 🔗 함대길 (MOVIE_CHARACTER) → 짜리 (MOVIE_CHARACTER)
```json
{
  "entity": "함대길 - 짜리",
  "summary": "짜리는 함대길의 고향 선배로, 서울에서 대길을 도박 하우스에 취업시켜 주었다. 처음에는 대길과 함께 도박을 했으나, 이후 장동식과 짜고 대길을 배신했다. 대길은 자신을 배신한 짜리를 찾아가 추궁하게 된다."
}
```   ✅ 저장 완료

[194/535] 🔗 이정재 (ACTOR) → 도둑들 (MOVIE)
```json
{
  "entity": "이정재 - 도둑들",
  "summary": "이정재는 영화 도둑들에 출연한 배우로, 작품에서 명대사를 남겼다. 또한 촬영 당시 본인의 차량이 영화 촬영에 사용되기도 했다."
}
```   ✅ 저장 완료

[195/535] 🔗 청원 (MOVIE_CHARACTER) → 무륵 (MOVIE_CHARACTER)
```json
{
  "entity": "청원 - 무륵",
  "summary": "청원은 무륵을 죽이자고 주장하는 인물로, 무륵과 적대적인 관계에 있다."
}
```   ✅ 저장 완료

[196/535] 🔗 썬더 (MOVIE_CHARACTER) → 김우빈 (ACTOR)
```json
{
  "entity": "썬더 - 김우빈",
  "summary": "김우빈은 영화 외계+인 2부에서 썬더 역을 연기했다."
}
```   ✅ 저장 완료

[197/535] 🔗 더 문 (MOVIE) → 김용화 (MOVIE_STAFF)
```json
{
  "entity": "더 문 - 김용화",
  "summary": "김용화 감독은 영화 더 문을 연출한 감독이다."
}
```   ✅ 저장 완료

[198/535] 🔗 이완용 (MOVIE_CHARACTER) → 암살 (MOVIE)
```json
{
  "entity": "이완용 - 암살",
  "summary": "이완용은 영화 암살에 등장하는 인물이다."
}
```   ✅ 저장 완료

[199/535] 🔗 허삼관 (MOVIE) → 하정우 (ACTOR)
```json
{
  "entity": "허삼관 - 하정우",
  "summary": "하정우는 영화 허삼관에 출연한 배우이다."
}
```   ✅ 저장 완료

[200/535] 🔗 암살 (MOVIE) → 가와구치 (MOVIE_CHARACTER)
```json
{
  "entity": "암살 - 가와구치",
  "summary": "가와구치는 영화 암살에서 언급되는 인물로, 간도참변 당시 일본군 지휘관이었다."
}
```   ✅ 저장 완료

[201/535] 🔗 함대길 (MOVIE_CHARACTER) → 백일은 (MOVIE_CHARACTER)
```json
{
  "entity": "함대길 - 백일은",
  "summary": "백일은은 함대길과 함께 일하는 동료로, 위기 상황에서 대길을 도와주는 인물이다."
}
```   ✅ 저장 완료

[202/535] 🔗 함대길 (MOVIE_CHARACTER) → 우사장 (MOVIE_CHARACTER)
```json
{
  "entity": "함대길 - 우사장",
  "summary": "함대길과 우사장은 연인 사이였다. 대길은 우사장에게 마음을 빼앗기고 화투를 가르쳐주며 그녀를 보호하려 했다. 대길은 우사장에게 라면을 끓여주며 취업에 성공했으며, 이후 우사장을 통해 동식의 위치를 추적하게 된다."
}
```   ✅ 저장 완료

[203/535] 🔗 함대길 (MOVIE_CHARACTER) → 고광렬 (MOVIE_CHARACTER)
```json
{
  "entity": "함대길 - 고광렬",
  "summary": "함대길과 고광렬은 도박을 통해 연결된 관계이다. 대길은 광렬이 팔을 잃게 된 사건과 관련된 과거가 있다. 대길은 광렬의 집에 머물며 도박 기술을 배웠고, 광렬은 대길의 실력을 테스트한 후 왼손으로 기술을 연마하라는 조언을 해주었다. 이후 대길은 광렬에게 동업을 제안하게 된다."
}
```   ✅ 저장 완료

[204/535] 🔗 타짜 (MOVIE) → 박철영 (MOVIE_CHARACTER)
```json
{
  "entity": "타짜 - 박철영",
  "summary": "박철영은 영화 타짜에 등장하는 인물로 추정된다."
}
```   ✅ 저장 완료

[205/535] 🔗 반장 (MOVIE_CHARACTER) → 도둑들 (MOVIE)
```json
{
  "entity": "반장 - 도둑들",
  "summary": "반장은 영화 도둑들의 등장인물이다."
}
```   ✅ 저장 완료

[206/535] 🔗 이정재 (ACTOR) → 김혜수 (ACTOR)
```json
{
  "entity": "이정재 - 김혜수",
  "summary": "김혜수와 이정재는 함께 연기한 배우들로, 김혜수는 촬영 중 이정재의 심각한 표정이 웃겨서 그의 얼굴을 보지 않고 연기했다는 에피소드가 있다."
}
```   ✅ 저장 완료

[207/535] 🔗 외계+인 (MOVIE) → 선도 (MOVIE_CHARACTER)
```json
{
  "entity": "외계+인 - 선도",
  "summary": "선도는 영화 외계+인의 등장인물이다."
}
```   ✅ 저장 완료

[208/535] 🔗 다이아 (MOVIE_CHARACTER) → 김혜수 (ACTOR)
```json
{
  "entity": "다이아 - 김혜수",
  "summary": "김혜수는 다이아 역을 연기한 배우이다."
}
```   ✅ 저장 완료

[209/535] 🔗 하와이 피스톨 (MOVIE_CHARACTER) → 영감 (MOVIE_CHARACTER)
```json
{
  "entity": "하와이 피스톨 - 영감",
  "summary": "하와이 피스톨과 영감은 함께 활동하는 캐릭터들이다."
}
```   ✅ 저장 완료

[210/535] 🔗 화담 (MOVIE_CHARACTER) → 선우치 (MOVIE_CHARACTER)
```json
{
  "entity": "화담 - 선우치",
  "summary": "화담은 선우치(전우치)와 대립하는 악역 캐릭터이다."
}
```   ✅ 저장 완료

[211/535] 🔗 타짜 (MOVIE) → 고니 (MOVIE_CHARACTER)
```json
{
  "entity": "타짜 - 고니",
  "summary": "고니는 영화 타짜 1편의 주인공이다."
}
```   ✅ 저장 완료

[212/535] 🔗 썬더 (MOVIE_CHARACTER) → 설계자 (MOVIE_CHARACTER)
```json
{
  "entity": "썬더 - 설계자",
  "summary": "썬더와 설계자는 함께 신검을 이용해 시공간을 넘나드는 인물들이다."
}
```   ✅ 저장 완료

[213/535] 🔗 흑설 (MOVIE_CHARACTER) → 무륵 (MOVIE_CHARACTER)
```json
{
  "entity": "흑설 - 무륵",
  "summary": "흑설은 무륵에 대해 두고 보자는 입장을 주장하는 인물로, 무륵과 관련하여 신중한 태도를 보인다."
}
```   ✅ 저장 완료

[214/535] 🔗 썬더 (MOVIE_CHARACTER) → 무륵 (MOVIE_CHARACTER)
```json
{
  "entity": "썬더 - 무륵",
  "summary": "썬더와 무륵은 함께 포탈을 통해 현대로 이동하는 인물들이다."
}
```   ✅ 저장 완료

[215/535] 🔗 외계+인 (MOVIE) → 삼식 (MOVIE_CHARACTER)
```json
{
  "entity": "외계+인 - 삼식",
  "summary": "삼식은 영화 외계+인 2부에 등장하는 빌런 캐릭터이다."
}
```   ✅ 저장 완료

[216/535] 🔗 추상옥 (MOVIE_CHARACTER) → 암살 (MOVIE)
```json
{
  "entity": "추상옥 - 암살",
  "summary": "추상옥(속사포)은 영화 암살의 주요 등장인물로, 암살 작전에 참여하는 대원으로 활동한다."
}
```   ✅ 저장 완료

[217/535] 🔗 우사장 (MOVIE_CHARACTER) → 서실장 (MOVIE_CHARACTER)
```json
{
  "entity": "우사장 - 서실장",
  "summary": "서실장은 우사장의 도박 하우스에서 메인 기사로 일하는 인물이다. 그는 우사장을 상대로 도박 작업을 진행하려는 계획을 가지고 있다."
}
```   ✅ 저장 완료

[218/535] 🔗 교수 (MOVIE_CHARACTER) → 고니 (MOVIE_CHARACTER)
```json
{
  "entity": "교수 - 고니",
  "summary": "고니는 교수와 도박을 하면서 과거 자신의 모습을 떠올리게 된다. 두 사람은 도박을 통해 연결되어 있으며, 고니에게 교수와의 도박은 자신의 옛 시절을 회상하게 만드는 계기가 된다."
}
```   ✅ 저장 완료

[219/535] 🔗 조사 무르 (MOVIE_CHARACTER) → 외계+인 (MOVIE)
```json
{
  "entity": "조사 무르 - 외계+인",
  "summary": "조사 무르는 영화 외계+인의 등장인물이다."
}
```   ✅ 저장 완료

[220/535] 🔗 이하늬 (ACTOR) → 김태리 (ACTOR)
```json
{
  "entity": "이하늬 - 김태리",
  "summary": "이하늬와 김태리는 동일한 캐릭터의 다른 시기를 연기한 배우들이다. 이하늬가 연기한 어린 시절의 캐릭터가 10년 후 성장하여 김태리가 연기하는 성인 캐릭터가 된다."
}
```   ✅ 저장 완료

[221/535] 🔗 오달수 (ACTOR) → 앤드류 (MOVIE_CHARACTER)
```json
{
  "entity": "오달수 - 앤드류",
  "summary": "오달수는 앤드류 역을 연기한 배우이다."
}
```   ✅ 저장 완료

[222/535] 🔗 류준열 (ACTOR) → 강동원 (ACTOR)
```json
{
  "entity": "류준열 - 강동원",
  "summary": "류준열이 연기한 무륵 캐릭터는 강동원이 연기한 전우치 캐릭터와 비교되며, 두 캐릭터 간의 차별화가 부족하다는 평가를 받고 있다."
}
```   ✅ 저장 완료

[223/535] 🔗 외계+인 (MOVIE) → 매트릭스 (MOVIE)
```json
{
  "entity": "외계+인 - 매트릭스",
  "summary": "외계+인은 영화 매트릭스와 레퍼런스 활용 측면에서 비교된 바 있다. 두 작품은 기존 작품들의 요소를 참조하고 활용하는 방식에서 유사점이 논의되었다."
}
```   ✅ 저장 완료

[224/535] 🔗 하와이 피스톨 (MOVIE_CHARACTER) → 안옥윤 (MOVIE_CHARACTER)
```json
{
  "entity": "하와이 피스톨 - 안옥윤",
  "summary": "하와이 피스톨과 안옥윤은 서로 계속 엮이는 관계로, 이들의 만남은 버킷리스트 실현을 암시하는 것으로 묘사된다."
}
```   ✅ 저장 완료

[225/535] 🔗 스티븐 스필버그 (MOVIE_STAFF) → 레이더스 (MOVIE)
```json
{
  "entity": "스티븐 스필버그 - 레이더스",
  "summary": "스티븐 스필버그는 영화 레이더스를 감독한 감독이다."
}
```   ✅ 저장 완료

[226/535] 🔗 전우치 (MOVIE) → 염정아 (ACTOR)
```json
{
  "entity": "전우치 - 염정아",
  "summary": "염정아는 영화 전우치에 특별출연하였으며, 원래 계획보다 출연 분량이 늘어났다."
}
```   ✅ 저장 완료

[227/535] 🔗 절름발이 (MOVIE_CHARACTER) → 설계자 (MOVIE_CHARACTER)
```json
{
  "entity": "절름발이 - 설계자",
  "summary": "설계자는 절름발이와 같은 외계인 후보들에게 신검을 꽂아 그들의 정체를 검증하는 역할을 수행한다. 절름발이는 설계자에 의해 외계인 여부를 확인받는 후보 중 한 명이다."
}
```   ✅ 저장 완료

[228/535] 🔗 데라우치 총독 (MOVIE_CHARACTER) → 강인국 (MOVIE_CHARACTER)
```json
{
  "entity": "데라우치 총독 - 강인국",
  "summary": "강인국은 데라우치 총독을 구해낸 인물로, 그에게 금으로 만든 명함을 바치며 충성을 표했다."
}
```   ✅ 저장 완료

[229/535] 🔗 안성심 (MOVIE_CHARACTER) → 강인국 (MOVIE_CHARACTER)
```json
{
  "entity": "안성심 - 강인국",
  "summary": "안성심과 강인국은 부부 관계로, 안성심은 강인국의 아내이다."
}
```   ✅ 저장 완료

[230/535] 🔗 하와이 피스톨 (MOVIE_CHARACTER) → 암살 (MOVIE)
```json
{
  "entity": "하와이 피스톨 - 암살",
  "summary": "하와이 피스톨은 영화 암살의 주요 등장인물로, 독립군 활동과 관련된 살인 청부업자 캐릭터이다."
}
```   ✅ 저장 완료

[231/535] 🔗 최동훈 (MOVIE_STAFF) → 꾼 (MOVIE)
```json
{
  "entity": "최동훈 - 꾼",
  "summary": "최동훈은 영화 꾼의 감독이다."
}
```   ✅ 저장 완료

[232/535] 🔗 함대길 (MOVIE_CHARACTER) → 곽철용 (MOVIE_CHARACTER)
```json
{
  "entity": "함대길 - 곽철용",
  "summary": "함대길과 곽철용은 함께 장동식을 찾아오는 인물들이다."
}
```   ✅ 저장 완료

[233/535] 🔗 세라 (MOVIE_CHARACTER) → 고광렬 (MOVIE_CHARACTER)
```json
{
  "entity": "세라 - 고광렬",
  "summary": "세라와 고광렬은 함께 데이트를 하는 연인 관계이다."
}
```   ✅ 저장 완료

[234/535] 🔗 씹던껌 (MOVIE_CHARACTER) → 도둑들 (MOVIE)
```json
{
  "entity": "씹던껌 - 도둑들",
  "summary": "씹던껌은 영화 도둑들의 주요 등장인물이다."
}
```   ✅ 저장 완료

[235/535] 🔗 월광보합 (MOVIE) → 외계+인 (MOVIE)
```json
{
  "entity": "월광보합 - 외계+인",
  "summary": "외계+인은 홍콩영화 월광보합을 오마주한 작품이다. 월광보합은 외계+인에 영향을 준 레퍼런스 작품으로 활용되었다."
}
```   ✅ 저장 완료

[236/535] 🔗 썬더 (MOVIE_CHARACTER) → 가드 (MOVIE_CHARACTER)
```json
{
  "entity": "썬더 - 가드",
  "summary": "썬더와 가드는 함께 시공간을 넘나들며 지구를 관리하고 외계인 죄수를 추적하는 AI 파트너이다. 썬더는 가드를 보좌하는 AI 프로그램으로서 가드의 보조 역할을 하며 함께 임무를 수행한다. 두 캐릭터는 긴급 메시지를 주고받으며 긴밀하게 연결되어 있다. 썬더가 아이를 데려오자고 가드를 설득하여 동의를 얻기도 했으며, 가드는 썬더에게 차를 돌리라고 설득하여 썬더가 그 의도를 이해하고 따르기도 한다. 썬더의 계획 수행 과정에서 가드가 희생하게 되며, 두 캐릭터는 함께 인간성의 중요성을 깨닫는 과정을 겪는다."
}
```   ✅ 저장 완료

[237/535] 🔗 전우치 (MOVIE_CHARACTER) → 무륵 (MOVIE_CHARACTER)
```json
{
  "entity": "전우치 - 무륵",
  "summary": "무륵은 전우치의 캐릭터와 직접적으로 비교되는 관계성을 가지며, 전우치의 캐릭터를 그대로 복붙했다는 지적을 받았다. 두 캐릭터 간의 유사성으로 인해 무륵의 독창성에 대한 비판이 제기되었다."
}
```   ✅ 저장 완료

[238/535] 🔗 정두홍 (MOVIE_STAFF) → 강동원 (ACTOR)
```json
{
  "entity": "정두홍 - 강동원",
  "summary": "정두홍은 강동원의 와이어 액션 동선에 깜짝 놀랐다. 이는 강동원의 액션 연기 실력이 인상적이었음을 보여준다."
}
```   ✅ 저장 완료

[239/535] 🔗 외계+인 (MOVIE) → 김지훈 (MOVIE_STAFF)
```json
{
  "entity": "외계+인 - 김지훈",
  "summary": "김지훈 감독은 영화 외계+인의 촬영 현장을 방문하여 제작진을 응원했다."
}
```   ✅ 저장 완료

[240/535] 🔗 외계+인 (MOVIE) → 나홍진 (MOVIE_STAFF)
```json
{
  "entity": "외계+인 - 나홍진",
  "summary": "나홍진은 영화 외계+인의 촬영 현장에 방문한 바 있다."
}
```   ✅ 저장 완료

[241/535] 🔗 함대길 (MOVIE_CHARACTER) → 유령 (MOVIE_CHARACTER)
```json
{
  "entity": "함대길 - 유령",
  "summary": "함대길은 유령과 도박 승부를 벌여 미나를 구출하는 인물이다."
}
```   ✅ 저장 완료

[242/535] 🔗 허광철 (MOVIE_CHARACTER) → 조아 (MOVIE_CHARACTER)
```json
{
  "entity": "허광철 - 조아",
  "summary": "조아는 허광철의 감방 동료였던 인물이다. 두 사람은 같은 감방에서 함께 수감 생활을 했던 관계이다."
}
```   ✅ 저장 완료

[243/535] 🔗 타짜 (MOVIE) → 박무석 (MOVIE_CHARACTER)
```json
{
  "entity": "타짜 - 박무석",
  "summary": "박무석은 영화 타짜에 등장하는 인물로, 작중에서 고니를 속이는 역할을 맡고 있다."
}
```   ✅ 저장 완료

[244/535] 🔗 타짜 신의 손 (MOVIE) → 타짜 (MOVIE)
```json
{
  "entity": "타짜 신의 손 - 타짜",
  "summary": "타짜 신의 손은 영화 타짜의 후속편으로 제작된 작품이다."
}
```   ✅ 저장 완료

[245/535] 🔗 잠파노 (MOVIE_CHARACTER) → 예니콜 (MOVIE_CHARACTER)
```json
{
  "entity": "잠파노 - 예니콜",
  "summary": "잠파노는 예니콜을 구하는 인물로, 그녀만 무사하면 만족하는 헌신적인 관계를 보여준다."
}
```   ✅ 저장 완료

[246/535] 🔗 조상경 (MOVIE_STAFF) → 외계+인 (MOVIE)
```json
{
  "entity": "조상경 - 외계+인",
  "summary": "조상경은 영화 외계+인의 의상감독으로, 작품의 의상 디자인을 담당하였다."
}
```   ✅ 저장 완료

[247/535] 🔗 설계자 (MOVIE_CHARACTER) → 가드 (MOVIE_CHARACTER)
```json
{
  "entity": "설계자 - 가드",
  "summary": "설계자와 가드는 대립 관계에 있으며, 설계자의 해방 시도로 인해 가드와 싸움이 벌어지게 된다."
}
```   ✅ 저장 완료

[248/535] 🔗 스파이더맨 (MOVIE) → 샘 레이미 (MOVIE_STAFF)
```json
{
  "entity": "스파이더맨 - 샘 레이미",
  "summary": "샘 레이미는 스파이더맨 시리즈를 감독한 영화감독이다."
}
```   ✅ 저장 완료

[249/535] 🔗 밀본 노파 (MOVIE_CHARACTER) → 무륵 (MOVIE_CHARACTER)
```json
{
  "entity": "밀본 노파 - 무륵",
  "summary": "무륵은 밀본 노파에게 사건의 내막을 물어보는 관계이다. 밀본 노파는 무륵이 사건의 진실을 파악하기 위해 찾아가 정보를 구하는 인물이다."
}
```   ✅ 저장 완료

[250/535] 🔗 암살 (MOVIE) → 곱추 (MOVIE_CHARACTER)
```json
{
  "entity": "암살 - 곱추",
  "summary": "곱추는 영화 암살에 등장하는 인물이다."
}
```   ✅ 저장 완료

[251/535] 🔗 영감 (MOVIE_CHARACTER) → 암살 (MOVIE)
```json
{
  "entity": "영감 - 암살",
  "summary": "영감은 영화 암살에 등장하는 독립군 캐릭터이다."
}
```   ✅ 저장 완료

[252/535] 🔗 전우치 (MOVIE_CHARACTER) → 과부 (MOVIE_CHARACTER)
```json
{
  "entity": "전우치 - 과부",
  "summary": "과부는 영화 전우치의 등장인물로, 작중에서 전우치에게 보쌈당하는 인물이다."
}
```   ✅ 저장 완료

[253/535] 🔗 초림 (MOVIE_CHARACTER) → 스승 (MOVIE_CHARACTER)
```json
{
  "entity": "초림 - 스승",
  "summary": "초림은 스승의 제자로, 스승과 사제 관계를 맺고 있다. 스승이 죽음을 맞이했을 때 초림은 깊은 슬픔을 느꼈다."
}
```   ✅ 저장 완료

[254/535] 🔗 화담 (MOVIE_CHARACTER) → 전우치 (MOVIE)
```json
{
  "entity": "화담 - 전우치",
  "summary": "화담은 영화 전우치에 등장하는 주요 악역 캐릭터이다. 화담과 전우치는 대결 구도를 이루는 관계로, 전우치는 화담을 찾고 있다. 화담은 피리를 불어 전우치를 괴롭히며, 두 사람은 최후의 전투에서 물과 불로 대결을 펼친다."
}
```   ✅ 저장 완료

[255/535] 🔗 타짜 (MOVIE) → 곽철용 (MOVIE_CHARACTER)
```json
{
  "entity": "타짜 - 곽철용",
  "summary": "곽철용은 영화 타짜에 등장하는 사업가 회장 캐릭터이다."
}
```   ✅ 저장 완료

[256/535] 🔗 쥴리 (MOVIE_CHARACTER) → 전지현 (ACTOR)
```json
{
  "entity": "쥴리 - 전지현",
  "summary": "쥴리는 전지현이 연기한 캐릭터이다."
}
```   ✅ 저장 완료

[257/535] 🔗 함대길 (MOVIE_CHARACTER) → 준백 (MOVIE_CHARACTER)
```json
{
  "entity": "함대길 - 준백",
  "summary": "함대길은 준백과 함께 오토바이를 타고 고향을 떠난 관계이다. 두 사람은 함께 고향을 벗어나는 여정을 시작했다."
}
```   ✅ 저장 완료

[258/535] 🔗 전도연 (ACTOR) → 약속 (MOVIE)
```json
{
  "entity": "전도연 - 약속",
  "summary": "전도연은 영화 약속에 출연하여 결혼 장면을 촬영하였다."
}
```   ✅ 저장 완료

[259/535] 🔗 전우치 (MOVIE) → 김인석 (ACTOR)
```json
{
  "entity": "전우치 - 김인석",
  "summary": "김인석은 영화 전우치에 출연한 배우로, 촬영 중 부채 타는 장면에서 화상을 입는 부상을 당했다."
}
```   ✅ 저장 완료

[260/535] 🔗 허광철 (MOVIE_CHARACTER) → 뺀치 (MOVIE_CHARACTER)
```json
{
  "entity": "허광철 - 뺀치",
  "summary": "뺀치는 허광철의 감방 동료였던 인물이다. 두 사람은 같은 감방에서 함께 수감 생활을 했던 관계이다."
}
```   ✅ 저장 완료

[261/535] 🔗 타짜 (MOVIE) → 오장군 (MOVIE_CHARACTER)
```json
{
  "entity": "타짜 - 오장군",
  "summary": "오장군은 영화 타짜에서 도박 상대로 등장하는 인물이다."
}
```   ✅ 저장 완료

[262/535] 🔗 전우치 (MOVIE) → 아바타 (MOVIE)
```json
{
  "entity": "전우치 - 아바타",
  "summary": "전우치와 아바타는 2009년 12월에 개봉한 경쟁 작품이었다. 아바타가 전우치보다 며칠 먼저 개봉하면서 두 영화는 CG 비교 대상이 되었다."
}
```   ✅ 저장 완료

[263/535] 🔗 외계+인 (MOVIE) → 안상수 (MOVIE_STAFF)
```json
{
  "entity": "외계+인 - 안상수",
  "summary": "안상수는 영화 외계+인에서 외계 문자를 디자인한 인물이다."
}
```   ✅ 저장 완료

[264/535] 🔗 스파이더맨 2 (MOVIE) → 샘 레이미 (MOVIE_STAFF)
```json
{
  "entity": "스파이더맨 2 - 샘 레이미",
  "summary": "샘 레이미는 영화 스파이더맨 2의 감독을 맡았다."
}
```   ✅ 저장 완료

[265/535] 🔗 흑설 (MOVIE_CHARACTER) → 청운 (MOVIE_CHARACTER)
```json
{
  "entity": "흑설 - 청운",
  "summary": "청운과 흑설은 영화 외계+인에서 함께 등장하는 도사 캐릭터들이다."
}
```   ✅ 저장 완료

[266/535] 🔗 조승우 (ACTOR) → 김원봉 (MOVIE_CHARACTER)
```json
{
  "entity": "조승우 - 김원봉",
  "summary": "조승우는 김원봉 역을 연기한 배우이다."
}
```   ✅ 저장 완료

[267/535] 🔗 암살 (MOVIE) → 미츠코 (MOVIE_CHARACTER)
```json
{
  "entity": "암살 - 미츠코",
  "summary": "미츠코는 영화 암살에 등장하는 쌍둥이 언니 캐릭터이다."
}
```   ✅ 저장 완료

[268/535] 🔗 전우치 (MOVIE) → 대감 (MOVIE_CHARACTER)
```json
{
  "entity": "전우치 - 대감",
  "summary": "대감은 영화 전우치에 등장하는 인물이다."
}
```   ✅ 저장 완료

[269/535] 🔗 화담 (MOVIE_CHARACTER) → 청권대사 (MOVIE_CHARACTER)
```json
{
  "entity": "화담 - 청권대사",
  "summary": "청권대사는 화담과 관련하여 반쪽 피리를 찾고 있는 인물이다. 두 사람은 반쪽 피리를 매개로 연결되어 있다."
}
```   ✅ 저장 완료

[270/535] 🔗 염정아 (ACTOR) → 꾼 (MOVIE)
```json
{
  "entity": "염정아 - 꾼",
  "summary": "염정아는 영화 꾼에서 사기 전과가 있는 캐릭터를 연기했다."
}
```   ✅ 저장 완료

[271/535] 🔗 타짜 (MOVIE) → 정마담 (MOVIE_CHARACTER)
```json
{
  "entity": "타짜 - 정마담",
  "summary": "정마담은 영화 타짜에 등장하는 인물이다."
}
```   ✅ 저장 완료

[272/535] 🔗 뽀시레기 (MOVIE_CHARACTER) → 김수현 (ACTOR)
```json
{
  "entity": "뽀시레기 - 김수현",
  "summary": "뽀시레기는 배우 김수현이 연기한 캐릭터이다."
}
```   ✅ 저장 완료

[273/535] 🔗 선도 (MOVIE_CHARACTER) → 가드 (MOVIE_CHARACTER)
```json
{
  "entity": "선도 - 가드",
  "summary": "선도와 가드는 함께 인간 아기를 현재로 데려와 키우는 관계이다."
}
```   ✅ 저장 완료

[274/535] 🔗 허민아 (MOVIE_CHARACTER) → 함대길 (MOVIE_CHARACTER)
```json
{
  "entity": "허민아 - 함대길",
  "summary": "함대길은 허민아를 좋아하며, 그녀에게 다시 만나러 오겠다고 약속한 관계이다."
}
```   ✅ 저장 완료

[275/535] 🔗 티파니 (MOVIE_CHARACTER) → 예수정 (ACTOR)
```json
{
  "entity": "티파니 - 예수정",
  "summary": "티파니는 배우 예수정이 연기한 캐릭터이다."
}
```   ✅ 저장 완료

[276/535] 🔗 아이언맨 (MOVIE_CHARACTER) → 어벤져스 (MOVIE)
```json
{
  "entity": "아이언맨 - 어벤져스",
  "summary": "아이언맨은 어벤져스 시리즈의 주요 히어로이자 중심 캐릭터이다."
}
```   ✅ 저장 완료

[277/535] 🔗 강시선생 (MOVIE) → 외계+인 (MOVIE)
```json
{
  "entity": "강시선생 - 외계+인",
  "summary": "영화 외계+인은 강시선생을 오마주한 작품이다. 외계+인은 강시선생에 대한 경의를 표하며 해당 작품의 요소들을 참조하였다."
}
```   ✅ 저장 완료

[278/535] 🔗 개똥이 (MOVIE_CHARACTER) → 이안 (MOVIE_CHARACTER)
```json
{
  "entity": "개똥이 - 이안",
  "summary": "이안은 란정에서 숨이 끊어져 가는 개똥이를 발견한 인물이다. 개똥이는 이안에 의해 위급한 상태에서 발견되었다."
}
```   ✅ 저장 완료

[279/535] 🔗 안성기 (ACTOR) → 최동훈 (MOVIE_STAFF)
```json
{
  "entity": "안성기 - 최동훈",
  "summary": "최동훈 감독은 안성기 배우를 매우 좋아하여 그에게 포스터 사용 허락을 받았다. 이는 최동훈 감독의 안성기 배우에 대한 존경과 애정을 보여주는 일화이다."
}
```   ✅ 저장 완료

[280/535] 🔗 뺀치 (MOVIE_CHARACTER) → 조아 (MOVIE_CHARACTER)
```json
{
  "entity": "뺀치 - 조아",
  "summary": "뺀치와 조아는 함께 작업하는 동료 관계이다."
}
```   ✅ 저장 완료

[281/535] 🔗 유성이 (MOVIE_STAFF) → 이아주 (MOVIE_STAFF)
```json
{
  "entity": "유성이 - 이아주",
  "summary": "유성이와 이아주는 영화 외계+인에서 의기투합하여 함께 미술을 담당했다."
}
```   ✅ 저장 완료

[282/535] 🔗 김대명 (ACTOR) → 썬더 (MOVIE_CHARACTER)
```json
{
  "entity": "김대명 - 썬더",
  "summary": "김대명은 썬더 역할을 연기한 배우이다."
}
```   ✅ 저장 완료

[283/535] 🔗 능파 (MOVIE_CHARACTER) → 절리 1리 (MOVIE_CHARACTER)
```json
{
  "entity": "능파 - 절리 1리",
  "summary": "절리 1리는 자신들의 능력 부족을 깨닫고 능파를 찾아가는 관계이다. 능파는 절리 1리가 도움을 구하는 대상으로, 절리 1리보다 뛰어난 능력을 가진 인물로 보인다."
}
```   ✅ 저장 완료

[284/535] 🔗 두 신선 (MOVIE_CHARACTER) → 무륵 (MOVIE_CHARACTER)
```json
{
  "entity": "두 신선 - 무륵",
  "summary": "두 신선은 무륵과 깊은 인연을 가진 존재들이다. 그들은 어릴 때 무륵을 살려준 적이 있으며, 이후 무륵을 쫓아다니며 그의 안에 있는 것을 확인하려 한다. 두 신선과 무륵은 신검을 차지하기 위해 함께 모이게 된다."
}
```   ✅ 저장 완료

[285/535] 🔗 강인국 (MOVIE_CHARACTER) → 안옥윤 (MOVIE_CHARACTER)
```json
{
  "entity": "강인국 - 안옥윤",
  "summary": "강인국은 안옥윤의 아버지이다. 안옥윤은 미츠코 행세를 하며 아버지 강인국의 집에 잠입했다."
}
```   ✅ 저장 완료

[286/535] 🔗 유해진 (ACTOR) → 최동훈 (MOVIE_STAFF)
```json
{
  "entity": "유해진 - 최동훈",
  "summary": "유해진은 최동훈 감독의 연출 아래 혹한의 야외 세트에서 연기했다."
}
```   ✅ 저장 완료

[287/535] 🔗 김해우 (ACTOR) → 암살 (MOVIE)
```json
{
  "entity": "김해우 - 암살",
  "summary": "김해우는 영화 암살에 출연한 배우이다."
}
```   ✅ 저장 완료

[288/535] 🔗 마카오박 (MOVIE_CHARACTER) → 씹던껌 (MOVIE_CHARACTER)
```json
{
  "entity": "마카오박 - 씹던껌",
  "summary": "씹던껌은 마카오박의 계획에 참여하는 인물이다. 두 사람은 함께 계획을 실행하는 협력 관계에 있다."
}
```   ✅ 저장 완료

[289/535] 🔗 김혜수 (ACTOR) → 도둑들 (MOVIE)
```json
{
  "entity": "김혜수 - 도둑들",
  "summary": "김혜수는 영화 도둑들에 출연한 배우로, 작품에서 카체이싱 장면을 촬영했다."
}
```   ✅ 저장 완료

[290/535] 🔗 외계+인 (MOVIE) → 키노트 (REVIEWER)
```json
{
  "entity": "외계+인 - 키노트",
  "summary": "키노트는 영화 외계+인을 리뷰하며 실망스럽다는 평가를 내렸다."
}
```   ✅ 저장 완료

[291/535] 🔗 청이 (MOVIE_CHARACTER) → 흑설 (MOVIE_CHARACTER)
```json
{
  "entity": "청이 - 흑설",
  "summary": "청이와 흑설은 함께 활동하는 캐릭터들이다."
}
```   ✅ 저장 완료

[292/535] 🔗 함대길 (MOVIE_CHARACTER) → 허미나 (MOVIE_CHARACTER)
```json
{
  "entity": "함대길 - 허미나",
  "summary": "허미나는 함대길의 첫사랑으로, 과거에 대길의 목숨을 살려준 인물이다. 대길은 미나를 구출하고 함께 지내게 되었으며, 두 사람은 도박판에서 협력 관계를 형성한다. 대길은 미나에게 신호를 주며 함께 작전을 수행하고, 결국 최종 게임의 승자가 되어 판돈을 차지하는 데 성공했다."
}
```   ✅ 저장 완료

[293/535] 🔗 전우치 (MOVIE) → 혜진 (MOVIE_CHARACTER)
```json
{
  "entity": "전우치 - 혜진",
  "summary": "혜진은 영화 전우치에 등장하는 캐릭터이다."
}
```   ✅ 저장 완료

[294/535] 🔗 서인경 (MOVIE_CHARACTER) → 외계+인 (MOVIE)
```json
{
  "entity": "서인경 - 외계+인",
  "summary": "서인경은 영화 외계+인에 등장하는 인물이다."
}
```   ✅ 저장 완료

[295/535] 🔗 괴물 (MOVIE) → 봉준호 (MOVIE_STAFF)
```json
{
  "entity": "괴물 - 봉준호",
  "summary": "봉준호는 영화 괴물을 감독한 감독이다."
}
```   ✅ 저장 완료

[296/535] 🔗 능파 (MOVIE_CHARACTER) → 외계인 2부 (MOVIE)
```json
{
  "entity": "능파 - 외계인 2부",
  "summary": "능파는 외계인 2부에 등장하는 캐릭터이다."
}
```   ✅ 저장 완료

[297/535] 🔗 더 문 (MOVIE) → 신과 함께 (MOVIE)
```json
{
  "entity": "더 문 - 신과 함께",
  "summary": "신과 함께의 흥행 성공은 더 문과 같은 SF 장르 영화에 도전할 수 있는 기반이 되었다. 신과 함께의 성과가 한국 영화계에서 SF 장르 제작에 대한 자신감과 투자 여건을 마련해 주었다."
}
```   ✅ 저장 완료

[298/535] 🔗 이씨 (MOVIE_CHARACTER) → 전우치 (MOVIE_CHARACTER)
```json
{
  "entity": "이씨 - 전우치",
  "summary": "이씨는 영화 전우치에 등장하는 신선 캐릭터로, 전우치를 그림에서 꺼내려 하는 인물이다."
}
```   ✅ 저장 완료

[299/535] 🔗 신선 3인조 (MOVIE_CHARACTER) → 요괴 (MOVIE_CHARACTER)
```json
{
  "entity": "신선 3인조 - 요괴",
  "summary": "신선 3인조의 실수로 인해 요괴들이 감옥에서 풀려나게 되었다. 이로 인해 신선 3인조와 요괴들 사이에 갈등 관계가 형성되었다."
}
```   ✅ 저장 완료

[300/535] 🔗 도둑들 (MOVIE) → 전지현 (ACTOR)
```json
{
  "entity": "도둑들 - 전지현",
  "summary": "전지현은 영화 도둑들에 출연한 배우로, 작품에서 와이어 액션을 포함한 다양한 액션 장면을 직접 수행했다. 특히 홍콩에서 촬영된 액션 장면을 소화했으며, 애드리브 연기도 선보였다."
}
```   ✅ 저장 완료

[301/535] 🔗 우사장 (MOVIE_CHARACTER) → 짜리 (MOVIE_CHARACTER)
```json
{
  "entity": "우사장 - 짜리",
  "summary": "짜리는 우사장에게 대길을 소개하고 그에 대한 보증을 섰다. 두 사람은 대길을 매개로 연결된 관계이다."
}
```   ✅ 저장 완료

[302/535] 🔗 허광철 (MOVIE_CHARACTER) → 허미나 (MOVIE_CHARACTER)
```json
{
  "entity": "허광철 - 허미나",
  "summary": "허광철은 허미나의 오빠이다. 미나는 빚에 시달리던 오빠 광철을 구하려고 노력했으나, 광철은 결국 미나를 위해 돈을 남기고 세상을 떠났다."
}
```   ✅ 저장 완료

[303/535] 🔗 도둑들 (MOVIE) → 최영환 (MOVIE_STAFF)
```json
{
  "entity": "도둑들 - 최영환",
  "summary": "최영환은 영화 도둑들의 촬영감독이다."
}
```   ✅ 저장 완료

[304/535] 🔗 전우치 (MOVIE) → 최영환 (MOVIE_STAFF)
```json
{
  "entity": "전우치 - 최영환",
  "summary": "최영환은 영화 전우치의 촬영감독이다."
}
```   ✅ 저장 완료

[305/535] 🔗 박찬욱 (MOVIE_STAFF) → 엉쭈니 (REVIEWER)
```json
{
  "entity": "박찬욱 - 엉쭈니",
  "summary": "엉쭈니는 박찬욱 감독의 영화가 천만 관객을 넘지 못한 이유에 대해 분석했다."
}
```   ✅ 저장 완료

[306/535] 🔗 썬더 (MOVIE_CHARACTER) → 이안 (MOVIE_CHARACTER)
```json
{
  "entity": "썬더 - 이안",
  "summary": "이안은 썬더와 감격의 재회를 한 후, 기능이 정지된 썬더를 등에 업고 함께 여정을 떠난다. 이안은 썬더를 통해 자신의 행동이 보고되고 있다는 사실을 알게 된다."
}
```   ✅ 저장 완료

[307/535] 🔗 설계자 (MOVIE_CHARACTER) → 외계+인 (MOVIE)
```json
{
  "entity": "설계자 - 외계+인",
  "summary": "설계자는 영화 외계+인의 빌런 캐릭터로, 특히 2부에서 주요 악역으로 등장한다. 그는 무룩과 공생관계에 있는 핵심 존재이며, 신검으로 외계인 후보를 검증하는 역할을 맡고 있다. 또한 해방의 대상이 되는 캐릭터이기도 하다. 다만 1부에서는 다른 죄수들과 시각적 차이가 부족하다는 지적을 받기도 했다."
}
```   ✅ 저장 완료

[308/535] 🔗 스승님 (MOVIE_CHARACTER) → 전우치 (MOVIE_CHARACTER)
```json
{
  "entity": "스승님 - 전우치",
  "summary": "전우치는 스승님의 제자이며, 스승님의 유언 덕분에 목숨을 구할 수 있었다. 두 사람은 사제 관계로 연결되어 있다."
}
```   ✅ 저장 완료

[309/535] 🔗 김실장 (MOVIE_CHARACTER) → 정마담 (MOVIE_CHARACTER)
```json
{
  "entity": "김실장 - 정마담",
  "summary": "정마담은 김실장을 미리 심어놓은 관계로, 김실장은 정마담에 의해 사전에 배치된 인물이다."
}
```   ✅ 저장 완료

[310/535] 🔗 주진모 (ACTOR) → 최동훈 (MOVIE_STAFF)
```json
{
  "entity": "주진모 - 최동훈",
  "summary": "주진모는 최동훈 감독의 최애 배우로, 최동훈 감독의 여러 작품에 출연하며 긴밀한 협업 관계를 유지해왔다."
}
```   ✅ 저장 완료

[311/535] 🔗 썬더 (MOVIE_CHARACTER) → 인간 아이 (MOVIE_CHARACTER)
```json
{
  "entity": "썬더 - 인간 아이",
  "summary": "인간 아이는 썬더의 존재를 의심하고 있다."
}
```   ✅ 저장 완료

[312/535] 🔗 마블 (MOVIE) → 아이언맨 (MOVIE)
```json
{
  "entity": "마블 - 아이언맨",
  "summary": "아이언맨은 마블 시네마틱 유니버스(MCU)의 첫 번째 영화로, 마블 시네마틱 유니버스의 시작을 알린 작품이다."
}
```   ✅ 저장 완료

[313/535] 🔗 강인국 (MOVIE_CHARACTER) → 염석진 (MOVIE_CHARACTER)
```json
{
  "entity": "강인국 - 염석진",
  "summary": "강인국은 22년 전 염석진을 죽이려 했던 인물이다. 두 사람 사이에는 과거의 살인 미수 사건으로 인한 깊은 악연이 존재한다."
}
```   ✅ 저장 완료

[314/535] 🔗 암살 (MOVIE) → 하정우 (ACTOR)
```json
{
  "entity": "암살 - 하정우",
  "summary": "하정우는 영화 암살에 출연한 배우이다."
}
```   ✅ 저장 완료

[315/535] 🔗 박수영 (ACTOR) → 타짜 (MOVIE)
```json
{
  "entity": "박수영 - 타짜",
  "summary": "박수영은 영화 타짜에서 고니삼촌 역을 연기한 배우이다."
}
```   ✅ 저장 완료

[316/535] 🔗 정마담 (MOVIE_CHARACTER) → 평경장 (MOVIE_CHARACTER)
```json
{
  "entity": "정마담 - 평경장",
  "summary": "정마담과 평경장은 함께 도박판에서 일하는 관계였다. 평경장은 정마담의 연락을 받고 부산으로 오게 되었으나, 결국 정마담이 평경장을 죽인 것으로 밝혀진다."
}
```   ✅ 저장 완료

[317/535] 🔗 도둑들 (MOVIE) → 임달화 (ACTOR)
```json
{
  "entity": "도둑들 - 임달화",
  "summary": "임달화는 영화 도둑들에 출연한 배우이다."
}
```   ✅ 저장 완료

[318/535] 🔗 함대길 (MOVIE_CHARACTER) → 허광철 (MOVIE_CHARACTER)
```json
{
  "entity": "함대길 - 허광철",
  "summary": "함대길과 허광철은 3대3 승부를 벌이는 관계이다. 광철은 대길과 미나가 돈으로 인해 악행에 휘말리지 않도록 돈을 뿌렸으며, 대길을 위해 몸을 던져 희생하는 등 대길을 향한 깊은 우정과 헌신을 보여주었다."
}
```   ✅ 저장 완료

[319/535] 🔗 최동훈 (MOVIE_STAFF) → 최영환 (MOVIE_STAFF)
```json
{
  "entity": "최동훈 - 최영환",
  "summary": "최동훈 감독과 최영환 촬영감독은 여러 작품을 함께하며 눈빛만 봐도 서로 원하는 것을 아는 호흡을 맞춰온 오랜 파트너 관계이다."
}
```   ✅ 저장 완료

[320/535] 🔗 우왕 (MOVIE_CHARACTER) → 좌왕 (MOVIE_CHARACTER)
```json
{
  "entity": "우왕 - 좌왕",
  "summary": "우왕과 좌왕은 똑같이 생긴 존재로, 썬더에 의해 만들어진 독립된 개체들이다. 이들은 함께 등장하는 캐릭터들이다."
}
```   ✅ 저장 완료

[321/535] 🔗 김원봉 (MOVIE_CHARACTER) → 염석진 (MOVIE_CHARACTER)
```json
{
  "entity": "김원봉 - 염석진",
  "summary": "김원봉은 염석진에게 저격수들을 데려오라고 지시하는 관계로, 김원봉이 염석진의 상관으로서 명령을 내리는 위치에 있다."
}
```   ✅ 저장 완료

[322/535] 🔗 권태훈 (ACTOR) → 타짜 (MOVIE)
```json
{
  "entity": "권태훈 - 타짜",
  "summary": "권태훈은 영화 타짜에 출연한 배우이다."
}
```   ✅ 저장 완료

[323/535] 🔗 선우선 (ACTOR) → 외계+인 (MOVIE)
```json
{
  "entity": "선우선 - 외계+인",
  "summary": "선우선은 영화 외계+인에 출연한 배우이다."
}
```   ✅ 저장 완료

[324/535] 🔗 김효진 (ACTOR) → 전우치 (MOVIE)
```json
{
  "entity": "김효진 - 전우치",
  "summary": "김효진은 영화 전우치에 특별출연한 배우이다."
}
```   ✅ 저장 완료

[325/535] 🔗 범죄의 재구성 (MOVIE) → 주진모 (ACTOR)
```json
{
  "entity": "범죄의 재구성 - 주진모",
  "summary": "주진모는 영화 범죄의 재구성에 출연한 배우이다."
}
```   ✅ 저장 완료

[326/535] 🔗 어벤져스 (MOVIE) → 최동훈 (MOVIE_STAFF)
```json
{
  "entity": "어벤져스 - 최동훈",
  "summary": "최동훈 감독은 어벤져스만큼 재미있는 영화를 만들고 싶다고 언급하며, 어벤져스를 자신의 영화 제작에 있어 목표로 삼고 있음을 밝혔다."
}
```   ✅ 저장 완료

[327/535] 🔗 외계+인 (MOVIE) → 이안 (MOVIE_CHARACTER)
```json
{
  "entity": "외계+인 - 이안",
  "summary": "이안은 영화 외계+인의 두 주인공 중 한 명으로, 현대편에 등장하는 주요 캐릭터이다. 그는 작품 내에서 최종보스 역할을 담당하는 중요한 인물이다."
}
```   ✅ 저장 완료

[328/535] 🔗 안성심 (MOVIE_CHARACTER) → 염석진 (MOVIE_CHARACTER)
```json
{
  "entity": "안성심 - 염석진",
  "summary": "안성심은 염석진을 숨겨서 빠져나가려고 시도하는 인물이다. 두 사람 사이에는 안성심이 석진을 보호하거나 도피시키려는 관계가 형성되어 있다."
}
```   ✅ 저장 완료

[329/535] 🔗 사사키 (MOVIE_CHARACTER) → 정인겸 (ACTOR)
```json
{
  "entity": "사사키 - 정인겸",
  "summary": "정인겸은 사사키 역을 연기한 배우이다."
}
```   ✅ 저장 완료

[330/535] 🔗 안옥윤 (MOVIE_CHARACTER) → 염석진 (MOVIE_CHARACTER)
```json
{
  "entity": "안옥윤 - 염석진",
  "summary": "안옥윤과 염석진은 복잡한 관계를 가진 인물들이다. 염석진은 안옥윤(안옥균)을 작전에 섭외하였으며, 석진은 옥윤을 미라보 여관에 내려주었다. 이후 안옥윤은 16년 전 임무를 수행하며 염석진에게 복수하게 된다."
}
```   ✅ 저장 완료

[331/535] 🔗 김해우 (ACTOR) → 장물아비 (MOVIE_CHARACTER)
```json
{
  "entity": "김해우 - 장물아비",
  "summary": "김해우는 장물아비 역을 연기한 배우이다."
}
```   ✅ 저장 완료

[332/535] 🔗 싸움의 기술 (MOVIE) → 장준영 (ACTOR)
```json
{
  "entity": "싸움의 기술 - 장준영",
  "summary": "장준영은 영화 싸움의 기술에 출연하여 인상 깊은 연기를 보여주었다."
}
```   ✅ 저장 완료

[333/535] 🔗 썬더 (MOVIE_CHARACTER) → 좌왕 (MOVIE_CHARACTER)
```json
{
  "entity": "썬더 - 좌왕",
  "summary": "좌왕은 썬더의 에너지원 역할을 했던 존재이다. 좌왕이 사라지자 썬더의 불이 들어오게 되는데, 이는 좌왕이 썬더의 작동에 핵심적인 역할을 담당하고 있었음을 보여준다."
}
```   ✅ 저장 완료

[334/535] 🔗 민개인 (MOVIE_CHARACTER) → 외계+인 (MOVIE)
```json
{
  "entity": "민개인 - 외계+인",
  "summary": "민개인은 영화 외계+인에 등장하는 캐릭터이다."
}
```   ✅ 저장 완료

[335/535] 🔗 이경복 (MOVIE_CHARACTER) → 최창혁 (MOVIE_CHARACTER)
```json
{
  "entity": "이경복 - 최창혁",
  "summary": "이경복(휘발유)과 최창혁은 교도소 동기 관계이다. 이경복은 최창혁과 김선생을 연결해주는 역할을 담당한다."
}
```   ✅ 저장 완료

[336/535] 🔗 허미나 (MOVIE_CHARACTER) → 홍마담 (MOVIE_CHARACTER)
```json
{
  "entity": "허미나 - 홍마담",
  "summary": "허미나는 홍마담에게 부자 행세를 하며 접근한 인물이다. 미나는 특정 목적을 위해 홍마담에게 자신의 신분을 속이고 다가갔다."
}
```   ✅ 저장 완료

[337/535] 🔗 주진모 (ACTOR) → 타짜 (MOVIE)
```json
{
  "entity": "주진모 - 타짜",
  "summary": "주진모는 영화 타짜에 출연한 배우이다."
}
```   ✅ 저장 완료

[338/535] 🔗 두 신선 (MOVIE_CHARACTER) → 비번 (MOVIE_CHARACTER)
```json
{
  "entity": "두 신선 - 비번",
  "summary": "두 신선과 비번은 신검을 차지하기 위해 함께 모이는 관계이다."
}
```   ✅ 저장 완료

[339/535] 🔗 암살 (MOVIE) → 정인겸 (ACTOR)
```json
{
  "entity": "암살 - 정인겸",
  "summary": "정인겸은 영화 암살에서 사사키 역으로 출연한 배우이다."
}
```   ✅ 저장 완료

[340/535] 🔗 김구 (MOVIE_CHARACTER) → 김원봉 (MOVIE_CHARACTER)
```json
{
  "entity": "김구 - 김원봉",
  "summary": "김구와 김원봉은 합작하는 관계로, 경성에서 합동 작전을 세우고 진행한다. 두 사람은 함께 암살 작전을 계획하고 이를 수행할 3명을 선발하는 등 긴밀하게 협력하는 관계이다."
}
```   ✅ 저장 완료

[341/535] 🔗 안옥윤 (MOVIE_CHARACTER) → 암살 (MOVIE)
```json
{
  "entity": "안옥윤 - 암살",
  "summary": "안옥윤은 영화 암살의 주인공 캐릭터로, 암살팀의 대장 역할을 맡고 있다. 그녀는 저격수로서 암살 작전에 참여하며, 영화의 시작과 끝을 담당하는 중요한 인물이다. 안옥윤은 암살 작전을 직접 수행하는 핵심 등장인물이다."
}
```   ✅ 저장 완료

[342/535] 🔗 광녀 (MOVIE_CHARACTER) → 타짜 (MOVIE)
```json
{
  "entity": "광녀 - 타짜",
  "summary": "광녀는 영화 타짜에 등장하는 캐릭터이다."
}
```   ✅ 저장 완료

[343/535] 🔗 고니 (MOVIE_CHARACTER) → 정마담 (MOVIE_CHARACTER)
```json
{
  "entity": "고니 - 정마담",
  "summary": "고니와 정마담은 도박 세계에서 밀접한 관계를 맺고 있다. 고니는 정마담을 찾아가 화려한 삶을 시작하며, 정마담의 도움을 받아 도박판에서 함께 활동한다. 고니는 정마담에게 관심을 가지며 애인과 스승 사이에서 갈등하기도 한다. 또한 고니는 평경장과 함께 정마담을 만나기도 했다. 정마담은 고니에 대한 그리움을 가지고 있으며, 그를 찾아와 일을 부탁하는 등 두 사람은 서로에게 중요한 존재이다."
}
```   ✅ 저장 완료

[344/535] 🔗 이정재 (ACTOR) → 팹시 (MOVIE_CHARACTER)
```json
{
  "entity": "이정재 - 팹시",
  "summary": "이정재는 팹시(펩시) 역을 연기한 배우이다."
}
```   ✅ 저장 완료

[345/535] 🔗 전우치 (MOVIE) → 최동훈 (MOVIE_STAFF)
```json
{
  "entity": "전우치 - 최동훈",
  "summary": "최동훈은 영화 전우치의 감독으로, 과거와 현재를 오가는 이야기를 선보였다. 그는 이 영화를 통해 세계관을 확장하고자 하는 의도를 가지고 연출에 임했다."
}
```   ✅ 저장 완료

[346/535] 🔗 서유쌍기 (MOVIE) → 지존보 (MOVIE_CHARACTER)
```json
{
  "entity": "서유쌍기 - 지존보",
  "summary": "지존보는 영화 서유쌍기의 주인공이다."
}
```   ✅ 저장 완료

[347/535] 🔗 전우치 (MOVIE) → 표훈대덕 (MOVIE_CHARACTER)
```json
{
  "entity": "전우치 - 표훈대덕",
  "summary": "표훈대덕은 영화 전우치에 등장하는 인물이다."
}
```   ✅ 저장 완료

[348/535] 🔗 뽀빠이 (MOVIE_CHARACTER) → 앤드류 (MOVIE_CHARACTER)
```json
{
  "entity": "뽀빠이 - 앤드류",
  "summary": "앤드류는 뽀빠이를 추적하는 인물이다. 두 사람 사이에는 추적자와 피추적자의 관계가 형성되어 있다."
}
```   ✅ 저장 완료

[349/535] 🔗 도둑들 (MOVIE) → 팹시 (MOVIE_CHARACTER)
```json
{
  "entity": "도둑들 - 팹시",
  "summary": "팹시는 영화 도둑들에 등장하는 캐릭터로, 금고를 따는 역할을 담당하는 인물이다."
}
```   ✅ 저장 완료

[350/535] 🔗 강동원 (ACTOR) → 전우치 (MOVIE_CHARACTER)
```json
{
  "entity": "강동원 - 전우치",
  "summary": "강동원은 영화 전우치의 주연 배우로 전우치 역을 연기했다. 그는 이 역할을 통해 한국형 히어로의 대표적 이미지를 만들어냈으며, 와이어 액션을 대역 없이 직접 소화하는 등 열정적인 연기를 선보였다."
}
```   ✅ 저장 완료

[351/535] 🔗 김태리 (ACTOR) → 이안 (MOVIE_CHARACTER)
```json
{
  "entity": "김태리 - 이안",
  "summary": "김태리는 성인 이안 역을 연기한 배우이다."
}
```   ✅ 저장 완료

[352/535] 🔗 서인경 (MOVIE_CHARACTER) → 임수정 (ACTOR)
```json
{
  "entity": "서인경 - 임수정",
  "summary": "임수정은 서인경 역을 연기한 배우이다."
}
```   ✅ 저장 완료

[353/535] 🔗 그림자 살인 (MOVIE) → 전우치 (MOVIE)
```json
{
  "entity": "그림자 살인 - 전우치",
  "summary": "그림자 살인과 전우치는 세트장을 공유한 영화들이다. 그림자 살인의 세트장이 전우치 촬영에 사용되었다."
}
```   ✅ 저장 완료

[354/535] 🔗 전우치 (MOVIE) → 표온 (MOVIE_CHARACTER)
```json
{
  "entity": "전우치 - 표온",
  "summary": "표온은 영화 전우치에 등장하는 새신선 캐릭터이다."
}
```   ✅ 저장 완료

[355/535] 🔗 곽철용 (MOVIE_CHARACTER) → 아귀 (MOVIE_CHARACTER)
```json
{
  "entity": "곽철용 - 아귀",
  "summary": "아귀는 곽철용의 장례식에 찾아올 정도로 그와 친한 사이였다. 두 사람은 깊은 친분 관계를 유지했던 것으로 보인다."
}
```   ✅ 저장 완료

[356/535] 🔗 범죄의 재구성 (MOVIE) → 손병욱 (ACTOR)
```json
{
  "entity": "범죄의 재구성 - 손병욱",
  "summary": "손병욱은 영화 범죄의 재구성에서 형사 역할로 출연한 배우이다."
}
```   ✅ 저장 완료

[357/535] 🔗 김대명 (ACTOR) → 더테러라이브 (MOVIE)
```json
{
  "entity": "김대명 - 더테러라이브",
  "summary": "김대명은 영화 더테러라이브에 목소리 출연으로 참여했다."
}
```   ✅ 저장 완료

[358/535] 🔗 다크나이트 트릴로지 (MOVIE) → 스파이더맨 (MOVIE)
```json
{
  "entity": "다크나이트 트릴로지 - 스파이더맨",
  "summary": "다크나이트 트릴로지와 스파이더맨 시리즈는 모두 슈퍼히어로 영화의 유치함을 벗어났다는 공통점을 가지고 있다. 두 시리즈는 기존 슈퍼히어로 장르의 틀을 깨고 보다 성숙하고 깊이 있는 이야기를 선보인 작품들로 평가받는다."
}
```   ✅ 저장 완료

[359/535] 🔗 반구성 (REVIEWER) → 외계인 2부 (MOVIE)
```json
{
  "entity": "반구성 - 외계인 2부",
  "summary": "반구성은 외계인 2부를 리뷰하고 있는 인물이다."
}
```   ✅ 저장 완료

[360/535] 🔗 강인국 (MOVIE_CHARACTER) → 이경영 (ACTOR)
```json
{
  "entity": "강인국 - 이경영",
  "summary": "이경영은 강인국 역을 연기한 배우이다."
}
```   ✅ 저장 완료

[361/535] 🔗 김구 (MOVIE_CHARACTER) → 염석진 (MOVIE_CHARACTER)
```json
{
  "entity": "김구 - 염석진",
  "summary": "김구는 염석진을 밀정으로 의심하고 있으며, 이를 확인하려 하고 있다. 그러나 김구는 염석진이 밀정이 아니길 바라는 복잡한 심경을 가지고 있다. 또한 김구는 염대장의 위치를 찾고 있는 상황이다."
}
```   ✅ 저장 완료

[362/535] 🔗 류준열 (ACTOR) → 외계+인 (MOVIE)
```json
{
  "entity": "류준열 - 외계+인",
  "summary": "류준열은 영화 외계+인에 출연한 배우이다."
}
```   ✅ 저장 완료

[363/535] 🔗 손오공 (MOVIE_CHARACTER) → 지존보 (MOVIE_CHARACTER)
```json
{
  "entity": "손오공 - 지존보",
  "summary": "지존보는 고민 끝에 손오공이 되기로 결심한 인물이다. 지존보와 손오공은 동일 인물로, 지존보가 손오공으로 변화하는 과정을 거친다."
}
```   ✅ 저장 완료

[364/535] 🔗 썬더 (MOVIE_CHARACTER) → 우왕 (MOVIE_CHARACTER)
```json
{
  "entity": "썬더 - 우왕",
  "summary": "우왕은 썬더가 나무꾼들과 고양이를 스캔하여 만들어낸 인간 형태의 개체이다. 썬더는 우왕을 창조한 존재로, 두 캐릭터는 창조자와 피조물의 관계에 있다."
}
```   ✅ 저장 완료

[365/535] 🔗 도둑들 (MOVIE) → 웨이홍 (MOVIE_CHARACTER)
```json
{
  "entity": "도둑들 - 웨이홍",
  "summary": "웨이홍은 영화 도둑들에 등장하는 캐릭터로, 장물아비 역할을 맡고 있는 인물이다."
}
```   ✅ 저장 완료

[366/535] 🔗 류준열 (ACTOR) → 무륵 (MOVIE_CHARACTER)
```json
{
  "entity": "류준열 - 무륵",
  "summary": "류준열은 영화 외계+인에서 무륵 역을 연기한 배우이다."
}
```   ✅ 저장 완료

[367/535] 🔗 우왕 (MOVIE_CHARACTER) → 이안 (MOVIE_CHARACTER)
```json
{
  "entity": "우왕 - 이안",
  "summary": "우왕은 이안에게 썬더의 위치를 알려주는 역할을 한다. 두 인물은 썬더와 관련된 정보를 공유하는 관계이다."
}
```   ✅ 저장 완료

[368/535] 🔗 설계자 (MOVIE_CHARACTER) → 이안 (MOVIE_CHARACTER)
```json
{
  "entity": "설계자 - 이안",
  "summary": "설계자는 이안의 몸 안에 자리잡으려 했으며, 이안이 설계자의 숙제였다는 반전이 존재한다. 이안은 슈트의 외계인 흡수 기능을 이용하여 설계자를 자신의 몸에서 떼어내는 데 성공한다."
}
```   ✅ 저장 완료

[369/535] 🔗 외계+인 (MOVIE) → 최동훈 (MOVIE_STAFF)
```json
{
  "entity": "외계+인 - 최동훈",
  "summary": "최동훈은 영화 외계+인을 연출한 감독이다. 이 작품은 최동훈 감독에게 첫 흥행 실패작이 되었다."
}
```   ✅ 저장 완료

[370/535] 🔗 암살 (MOVIE) → 카와구치 마무로 (MOVIE_CHARACTER)
```json
{
  "entity": "암살 - 카와구치 마무로",
  "summary": "카와구치 마무로는 영화 암살에서 척결 대상이자 암살 대상 중 한 명으로 등장하는 인물이다."
}
```   ✅ 저장 완료

[371/535] 🔗 전우치 (MOVIE) → 천관대사 (MOVIE_CHARACTER)
```json
{
  "entity": "전우치 - 천관대사",
  "summary": "천관대사는 영화 전우치에 등장하는 캐릭터로, 전우치의 스승이다. 전우치는 천관대사의 대자로서 그에게 가르침을 받았다."
}
```   ✅ 저장 완료

[372/535] 🔗 외계+인 (MOVIE) → 이대로 (ACTOR)
```json
{
  "entity": "외계+인 - 이대로",
  "summary": "이대로는 영화 외계+인에서 국회의원 역을 맡아 출연했다."
}
```   ✅ 저장 완료

[373/535] 🔗 아귀 (MOVIE_CHARACTER) → 정마담 (MOVIE_CHARACTER)
```json
{
  "entity": "아귀 - 정마담",
  "summary": "아귀는 곽철령의 복수를 위해 정마담을 이용하려 한다. 두 인물은 복수 계획과 관련하여 연결되어 있다."
}
```   ✅ 저장 완료

[374/535] 🔗 김혜수 (ACTOR) → 씹던껌 (MOVIE_CHARACTER)
```json
{
  "entity": "김혜수 - 씹던껌",
  "summary": "김혜수는 영화 도둑들에서 씹던껌 역을 연기한 배우이다."
}
```   ✅ 저장 완료

[375/535] 🔗 어벤져스 (MOVIE) → 캡틴 아메리카 (MOVIE_CHARACTER)
```json
{
  "entity": "어벤져스 - 캡틴 아메리카",
  "summary": "캡틴 아메리카는 어벤져스 시리즈의 중심 캐릭터이다."
}
```   ✅ 저장 완료

[376/535] 🔗 광 (MOVIE_CHARACTER) → 외계+인 (MOVIE)
```json
{
  "entity": "광 - 외계+인",
  "summary": "광은 영화 외계+인에 등장하는 전투용 반려동물이다."
}
```   ✅ 저장 완료

[377/535] 🔗 듀나 (REVIEWER) → 최동훈 (MOVIE_STAFF)
```json
{
  "entity": "듀나 - 최동훈",
  "summary": "듀나는 최동훈 감독의 연출에 대해 비판적인 리뷰를 작성한 바 있다."
}
```   ✅ 저장 완료

[378/535] 🔗 외계+인 (MOVIE) → 외계인 2부 (MOVIE)
```json
{
  "entity": "외계+인 - 외계인 2부",
  "summary": "외계인 2부는 외계+인 시리즈의 후속작으로, 1부의 스토리라인을 이어받아 진행되는 작품이다."
}
```   ✅ 저장 완료

[379/535] 🔗 외계+인 (MOVIE) → 우왕 (MOVIE_CHARACTER)
```json
{
  "entity": "외계+인 - 우왕",
  "summary": "우왕은 영화 외계+인에 등장하는 조연 캐릭터이다."
}
```   ✅ 저장 완료

[380/535] 🔗 전우치 (MOVIE_CHARACTER) → 초랭이 (MOVIE_CHARACTER)
```json
{
  "entity": "전우치 - 초랭이",
  "summary": "초랭이는 영화 전우치의 주요 등장인물로, 전우치의 짝패이자 함께 행동하는 동료이다. 그는 영화의 내레이션을 담당하며, 전우치와 함께 바이커 옷으로 갈아입고 다니기도 한다. 초랭이는 전우치와 함께 청동검을 구하려 하며, 전우치의 도술을 통해 인간이 되기를 원한다. 또한 두 사람은 한 여자를 두고 싸우는 관계이기도 하다."
}
```   ✅ 저장 완료

[381/535] 🔗 영감 (MOVIE_CHARACTER) → 함대길 (MOVIE_CHARACTER)
```json
{
  "entity": "영감 - 함대길",
  "summary": "함대길은 영감으로 불리는 할아버지를 구하러 온 인물이다. 두 사람은 할아버지와 손자 관계로 추정된다."
}
```   ✅ 저장 완료

[382/535] 🔗 도둑들 (MOVIE) → 최영상 (MOVIE_STAFF)
```json
{
  "entity": "도둑들 - 최영상",
  "summary": "최영상은 영화 도둑들의 촬영 감독으로, 홍콩 로케이션 촬영을 담당했다."
}
```   ✅ 저장 완료

[383/535] 🔗 최종방 (ACTOR) → 최종선 (ACTOR)
```json
{
  "entity": "최종방 - 최종선",
  "summary": "최종방과 최종선은 같은 영화에 출연한 배우들로 추정된다."
}
```   ✅ 저장 완료

[384/535] 🔗 도둑들 (MOVIE) → 오달수 (ACTOR)
```json
{
  "entity": "도둑들 - 오달수",
  "summary": "오달수는 영화 도둑들에 출연하여 열연한 배우이다."
}
```   ✅ 저장 완료

[385/535] 🔗 나웅진 (MOVIE_STAFF) → 호프 (MOVIE)
```json
{
  "entity": "나웅진 - 호프",
  "summary": "나웅진 감독은 호프를 연출하는 감독이다."
}
```   ✅ 저장 완료

[386/535] 🔗 최덕문 (ACTOR) → 황덕삼 (MOVIE_CHARACTER)
```json
{
  "entity": "최덕문 - 황덕삼",
  "summary": "최덕문은 황덕삼 역을 연기한 배우이다."
}
```   ✅ 저장 완료

[387/535] 🔗 백도빈 (ACTOR) → 백윤식 (ACTOR)
```json
{
  "entity": "백도빈 - 백윤식",
  "summary": "백도빈은 백윤식의 친아들이다. 두 사람은 부자 관계이다."
}
```   ✅ 저장 완료

[388/535] 🔗 강동원 (ACTOR) → 강수영 (ACTOR)
```json
{
  "entity": "강동원 - 강수영",
  "summary": "강동원과 강수영은 동갑인 사촌 관계이다."
}
```   ✅ 저장 완료

[389/535] 🔗 충재 (MOVIE_CHARACTER) → 타짜 (MOVIE)
```json
{
  "entity": "충재 - 타짜",
  "summary": "충재는 영화 타짜에 등장하는 인물이다."
}
```   ✅ 저장 완료

[390/535] 🔗 반지의 제왕 (MOVIE) → 외계+인 (MOVIE)
```json
{
  "entity": "반지의 제왕 - 외계+인",
  "summary": "반지의 제왕과 외계+인은 판타지 장르의 특성을 비교하는 맥락에서 함께 언급되는 작품들이다."
}
```   ✅ 저장 완료

[391/535] 🔗 외계인 2부 (MOVIE) → 이안 (MOVIE_CHARACTER)
```json
{
  "entity": "외계인 2부 - 이안",
  "summary": "이안은 외계인 2부에서 나레이션을 담당하며 활약하는 캐릭터이다."
}
```   ✅ 저장 완료

[392/535] 🔗 썬더 (MOVIE_CHARACTER) → 자장 (MOVIE_CHARACTER)
```json
{
  "entity": "썬더 - 자장",
  "summary": "썬더는 자장을 결정화시키고 우주선과 함께 자폭하는 행동을 취한다."
}
```   ✅ 저장 완료

[393/535] 🔗 외계+인 (MOVIE) → 좌왕 (MOVIE_CHARACTER)
```json
{
  "entity": "외계+인 - 좌왕",
  "summary": "좌왕은 영화 외계+인에 등장하는 조연 캐릭터이다."
}
```   ✅ 저장 완료

[394/535] 🔗 암살 (MOVIE) → 최동훈 (MOVIE_STAFF)
```json
{
  "entity": "암살 - 최동훈",
  "summary": "최동훈은 영화 암살의 감독으로, 촬영 설정과 편집을 결정하며 작품을 연출했다. 그는 암살을 통해 천만 관객을 달성하는 성과를 거두었다."
}
```   ✅ 저장 완료

[395/535] 🔗 강인국 (MOVIE_CHARACTER) → 암살 (MOVIE)
```json
{
  "entity": "강인국 - 암살",
  "summary": "강인국은 영화 암살의 주요 등장인물로, 작품 내에서 주요 악역 캐릭터이다. 그는 척결 대상이 되는 인물로서 두 번째 암살 타겟으로 등장한다."
}
```   ✅ 저장 완료

[396/535] 🔗 과실장 (MOVIE_CHARACTER) → 함대길 (MOVIE_CHARACTER)
```json
{
  "entity": "과실장 - 함대길",
  "summary": "과실장은 함대길이 우사장과 연인 사이라는 것을 알고 있으면서도 대길을 작업한 인물이다."
}
```   ✅ 저장 완료

[397/535] 🔗 도둑들 (MOVIE) → 전주원 (ACTOR)
```json
{
  "entity": "도둑들 - 전주원",
  "summary": "전주원은 영화 도둑들에 출연한 배우이다."
}
```   ✅ 저장 완료

[398/535] 🔗 바이 (MOVIE_CHARACTER) → 앤드류 (MOVIE_CHARACTER)
```json
{
  "entity": "바이 - 앤드류",
  "summary": "바이와 앤드류는 함께 호송 차에서 탈출한 인물들이다."
}
```   ✅ 저장 완료

[399/535] 🔗 서유쌍기 (MOVIE) → 선리기원 (MOVIE)
```json
{
  "entity": "서유쌍기 - 선리기원",
  "summary": "선리기원은 서유쌍기 시리즈의 2편에 해당하는 작품이다."
}
```   ✅ 저장 완료

[400/535] 🔗 엄호 (MOVIE_CHARACTER) → 최창혁 (MOVIE_CHARACTER)
```json
{
  "entity": "엄호 - 최창혁",
  "summary": "엄호와 최창혁은 영화 속에서 연애 관계로 등장하는 인물들이다."
}
```   ✅ 저장 완료

[401/535] 🔗 도둑들 (MOVIE) → 예니콜 (MOVIE_CHARACTER)
```json
{
  "entity": "도둑들 - 예니콜",
  "summary": "예니콜은 영화 도둑들의 주요 등장인물이다."
}
```   ✅ 저장 완료

[402/535] 🔗 밀본 (MOVIE_CHARACTER) → 좌왕 (MOVIE_CHARACTER)
```json
{
  "entity": "밀본 - 좌왕",
  "summary": "좌왕은 밀본의 습격을 막으려다 창을 맞고 사망한다."
}
```   ✅ 저장 완료

[403/535] 🔗 더 문 (MOVIE) → 외계+인 (MOVIE)
```json
{
  "entity": "더 문 - 외계+인",
  "summary": "더 문과 외계+인은 코로나 이후 관객 변화가 반영되지 않은 영화로 함께 언급되는 작품들이다."
}
```   ✅ 저장 완료

[404/535] 🔗 안옥윤 (MOVIE_CHARACTER) → 전지현 (ACTOR)
```json
{
  "entity": "안옥윤 - 전지현",
  "summary": "전지현은 안옥윤 역을 연기한 배우이다."
}
```   ✅ 저장 완료

[405/535] 🔗 서인경 (MOVIE_CHARACTER) → 재미 (MOVIE_CHARACTER)
```json
{
  "entity": "서인경 - 재미",
  "summary": "서인경과 재미는 함께 은행 강도 계획에 참여하는 동료 관계이다."
}
```   ✅ 저장 완료

[406/535] 🔗 광 (MOVIE_CHARACTER) → 무륵 (MOVIE_CHARACTER)
```json
{
  "entity": "광 - 무륵",
  "summary": "광은 무륵의 전투용 반려동물이며, 무륵은 광의 주인이다. 두 존재는 주인과 반려동물의 관계로 연결되어 있다."
}
```   ✅ 저장 완료

[407/535] 🔗 능파 (MOVIE_CHARACTER) → 외계+인 (MOVIE)
```json
{
  "entity": "능파 - 외계+인",
  "summary": "능파는 영화 외계+인에 등장하는 신선 캐릭터이다."
}
```   ✅ 저장 완료

[408/535] 🔗 추상옥 (MOVIE_CHARACTER) → 황덕삼 (MOVIE_CHARACTER)
```json
{
  "entity": "추상옥 - 황덕삼",
  "summary": "추상옥(속사포)과 황덕삼은 함께 상해에 도착한 동료 관계이며, 두 사람은 함께 감옥에서 탈출을 시도한다."
}
```   ✅ 저장 완료

[409/535] 🔗 안성심 (MOVIE_CHARACTER) → 암살 (MOVIE)
```json
{
  "entity": "안성심 - 암살",
  "summary": "안성심은 영화 암살에 등장하는 독립운동가 캐릭터이다."
}
```   ✅ 저장 완료

[410/535] 🔗 고니 (MOVIE_CHARACTER) → 평경장 (MOVIE_CHARACTER)
```json
{
  "entity": "고니 - 평경장",
  "summary": "평경장은 고니의 스승으로 화투를 가르치는 사제 관계이다. 그러나 두 사람은 갈등 관계에 있으며, 고니는 평경장을 털어서 돈을 얻고, 평경장은 이에 대해 고니에게 복수를 계획한다."
}
```   ✅ 저장 완료

[411/535] 🔗 너구리 (MOVIE_CHARACTER) → 정마담 (MOVIE_CHARACTER)
```json
{
  "entity": "너구리 - 정마담",
  "summary": "정마담은 너구리를 통해 고니의 위치를 알아내는 관계이다. 너구리는 정마담에게 고니에 대한 정보를 제공하는 역할을 한다."
}
```   ✅ 저장 완료

[412/535] 🔗 검 (MOVIE_CHARACTER) → 도둑들 (MOVIE)
```json
{
  "entity": "검 - 도둑들",
  "summary": "검은 영화 도둑들의 등장인물이다."
}
```   ✅ 저장 완료

[413/535] 🔗 강시 총재 (MOVIE_CHARACTER) → 외계+인 (MOVIE)
```json
{
  "entity": "강시 총재 - 외계+인",
  "summary": "강시 총재는 영화 외계+인에 등장하는 캐릭터로, 시간 흐름에 대한 중요한 대사를 전달하는 역할을 한다."
}
```   ✅ 저장 완료

[414/535] 🔗 기우 (MOVIE_CHARACTER) → 기정 (MOVIE_CHARACTER)
```json
{
  "entity": "기우 - 기정",
  "summary": "기우와 기정은 가족 관계로, 함께 부잣집에 들어가 계획을 꾸미는 인물들이다."
}
```   ✅ 저장 완료

[415/535] 🔗 염정아 (ACTOR) → 최종선 (ACTOR)
```json
{
  "entity": "염정아 - 최종선",
  "summary": "염정아와 최종선은 같은 영화에 출연한 배우들이다."
}
```   ✅ 저장 완료

[416/535] 🔗 김해숙 (ACTOR) → 도둑들 (MOVIE)
```json
{
  "entity": "김해숙 - 도둑들",
  "summary": "김해숙은 영화 도둑들에 출연한 배우이다."
}
```   ✅ 저장 완료

[417/535] 🔗 마카오박 (MOVIE_CHARACTER) → 팹시 (MOVIE_CHARACTER)
```json
{
  "entity": "마카오박 - 팹시",
  "summary": "마카오박과 팹시는 과거를 공유하는 관계로, 팹시는 마카오박을 사랑했다. 마카오박은 팹시를 도와주는 역할을 하며, 팹시에게 금괴를 남기며 진심을 전한다. 또한 마카오박은 잡혀가는 팹시를 바라보는 장면이 있다."
}
```   ✅ 저장 완료

[418/535] 🔗 외계+인 (MOVIE) → 형가비 (MOVIE_CHARACTER)
```json
{
  "entity": "외계+인 - 형가비",
  "summary": "형가비는 영화 외계+인에 등장하는 인물로, 신검을 소유했다가 살해당하는 캐릭터이다."
}
```   ✅ 저장 완료

[419/535] 🔗 도사 (MOVIE_CHARACTER) → 외계+인 (MOVIE)
```json
{
  "entity": "도사 - 외계+인",
  "summary": "도사는 영화 외계+인의 등장인물로, 과거 편에 등장하는 캐릭터이다."
}
```   ✅ 저장 완료

[420/535] 🔗 밀본 (MOVIE_CHARACTER) → 이안 (MOVIE_CHARACTER)
```json
{
  "entity": "밀본 - 이안",
  "summary": "이안은 밀본이 흘리고 간 떡밥을 따라 란정으로 향하는 관계에 있다. 밀본은 이안을 특정 방향으로 유도하는 역할을 한다."
}
```   ✅ 저장 완료

[421/535] 🔗 백도빈 (ACTOR) → 타짜 (MOVIE)
```json
{
  "entity": "백도빈 - 타짜",
  "summary": "백도빈은 영화 타짜에 출연한 배우이다."
}
```   ✅ 저장 완료

[422/535] 🔗 마카오박 (MOVIE_CHARACTER) → 오달수 (ACTOR)
```json
{
  "entity": "마카오박 - 오달수",
  "summary": "오달수는 마카오박 역을 연기한 배우이다."
}
```   ✅ 저장 완료

[423/535] 🔗 김혜수 (ACTOR) → 팹시 (MOVIE_CHARACTER)
```json
{
  "entity": "김혜수 - 팹시",
  "summary": "김혜수는 팹시 역을 연기한 배우이다."
}
```   ✅ 저장 완료

[424/535] 🔗 나니아 연대기 (MOVIE) → 외계+인 (MOVIE)
```json
{
  "entity": "나니아 연대기 - 외계+인",
  "summary": "나니아 연대기와 외계+인은 판타지 장르의 특성을 비교하는 맥락에서 함께 언급되는 작품들이다."
}
```   ✅ 저장 완료

[425/535] 🔗 외계+인 (MOVIE) → 차원 (MOVIE_CHARACTER)
```json
{
  "entity": "외계+인 - 차원",
  "summary": "차원은 영화 외계+인에서 설계자 후보로 등장하는 캐릭터이다."
}
```   ✅ 저장 완료

[426/535] 🔗 탑건 매버릭 (MOVIE) → 톰 크루즈 (ACTOR)
```json
{
  "entity": "탑건 매버릭 - 톰 크루즈",
  "summary": "톰 크루즈는 영화 탑건 매버릭에 출연하였으며, 직접 스턴트를 수행한 것으로 알려져 있다."
}
```   ✅ 저장 완료

[427/535] 🔗 외계+인 (MOVIE) → 이하 (MOVIE_CHARACTER)
```json
{
  "entity": "외계+인 - 이하",
  "summary": "이하는 영화 외계+인 1부에 등장하는 캐릭터로, 신검을 가지고 도주에 성공한 인물이다."
}
```   ✅ 저장 완료

[428/535] 🔗 아귀 (MOVIE_CHARACTER) → 평경장 (MOVIE_CHARACTER)
```json
{
  "entity": "아귀 - 평경장",
  "summary": "아귀와 평경장은 화투판의 라이벌 관계이다. 평경장은 아귀를 대한민국 3대 타짜 중 한 명으로 언급하며, 과거 아귀와의 화투 대결에서 승리한 바 있다. 이후 아귀는 평경장과의 재대결을 준비하였으며, 평경장의 죽음이 아귀와 관련이 있는 것으로 의심되어 아귀가 평경장을 죽인 것으로 추정된다."
}
```   ✅ 저장 완료

[429/535] 🔗 김민석 (ACTOR) → 도둑들 (MOVIE)
```json
{
  "entity": "김민석 - 도둑들",
  "summary": "김민석은 영화 도둑들에 출연한 배우이다."
}
```   ✅ 저장 완료

[430/535] 🔗 설계자 (MOVIE_CHARACTER) → 외계인 2부 (MOVIE)
```json
{
  "entity": "설계자 - 외계인 2부",
  "summary": "설계자는 외계인 2부에 등장하는 캐릭터로, 해당 작품에서 시각적 분점이 개선된 모습으로 나타난다."
}
```   ✅ 저장 완료

[431/535] 🔗 순양 (MOVIE_CHARACTER) → 전우치 (MOVIE)
```json
{
  "entity": "순양 - 전우치",
  "summary": "순양은 영화 전우치에 등장하는 캐릭터이다."
}
```   ✅ 저장 완료

[432/535] 🔗 도둑들 (MOVIE) → 최국희 (ACTOR)
```json
{
  "entity": "도둑들 - 최국희",
  "summary": "최국희는 영화 도둑들에서 사모님 역을 맡아 출연하였다."
}
```   ✅ 저장 완료

[433/535] 🔗 내 여자친구를 소개합니다 (MOVIE) → 전지현 (ACTOR)
```json
{
  "entity": "내 여자친구를 소개합니다 - 전지현",
  "summary": "전지현은 영화 내 여자친구를 소개합니다에 출연하였으며, 작품 속에서 유니폼이 잘 어울린다는 평가를 받았다."
}
```   ✅ 저장 완료

[434/535] 🔗 마카오박 (MOVIE_CHARACTER) → 웨이홍 (MOVIE_CHARACTER)
```json
{
  "entity": "마카오박 - 웨이홍",
  "summary": "마카오박과 웨이홍은 과거 인연이 있는 관계로, 플래시백에서 함께 등장한다. 마카오박은 어릴 적 복수를 위해 웨이홍을 대상으로 작전을 펼치며, 웨이홍은 마카오박을 끝까지 쫓아오는 추격자 역할을 한다."
}
```   ✅ 저장 완료

[435/535] 🔗 외계+인 (MOVIE) → 현감 (MOVIE_CHARACTER)
```json
{
  "entity": "외계+인 - 현감",
  "summary": "현감은 영화 외계+인에 등장하는 인물이다."
}
```   ✅ 저장 완료

[436/535] 🔗 능파 (MOVIE_CHARACTER) → 이안 (MOVIE_CHARACTER)
```json
{
  "entity": "능파 - 이안",
  "summary": "능파는 이안을 쫓던 두 신선 중 하나로, 처음에는 이안을 습격하는 적대적 관계였다. 그러나 이안이 자신의 능력 부족을 깨닫고 능파를 찾아가면서 관계가 변화한다. 능파는 이안과 저리의 사연을 듣고 눈을 고치기 위해 협력하게 되며, 적에서 협력자로 관계가 전환된다."
}
```   ✅ 저장 완료

[437/535] 🔗 김수현 (ACTOR) → 도둑들 (MOVIE)
```json
{
  "entity": "김수현 - 도둑들",
  "summary": "김수현은 영화 도둑들에 출연한 배우이다."
}
```   ✅ 저장 완료

[438/535] 🔗 임상수 (MOVIE_STAFF) → 최동훈 (MOVIE_STAFF)
```json
{
  "entity": "임상수 - 최동훈",
  "summary": "최동훈은 과거 임상수 감독의 연출부 스텝으로 활동한 경력이 있다. 두 사람은 영화계에서 선후배 관계로 연결되어 있다."
}
```   ✅ 저장 완료

[439/535] 🔗 B Man (REVIEWER) → 도둑들 (MOVIE)
```json
{
  "entity": "B Man - 도둑들",
  "summary": "B Man의 센터장은 영화 도둑들을 리뷰하였으며, 이 작품을 자신이 가장 좋아하는 천만 영화로 선정하였다."
}
```   ✅ 저장 완료

[440/535] 🔗 외계+인 (MOVIE) → 저장 (MOVIE_CHARACTER)
```json
{
  "entity": "외계+인 - 저장",
  "summary": "저장은 영화 외계+인에 등장하는 캐릭터로, 작품 내에서 카리스마 있는 모습을 보여준다."
}
```   ✅ 저장 완료

[441/535] 🔗 외계인 2부 (MOVIE) → 이하 (MOVIE_CHARACTER)
```json
{
  "entity": "외계인 2부 - 이하",
  "summary": "이하는 영화 외계인 2부에 등장하는 캐릭터로, 수배되어 쫓기는 신세에 처해 있다."
}
```   ✅ 저장 완료

[442/535] 🔗 썬더 (MOVIE_CHARACTER) → 외계+인 (MOVIE)
```json
{
  "entity": "썬더 - 외계+인",
  "summary": "썬더는 영화 외계+인에 등장하는 AI 로봇 캐릭터이다. 우주선이자 인간 모드로 변환이 가능하며, 시공간을 넘나드는 능력을 가지고 있다. 작품 내에서 보조 역할을 담당하는 등장인물이다."
}
```   ✅ 저장 완료

[443/535] 🔗 김용화 (MOVIE_STAFF) → 신과 함께 (MOVIE)
```json
{
  "entity": "김용화 - 신과 함께",
  "summary": "김용화 감독은 영화 신과 함께를 연출한 감독이다."
}
```   ✅ 저장 완료

[444/535] 🔗 데라우치 총독 (MOVIE_CHARACTER) → 암살 (MOVIE)
```json
{
  "entity": "데라우치 총독 - 암살",
  "summary": "데라우치 총독은 영화 암살에 등장하는 인물이다."
}
```   ✅ 저장 완료

[445/535] 🔗 김좌진 (MOVIE_CHARACTER) → 남자현 (MOVIE_CHARACTER)
```json
{
  "entity": "김좌진 - 남자현",
  "summary": "김좌진 장군과 남자현 여사는 함께 청산리 대첩에 참전한 독립운동가들이다. 두 사람은 항일 독립운동 과정에서 동지로서 활동하였다."
}
```   ✅ 저장 완료

[446/535] 🔗 안옥윤 (MOVIE_CHARACTER) → 정마담 (MOVIE_CHARACTER)
```json
{
  "entity": "안옥윤 - 정마담",
  "summary": "정마담은 안옥윤 등 암살작전 대원들과 접선하는 역할을 담당한다."
}
```   ✅ 저장 완료

[447/535] 🔗 전우치 (MOVIE) → 참관 (MOVIE_CHARACTER)
```json
{
  "entity": "전우치 - 참관",
  "summary": "참관은 영화 전우치에 등장하는 캐릭터로, 전우치의 스승이다."
}
```   ✅ 저장 완료

[448/535] 🔗 외계+인 (MOVIE) → 형감 (MOVIE_CHARACTER)
```json
{
  "entity": "외계+인 - 형감",
  "summary": "형감은 영화 외계+인에 등장하는 캐릭터이다."
}
```   ✅ 저장 완료

[449/535] 🔗 아바타 (MOVIE) → 제임스 카메론 (MOVIE_STAFF)
```json
{
  "entity": "아바타 - 제임스 카메론",
  "summary": "제임스 카메론은 영화 아바타를 감독한 감독이다."
}
```   ✅ 저장 완료

[450/535] 🔗 전우치 (MOVIE_CHARACTER) → 좌왕 (MOVIE_CHARACTER)
```json
{
  "entity": "전우치 - 좌왕",
  "summary": "좌왕은 영화 전우치에 등장하는 인물이다. 전우치는 좌왕을 농락하고 청동 거울을 훔치는 장면이 있으며, 두 캐릭터는 작품 내에서 대립 관계를 형성한다."
}
```   ✅ 저장 완료

[451/535] 🔗 선우치 (MOVIE_CHARACTER) → 초랭이 (MOVIE_CHARACTER)
```json
{
  "entity": "선우치 - 초랭이",
  "summary": "초랭이는 전우치를 따라다니는 캐릭터로, 인간이 되기를 원하는 소망을 가지고 있다."
}
```   ✅ 저장 완료

[452/535] 🔗 김혜수 (ACTOR) → 최영환 (MOVIE_STAFF)
```json
{
  "entity": "김혜수 - 최영환",
  "summary": "최영환 촬영감독은 김혜수 배우와 이전에 작품을 함께 한 경험이 있으며, 이를 통해 김혜수의 얼굴을 가장 잘 보여주는 좋은 각도를 잘 알고 있다."
}
```   ✅ 저장 완료

[453/535] 🔗 전우치 (MOVIE) → 전우치 (MOVIE_CHARACTER)
```json
{
  "entity": "전우치 - 전우치",
  "summary": "전우치는 영화 전우치의 주인공이다."
}
```   ✅ 저장 완료

[454/535] 🔗 고광렬 (MOVIE_CHARACTER) → 화란 (MOVIE)
```json
{
  "entity": "고광렬 - 화란",
  "summary": "고광렬은 영화 화란에 등장하는 인물이다."
}
```   ✅ 저장 완료

[455/535] 🔗 기국서 (ACTOR) → 김윤석 (ACTOR)
```json
{
  "entity": "기국서 - 김윤석",
  "summary": "기국서는 김윤석의 결혼식에서 주례를 봐주었으며, 두 사람은 개인적으로 친분이 있는 관계이다."
}
```   ✅ 저장 완료

[456/535] 🔗 도사 (MOVIE_CHARACTER) → 형감 (MOVIE_CHARACTER)
```json
{
  "entity": "도사 - 형감",
  "summary": "형감은 도사의 부채를 한눈에 알아볼 수 있는 관계로, 두 인물 사이에는 서로를 잘 아는 친밀한 관계가 형성되어 있다."
}
```   ✅ 저장 완료

[457/535] 🔗 도사 (MOVIE_CHARACTER) → 외계인 2부 (MOVIE)
```json
{
  "entity": "도사 - 외계인 2부",
  "summary": "도사는 영화 외계인 2부에 등장하는 캐릭터로, 도술을 사용하는 능력을 가지고 있다."
}
```   ✅ 저장 완료

[458/535] 🔗 김혜숙 (ACTOR) → 도둑들 (MOVIE)
```json
{
  "entity": "김혜숙 - 도둑들",
  "summary": "김혜숙은 영화 도둑들에 출연한 배우로, 작품 내에서 중년 로맨스 장면을 연기하였다."
}
```   ✅ 저장 완료

[459/535] 🔗 류준열 (ACTOR) → 소셜 포비아 (MOVIE)
```json
{
  "entity": "류준열 - 소셜 포비아",
  "summary": "류준열은 영화 소셜 포비아에 출연한 배우이다."
}
```   ✅ 저장 완료

[460/535] 🔗 무사 (MOVIE) → 안성기 (ACTOR)
```json
{
  "entity": "무사 - 안성기",
  "summary": "안성기는 영화 무사에 출연한 배우이다."
}
```   ✅ 저장 완료

[461/535] 🔗 김수현 (MOVIE_STAFF) → 만추 (MOVIE)
```json
{
  "entity": "김수현 - 만추",
  "summary": "김수현은 영화 만추를 연출한 감독이다."
}
```   ✅ 저장 완료

[462/535] 🔗 유해진 (ACTOR) → 전우치 (MOVIE)
```json
{
  "entity": "유해진 - 전우치",
  "summary": "유해진은 영화 전우치에 출연한 배우로, 작품에서 와이어 액션 연기를 선보였다. 촬영 과정에서 팔 부상을 당하는 어려움을 겪기도 했다."
}
```   ✅ 저장 완료

[463/535] 🔗 장동식 (MOVIE_CHARACTER) → 짜리 (MOVIE_CHARACTER)
```json
{
  "entity": "장동식 - 짜리",
  "summary": "짜리는 장동식과 공모하여 대길을 속이고, 대길을 장동식에게 팔아넘긴 인물이다. 두 사람은 대길을 배신하는 데 함께 협력한 관계이다."
}
```   ✅ 저장 완료

[464/535] 🔗 외계+인 (MOVIE) → 유성이 (MOVIE_STAFF)
```json
{
  "entity": "외계+인 - 유성이",
  "summary": "유성이는 영화 외계+인의 미술감독으로, 작품의 시각적 요소와 미술 디자인을 담당하였다."
}
```   ✅ 저장 완료

[465/535] 🔗 능파 (MOVIE_CHARACTER) → 저리 (MOVIE_CHARACTER)
```json
{
  "entity": "능파 - 저리",
  "summary": "저리는 이안과 함께 능파를 찾아가는 인물이다. 저리와 능파는 작품 내에서 연결된 관계를 가지고 있다."
}
```   ✅ 저장 완료

[466/535] 🔗 나홍진 (MOVIE_STAFF) → 호프 (MOVIE)
```json
{
  "entity": "나홍진 - 호프",
  "summary": "나홍진 감독은 영화 호프를 연출할 예정이다."
}
```   ✅ 저장 완료

[467/535] 🔗 암살 (MOVIE) → 줌센 (REVIEWER)
```json
{
  "entity": "암살 - 줌센",
  "summary": "줌센은 영화 암살에 대한 리뷰 영상을 제작한 콘텐츠 크리에이터이다."
}
```   ✅ 저장 완료

[468/535] 🔗 안성심 (MOVIE_CHARACTER) → 진경 (ACTOR)
```json
{
  "entity": "안성심 - 진경",
  "summary": "진경은 안성심 역을 연기한 배우이다."
}
```   ✅ 저장 완료

[469/535] 🔗 암살 (MOVIE) → 염석진 (MOVIE_CHARACTER)
```json
{
  "entity": "암살 - 염석진",
  "summary": "염석진은 영화 암살의 주요 등장인물이자 악역 캐릭터이다. 그는 작품 내에서 밀정 역할을 수행하는 배신자로, 밀정으로 의심받는 인물이다. 염석진은 작전 요원들을 만나러 가고 타겟 정보를 추적하는 등 중요한 역할을 담당한다."
}
```   ✅ 저장 완료

[470/535] 🔗 장동식 (MOVIE_CHARACTER) → 함대길 (MOVIE_CHARACTER)
```json
{
  "entity": "장동식 - 함대길",
  "summary": "장동식과 함대길은 서로 적대적인 관계에 있는 인물들이다. 장동식은 대길을 속여 도박에서 빚을 지게 만들었으며, 이후 대길을 쫓고 있었다. 이에 대길은 장동식의 비밀 창고 위치를 알아내고, 결국 장동식을 죽이러 찾아가게 된다."
}
```   ✅ 저장 완료

[471/535] 🔗 박세영 (MOVIE_CHARACTER) → 타짜 (MOVIE)
```json
{
  "entity": "박세영 - 타짜",
  "summary": "박세영은 영화 타짜에 등장하는 인물로 추정된다."
}
```   ✅ 저장 완료

[472/535] 🔗 세라 (MOVIE_CHARACTER) → 화란 (MOVIE)
```json
{
  "entity": "세라 - 화란",
  "summary": "세라는 영화 화란에 등장하는 인물이다."
}
```   ✅ 저장 완료

[473/535] 🔗 검 (MOVIE_CHARACTER) → 씹던껌 (MOVIE_CHARACTER)
```json
{
  "entity": "검 - 씹던껌",
  "summary": "검과 씹던껌은 일본인 부부로 위장하여 함께 작전을 수행하는 관계이다."
}
```   ✅ 저장 완료

[474/535] 🔗 도사 (MOVIE_CHARACTER) → 무륵 (MOVIE_CHARACTER)
```json
{
  "entity": "도사 - 무륵",
  "summary": "도사와 무륵은 영화 외계+인의 과거 편에서 함께 등장하는 캐릭터들이다."
}
```   ✅ 저장 완료

[475/535] 🔗 다이아 (MOVIE_CHARACTER) → 도둑들 (MOVIE)
```json
{
  "entity": "다이아 - 도둑들",
  "summary": "다이아는 영화 도둑들에 등장하는 인물이다."
}
```   ✅ 저장 완료

[476/535] 🔗 범죄의 재구성 (MOVIE) → 최동훈 (MOVIE_STAFF)
```json
{
  "entity": "범죄의 재구성 - 최동훈",
  "summary": "최동훈은 영화 범죄의 재구성의 감독으로, 이 작품을 통해 감독으로 데뷔하였다."
}
```   ✅ 저장 완료

[477/535] 🔗 김지훈 (MOVIE_STAFF) → 장화 홍련 (MOVIE)
```json
{
  "entity": "김지훈 - 장화 홍련",
  "summary": "김지훈은 영화 장화 홍련의 감독이다."
}
```   ✅ 저장 완료

[478/535] 🔗 만추 (MOVIE) → 이대로 (ACTOR)
```json
{
  "entity": "만추 - 이대로",
  "summary": "이대로는 영화 만추에서 형사 역할로 출연한 배우이다."
}
```   ✅ 저장 완료

[479/535] 🔗 유해진 (ACTOR) → 초랭이 (MOVIE_CHARACTER)
```json
{
  "entity": "유해진 - 초랭이",
  "summary": "유해진은 초랭이 역을 연기한 배우이다."
}
```   ✅ 저장 완료

[480/535] 🔗 장동식 (MOVIE_CHARACTER) → 허미나 (MOVIE_CHARACTER)
```json
{
  "entity": "장동식 - 허미나",
  "summary": "허미나는 장동식의 조카이다. 미나는 광철을 빼내려다 장동식의 눈에 띄게 되었고, 이를 발견한 장동식은 미나를 협박하였다."
}
```   ✅ 저장 완료

[481/535] 🔗 짝귀 (MOVIE_CHARACTER) → 평경장 (MOVIE_CHARACTER)
```json
{
  "entity": "짝귀 - 평경장",
  "summary": "평경장은 짝귀를 대한민국 3대 타짜 중 한 명으로 언급하는 인물이다. 짝귀는 평경장에 의해 뛰어난 도박 실력을 가진 타짜로 인정받고 있다."
}
```   ✅ 저장 완료

[482/535] 🔗 도둑들 (MOVIE) → 첸 (MOVIE_CHARACTER)
```json
{
  "entity": "도둑들 - 첸",
  "summary": "첸은 영화 도둑들에 등장하는 캐릭터이다."
}
```   ✅ 저장 완료

[483/535] 🔗 외계+인 (MOVIE) → 이아주 (MOVIE_STAFF)
```json
{
  "entity": "외계+인 - 이아주",
  "summary": "이아주는 영화 외계+인의 미술감독으로, 작품의 시각적 요소와 미술 디자인을 담당하였다."
}
```   ✅ 저장 완료

[484/535] 🔗 다크나이트 트릴로지 (MOVIE) → 크리스토퍼 놀란 (MOVIE_STAFF)
```json
{
  "entity": "다크나이트 트릴로지 - 크리스토퍼 놀란",
  "summary": "크리스토퍼 놀란은 다크나이트 트릴로지를 감독한 영화감독이다."
}
```   ✅ 저장 완료

[485/535] 🔗 청원 (MOVIE_CHARACTER) → 흑설 (MOVIE_CHARACTER)
```json
{
  "entity": "청원 - 흑설",
  "summary": "청원과 흑설은 무륵의 처리 문제에 대해 서로 대립하는 관계에 있는 인물들이다."
}
```   ✅ 저장 완료

[486/535] 🔗 김의성 (ACTOR) → 자장 (MOVIE_CHARACTER)
```json
{
  "entity": "김의성 - 자장",
  "summary": "김의성은 자장 역을 연기한 배우이다."
}
```   ✅ 저장 완료

[487/535] 🔗 외계+인 (MOVIE) → 청운 (MOVIE_CHARACTER)
```json
{
  "entity": "외계+인 - 청운",
  "summary": "청운은 영화 외계+인에 등장하는 캐릭터이다."
}
```   ✅ 저장 완료

[488/535] 🔗 새 신선 (MOVIE_CHARACTER) → 전우치 (MOVIE_CHARACTER)
```json
{
  "entity": "새 신선 - 전우치",
  "summary": "새 신선은 전우치와 적대적인 관계로, 500년이 지나도 전우치를 싫어하는 인물이다."
}
```   ✅ 저장 완료

[489/535] 🔗 선우선 (ACTOR) → 토끼 요괴 여의사 (MOVIE_CHARACTER)
```json
{
  "entity": "선우선 - 토끼 요괴 여의사",
  "summary": "선우선은 토끼 요괴 여의사 역을 연기한 배우이다."
}
```   ✅ 저장 완료

[490/535] 🔗 서인경 (MOVIE_CHARACTER) → 전우치 (MOVIE_CHARACTER)
```json
{
  "entity": "서인경 - 전우치",
  "summary": "서인경은 영화 전우치에 등장하는 인물이다. 전우치는 서인경을 처음 만났을 때 감정이 동요되었으며, 이후 그녀와 대결을 벌이게 된다."
}
```   ✅ 저장 완료

[491/535] 🔗 백일은 (MOVIE_CHARACTER) → 우사장 (MOVIE_CHARACTER)
```json
{
  "entity": "백일은 - 우사장",
  "summary": "백일은은 우사장과 특별한 관계를 맺고 있으며, 이 관계를 비밀로 유지하고 있다."
}
```   ✅ 저장 완료

[492/535] 🔗 박세영 (MOVIE_CHARACTER) → 박철영 (MOVIE_CHARACTER)
```json
{
  "entity": "박세영 - 박철영",
  "summary": "박세영과 박철영은 극 중에서 서로 관련된 인물들로 보인다."
}
```   ✅ 저장 완료

[493/535] 🔗 너구리 (MOVIE_CHARACTER) → 아귀 (MOVIE_CHARACTER)
```json
{
  "entity": "너구리 - 아귀",
  "summary": "너구리는 형사로서 아귀의 행방을 조사하는 인물이다. 너구리와 아귀는 추적자와 추적 대상의 관계에 있다."
}
```   ✅ 저장 완료

[494/535] 🔗 뽀빠이 (MOVIE_CHARACTER) → 팹시 (MOVIE_CHARACTER)
```json
{
  "entity": "뽀빠이 - 팹시",
  "summary": "뽀빠이와 팹시는 과거를 공유하는 전 파트너 관계이다."
}
```   ✅ 저장 완료

[495/535] 🔗 이신제 (ACTOR) → 쥴리 (MOVIE_CHARACTER)
```json
{
  "entity": "이신제 - 쥴리",
  "summary": "이신제는 쥴리 역을 연기한 배우이다."
}
```   ✅ 저장 완료

[496/535] 🔗 도둑들 (MOVIE) → 앤드류 (MOVIE_CHARACTER)
```json
{
  "entity": "도둑들 - 앤드류",
  "summary": "앤드류는 영화 도둑들에 등장하는 캐릭터이다."
}
```   ✅ 저장 완료

[497/535] 🔗 박찬옥 (MOVIE_STAFF) → 헤어질 결심 (MOVIE)
```json
{
  "entity": "박찬옥 - 헤어질 결심",
  "summary": "박찬옥은 영화 헤어질 결심을 감독한 영화감독이다."
}
```   ✅ 저장 완료

[498/535] 🔗 권태훈 (ACTOR) → 좌왕 (MOVIE_CHARACTER)
```json
{
  "entity": "권태훈 - 좌왕",
  "summary": "권태훈은 좌왕 역을 연기한 배우이다."
}
```   ✅ 저장 완료

[499/535] 🔗 박신양 (ACTOR) → 약속 (MOVIE)
```json
{
  "entity": "박신양 - 약속",
  "summary": "박신양은 영화 약속에 출연한 배우로, 해당 영화에서 결혼 장면을 촬영했다."
}
```   ✅ 저장 완료

[500/535] 🔗 김민석 (ACTOR) → 전우치 (MOVIE)
```json
{
  "entity": "김민석 - 전우치",
  "summary": "김민석은 영화 전우치에 출연한 배우로, 불을 사용하는 위험한 장면을 촬영했다."
}
```   ✅ 저장 완료

[501/535] 🔗 앤드류 (MOVIE_CHARACTER) → 예니콜 (MOVIE_CHARACTER)
```json
{
  "entity": "앤드류 - 예니콜",
  "summary": "앤드류와 예니콜은 작품에서 부부 역할을 연기한 관계이다. 두 사람 사이에는 예니콜이 앤드류의 가슴을 발로 차는 장면이 있었다."
}
```   ✅ 저장 완료

[502/535] 🔗 설계자 (MOVIE_CHARACTER) → 흑설 (MOVIE_CHARACTER)
```json
{
  "entity": "설계자 - 흑설",
  "summary": "설계자는 흑설에게 신검을 사용하여 검증을 실시한 인물이다. 두 사람은 신검을 통한 검증 과정에서 연결된 관계이다."
}
```   ✅ 저장 완료

[503/535] 🔗 밀본 (MOVIE_CHARACTER) → 자장 (MOVIE_CHARACTER)
```json
{
  "entity": "밀본 - 자장",
  "summary": "자장은 밀본에게 구조된 인물이다. 이후 자장은 밀본을 촉수로 죽이고 밀본의 수장 자리를 차지하게 되었다."
}
```   ✅ 저장 완료

[504/535] 🔗 외계+인 (MOVIE) → 자장 (MOVIE_CHARACTER)
```json
{
  "entity": "외계+인 - 자장",
  "summary": "자장은 영화 외계+인 2부에 등장하는 빌런 캐릭터이다."
}
```   ✅ 저장 완료

[505/535] 🔗 외계+인 (MOVIE) → 흑설 (MOVIE_CHARACTER)
```json
{
  "entity": "외계+인 - 흑설",
  "summary": "흑설은 영화 외계+인에 등장하는 캐릭터로, 설계자 후보로 등장하며 후반부 캐리를 담당하는 중요한 역할을 맡고 있다."
}
```   ✅ 저장 완료

[506/535] 🔗 데라우치 총독 (MOVIE_CHARACTER) → 이완용 (MOVIE_CHARACTER)
```json
{
  "entity": "데라우치 총독 - 이완용",
  "summary": "이완용은 데라우치 총독에게 누군가를 소개시켜주는 역할을 한다. 두 사람은 서로 연결된 관계로 보인다."
}
```   ✅ 저장 완료

[507/535] 🔗 전우치 (MOVIE) → 토끼 요괴 여의사 (MOVIE_CHARACTER)
```json
{
  "entity": "전우치 - 토끼 요괴 여의사",
  "summary": "토끼 요괴 여의사는 영화 전우치에 등장하는 캐릭터이다."
}
```   ✅ 저장 완료

[508/535] 🔗 신선 3인조 (MOVIE_CHARACTER) → 전우치 (MOVIE)
```json
{
  "entity": "신선 3인조 - 전우치",
  "summary": "신선 3인조는 영화 전우치에 등장하는 인물들이다."
}
```   ✅ 저장 완료

[509/535] 🔗 우사장 (MOVIE_CHARACTER) → 유령 (MOVIE_CHARACTER)
```json
{
  "entity": "우사장 - 유령",
  "summary": "유령은 우사장을 배신하는 인물이다. 두 사람 사이에는 배신으로 인한 갈등 관계가 존재한다."
}
```   ✅ 저장 완료

[510/535] 🔗 타짜 (MOVIE) → 평경장 (MOVIE_CHARACTER)
```json
{
  "entity": "타짜 - 평경장",
  "summary": "평경장은 영화 타짜에 등장하는 주요 인물로, 화투의 대가이자 고수 도박꾼이다. 그는 주인공 고니의 스승으로서 중요한 역할을 담당한다."
}
```   ✅ 저장 완료

[511/535] 🔗 김해우 (ACTOR) → 타짜 (MOVIE)
```json
{
  "entity": "김해우 - 타짜",
  "summary": "김해우는 영화 타짜에서 가게장 남사장 역으로 출연한 배우이다."
}
```   ✅ 저장 완료

[512/535] 🔗 도 (MOVIE_CHARACTER) → 도둑들 (MOVIE)
```json
{
  "entity": "도 - 도둑들",
  "summary": "도는 영화 도둑들에 등장하는 인물이다."
}
```   ✅ 저장 완료

[513/535] 🔗 외계+인 (MOVIE) → 청이 (MOVIE_CHARACTER)
```json
{
  "entity": "외계+인 - 청이",
  "summary": "청이는 영화 외계+인에 등장하는 인물이다."
}
```   ✅ 저장 완료

[514/535] 🔗 도사 (MOVIE_CHARACTER) → 현감 (MOVIE_CHARACTER)
```json
{
  "entity": "도사 - 현감",
  "summary": "도사와 현감은 같은 영화에 등장하는 캐릭터들로, 회복력 관련 설정의 일관성 문제로 인해 서로 비교되는 인물들이다."
}
```   ✅ 저장 완료

[515/535] 🔗 안성심 (MOVIE_CHARACTER) → 안옥윤 (MOVIE_CHARACTER)
```json
{
  "entity": "안성심 - 안옥윤",
  "summary": "안성심은 안옥윤의 어머니이다. 두 사람은 모녀 관계로 연결되어 있다."
}
```   ✅ 저장 완료

[516/535] 🔗 조니 (MOVIE_CHARACTER) → 증국상 (ACTOR)
```json
{
  "entity": "조니 - 증국상",
  "summary": "증국상은 조니 역을 연기한 배우이다."
}
```   ✅ 저장 완료

[517/535] 🔗 최동훈 (MOVIE_STAFF) → 헤어질 결심 (MOVIE)
```json
{
  "entity": "최동훈 - 헤어질 결심",
  "summary": "최동훈 감독은 영화 헤어질 결심과 관련하여 비교 대상으로 언급된 인물이다."
}
```   ✅ 저장 완료

[518/535] 🔗 김성수 (MOVIE_STAFF) → 최동훈 (MOVIE_STAFF)
```json
{
  "entity": "김성수 - 최동훈",
  "summary": "최동훈 감독은 김성수 감독에게 영화 무사의 포스터 사용에 대한 허락을 받았다. 두 감독은 이러한 협조 관계를 통해 연결되어 있다."
}
```   ✅ 저장 완료

[519/535] 🔗 외계+인 (MOVIE) → 초랭이 (MOVIE_CHARACTER)
```json
{
  "entity": "외계+인 - 초랭이",
  "summary": "초랭이는 영화 외계+인에 등장하는 캐릭터이다."
}
```   ✅ 저장 완료

[520/535] 🔗 박찬욱 (MOVIE_STAFF) → 외계+인 (MOVIE)
```json
{
  "entity": "박찬욱 - 외계+인",
  "summary": "박찬욱 감독은 영화 외계+인의 촬영 현장에 방문한 적이 있다."
}
```   ✅ 저장 완료

[521/535] 🔗 씹던껌 (MOVIE_CHARACTER) → 첸 (MOVIE_CHARACTER)
```json
{
  "entity": "씹던껌 - 첸",
  "summary": "첸은 씹던껌을 안심시키는 역할을 담당하는 인물이다."
}
```   ✅ 저장 완료

[522/535] 🔗 설계자 (MOVIE_CHARACTER) → 차원 (MOVIE_CHARACTER)
```json
{
  "entity": "설계자 - 차원",
  "summary": "설계자는 차원에게 신검을 사용하여 검증을 실시한 인물이다. 두 사람 사이에는 신검을 통한 검증 관계가 존재한다."
}
```   ✅ 저장 완료

[523/535] 🔗 이안 (MOVIE_CHARACTER) → 절리 1리 (MOVIE_CHARACTER)
```json
{
  "entity": "이안 - 절리 1리",
  "summary": "절리 1리는 이안에게 제압당하는 인물이다. 이안과 절리 1리 사이에는 대립 관계가 존재하며, 결과적으로 절리 1리가 이안에 의해 제압된다."
}
```   ✅ 저장 완료

[524/535] 🔗 능파 (MOVIE_CHARACTER) → 자장 (MOVIE_CHARACTER)
```json
{
  "entity": "능파 - 자장",
  "summary": "능파는 자장의 촉수 난동으로 인해 눈을 잃게 되었다. 자장과 능파 사이에는 이러한 피해 관계가 존재한다."
}
```   ✅ 저장 완료

[525/535] 🔗 이안 (MOVIE_CHARACTER) → 자장 (MOVIE_CHARACTER)
```json
{
  "entity": "이안 - 자장",
  "summary": "자장과 이안은 함께 포탈을 통해 현대로 돌아가는 인물들이다. 자장이 밀본을 장악하려는 계획과 이안이 신검을 가지고 쫓기는 상황이 서로 연결되어 있어, 두 인물의 운명이 얽혀 있다."
}
```   ✅ 저장 완료

[526/535] 🔗 신선 (MOVIE_CHARACTER) → 외계+인 (MOVIE)
```json
{
  "entity": "신선 - 외계+인",
  "summary": "신선들은 영화 외계+인에 등장하는 인물들로, 도술을 부리는 캐릭터들이다."
}
```   ✅ 저장 완료

[527/535] 🔗 사사키 (MOVIE_CHARACTER) → 암살 (MOVIE)
```json
{
  "entity": "사사키 - 암살",
  "summary": "사사키는 영화 암살에 등장하는 일본인 캐릭터이다."
}
```   ✅ 저장 완료

[528/535] 🔗 강인국 (MOVIE_CHARACTER) → 미츠코 (MOVIE_CHARACTER)
```json
{
  "entity": "강인국 - 미츠코",
  "summary": "강인국은 미츠코의 아버지이다. 그는 자신의 딸인 미츠코를 살해한 인물이다."
}
```   ✅ 저장 완료

[529/535] 🔗 정마담 (MOVIE_CHARACTER) → 화란 (MOVIE)
```json
{
  "entity": "정마담 - 화란",
  "summary": "정마담은 영화 화란에 등장하는 인물로, 출소 후 활동하는 캐릭터이다."
}
```   ✅ 저장 완료

[530/535] 🔗 김해우 (ACTOR) → 전우치 (MOVIE)
```json
{
  "entity": "김해우 - 전우치",
  "summary": "김해우는 영화 전우치에 출연한 배우이다."
}
```   ✅ 저장 완료

[531/535] 🔗 쥴리 (MOVIE_CHARACTER) → 팹시 (MOVIE_CHARACTER)
```json
{
  "entity": "쥴리 - 팹시",
  "summary": "쥴리와 팹시는 함께 금고를 터는 파트너 관계이다."
}
```   ✅ 저장 완료

[532/535] 🔗 도 (MOVIE_CHARACTER) → 씹던껌 (MOVIE_CHARACTER)
```json
{
  "entity": "도 - 씹던껌",
  "summary": "도와 씹던껌은 서로 사랑하는 연인 관계이다."
}
```   ✅ 저장 완료

[533/535] 🔗 능파 (MOVIE_CHARACTER) → 무륵 (MOVIE_CHARACTER)
```json
{
  "entity": "능파 - 무륵",
  "summary": "무륵은 이안을 습격하는 능파를 저지하며 대결하는 관계이다. 능파가 이안을 공격하려 할 때 무륵이 이를 막아서며 두 사람 사이에 대결이 벌어진다."
}
```   ✅ 저장 완료

[534/535] 🔗 도둑들 (MOVIE) → 잠파노 (MOVIE_CHARACTER)
```json
{
  "entity": "도둑들 - 잠파노",
  "summary": "잠파노는 영화 도둑들에 등장하는 인물이다."
}
```   ✅ 저장 완료

[535/535] 🔗 범죄의 재구성 (MOVIE) → 최영환 (MOVIE_STAFF)
```json
{
  "entity": "범죄의 재구성 - 최영환",
  "summary": "최영환은 영화 범죄의 재구성의 촬영감독이다."
}
```   ✅ 저장 완료

============================================================
🎉 Relationship Summarization Complete!
============================================================
✅ 성공: 535개
❌ 실패: 0개
📊 총 처리: 535개
