nohup: ignoring input
============================================================
🚀 Entity Summarization Start
============================================================
📋 요약이 필요한 엔티티: 276개

[1/276] 📝 마카오박 (MOVIE_CHARACTER)
```json
{
  "entity": "마카오박",
  "summary": "마카오박은 영화 '도둑들'의 주요 캐릭터로, 김윤석 배우가 연기했으며 선글라스가 특징이다. 그는 뽀빠이의 옛날 보스이자 파트너였으며, 펩시, 뽀빠이와 과거를 공유하는 인물이다. 네 번째 플래시백에서 아버지와 함께 처음 등장하며, 아버지의 복수를 위해 작전을 펼친다. 다이아몬드를 노리는 도둑으로, 호텔 블랙리스트에 올라 외부에서 지시만 내리지만, 노인으로 위장하여 금고를 털기도 한다. 노인 분장에 2시간 반이 걸렸으며 관객들이 알아보지 못할 정도로 완벽했다. 와이어를 타고 액션을 펼치며 건물 외벽을 스파이더맨처럼 오르내리고, 줄타기 장면도 선보인다. 웨이홍과 과거 인연이 있으며, 체니와 대화하는 장면은 감독이 주밍으로 촬영했다. 홍콩에서 활동하며 펩시를 도와주고, 금괴를 숨기며 펩시에게 금괴를 남겨 진심을 전한다. 커피 한 잔의 여유를 즐기며 속내를 숨기는 캐릭터이다. 오달수가 연기한 캐릭터는 회의 장면에서 젖은 땅콩을 씹는 모습을 보여준다."
}
```   ✅ 저장 완료 (기존 Neptune ID: 마카오박_MOVIE_CHARACTER_ad972d82)

[2/276] 📝 샘 레이미 (MOVIE_STAFF)
```json
{
  "entity": "샘 레이미",
  "summary": "샘 레이미는 스파이더맨 시리즈를 감독한 영화감독으로, 슈퍼히어로 영화의 기준점을 세운 인물로 평가받는다."
}
```   ✅ 저장 완료 (기존 Neptune ID: 샘_레이미_MOVIE_STAFF_9c3f725c)

[3/276] 📝 가와구치 (MOVIE_CHARACTER)
```json
{
  "entity": "가와구치",
  "summary": "가와구치는 간도참변을 일으킨 일본군 사단의 지휘관이다."
}
```   ✅ 저장 완료 (기존 Neptune ID: 가와구치_MOVIE_CHARACTER_b918e48f)

[4/276] 📝 권태훈 (ACTOR)
```json
{
  "entity": "권태훈",
  "summary": "권태훈은 왕 역을 맡은 배우로, 영화 타짜에서 '예림이'를 외치던 호구 역할을 연기했던 배우이다."
}
```   ✅ 저장 완료 (기존 Neptune ID: 권태훈_ACTOR_8e782fab)

[5/276] 📝 이난영 (MOVIE_STAFF)
```json
{
  "entity": "이난영",
  "summary": "이난영은 김해송 선생님의 부인으로, 영화 박주에서 라여사 집에 흐르던 음악을 부른 가수이다."
}
```   ✅ 저장 완료 (기존 Neptune ID: 이난영_MOVIE_STAFF_50f67c11)

[6/276] 📝 김선생 (MOVIE_CHARACTER)
```json
{
  "entity": "김선생",
  "summary": "김선생은 영화 속 등장인물로, 50억짜리 계획을 제안하고 사기꾼들을 모아 한국은행을 대상으로 한 범죄를 기획하는 인물이다."
}
```   ✅ 저장 완료 (기존 Neptune ID: 김선생_MOVIE_CHARACTER_533d20a1)

[7/276] 📝 썬더 (MOVIE_CHARACTER)
```json
{
  "entity": "썬더",
  "summary": "썬더는 영화 '외계+인'의 등장인물로, 가드를 보좌하는 AI 프로그램이자 로봇 캐릭터이다. 전우치의 연장선상에 있는 판타지적 세계관에 속하며, 가드와 함께 외계인 죄수를 추적하고 지구를 관리하는 역할을 한다. 썬더는 갤로퍼 모드, 우주선 모드, 인간 모드 등 여러 버전으로 변환이 가능하며, 인간의 육체를 무에서 창조하는 오버 테크놀로지를 보유하고 있다. 신검과 함께 있어야 시간여행이 가능하며, 설계자와 함께 시공간을 넘나들 수 있다. 작중에서 규칙을 어기고 몰래 아이를 현대로 데려오기도 하고, 시간 여행을 통해 외계인을 과거로 데려가는 계획을 세운다. 기능이 정지된 상태에서 이안에 의해 운반되며 여정을 함께하고, 최종적으로 외계인과 외계 우주선을 타고 우주로 나가 자폭한다. 전투 장면에서 유치한 대사로 부조화를 일으킨다는 평가를 받기도 했다."
}
```   ✅ 저장 완료 (기존 Neptune ID: 썬더_MOVIE_CHARACTER_73b2ddc3)

[8/276] 📝 저장 (MOVIE_CHARACTER)
```json
{
  "entity": "저장",
  "summary": "저장은 영화 '외계+인'에서 카리스마를 보여주는 캐릭터이다."
}
```   ✅ 저장 완료 (기존 Neptune ID: 저장_MOVIE_CHARACTER_76be68d3)

[9/276] 📝 광 (MOVIE_CHARACTER)
```json
{
  "entity": "광",
  "summary": "광은 영화 '외계+인'에서 무륵의 전투용 반려동물로 등장하는 캐릭터이다."
}
```   ✅ 저장 완료 (기존 Neptune ID: 광_MOVIE_CHARACTER_464f2529)

[10/276] 📝 유성이 (MOVIE_STAFF)
```json
{
  "entity": "유성이",
  "summary": "유성이는 미술감독으로, 헤어질 결심, 아가씨, 암살 등의 작품에 참여했으며 영화 외계+인의 미술을 담당했다."
}
```   ✅ 저장 완료 (기존 Neptune ID: 유성이_MOVIE_STAFF_283450e9)

[11/276] 📝 카와구치 마무로 (MOVIE_CHARACTER)
```json
{
  "entity": "카와구치 마무로",
  "summary": "카와구치 마무로는 간도참변을 일으킨 19사단(신구사단) 지휘관으로, 암살 작전의 척결 대상이 되는 인물이다."
}
```   ✅ 저장 완료 (기존 Neptune ID: 카와구치_마무로_MOVIE_CHARACTER_8adae947)

[12/276] 📝 미츠코 (MOVIE_CHARACTER)
```json
{
  "entity": "미츠코",
  "summary": "미츠코는 안옥윤과 얼굴이 똑같은 쌍둥이 언니로, 강인구의 또 다른 딸이다. 그녀는 경성으로 돌아와 카와구치 대위와 결혼을 앞두고 있었으나 강인구에게 살해당했다. 해방 후에는 길거리에서 발견되어 추적당하는 인물이다."
}
```   ✅ 저장 완료 (기존 Neptune ID: 미츠코_MOVIE_CHARACTER_4d77c574)

[13/276] 📝 이신제 (ACTOR)
```json
{
  "entity": "이신제",
  "summary": "이신제는 영화 DI에서 줄리 역을 맡아 강렬한 연기를 선보였던 배우이다. 실제로는 담배를 피우지 못하는 것으로 알려져 있다."
}
```   ✅ 저장 완료 (기존 Neptune ID: 이신제_ACTOR_2f4d15ed)

[14/276] 📝 잠파노 (MOVIE_CHARACTER)
```json
{
  "entity": "잠파노",
  "summary": "잠파노는 영화 '도둑들'의 등장인물로, 예니콜을 구하고 체포되는 멋진 남자 캐릭터이다."
}
```   ✅ 저장 완료 (기존 Neptune ID: 잠파노_MOVIE_CHARACTER_ec6dc547)

[15/276] 📝 개똥이 (MOVIE_CHARACTER)
```json
{
  "entity": "개똥이",
  "summary": "개똥이는 영화 '외계+인'에 등장하는 캐릭터로, 신검을 가지고 탈주하며 양복쟁이의 도움으로 도망치는 인물이다. 그러나 밀본에게 습격당하고 납치되어 고문을 받으며, 란정에서 숨이 끊어져 가는 상태로 발견된다. 개똥이의 고난은 빌런의 잔혹함을 보여주는 역할을 한다."
}
```   ✅ 저장 완료 (기존 Neptune ID: 개똥이_MOVIE_CHARACTER_e29c2776)

[16/276] 📝 설계자 (MOVIE_CHARACTER)
```json
{
  "entity": "설계자",
  "summary": "설계자는 영화 '외계+인' 시리즈에 등장하는 외계인 빌런 캐릭터이다. 그는 외계인 후보에게 신검을 꽂아 검증하는 역할을 하며, 썬더와 함께 시공간을 넘나들 수 있는 능력을 가지고 있다. 설계자는 무륵의 몸 안에 존재하며 무륵과 공생관계에 있어, 무륵이 죽어야만 함께 죽일 수 있는 존재이다. 포탈을 열 수 있고 지구를 초토화할 능력을 보유하고 있다. 1부에서는 다른 죄수들과 시각적 차이가 부족하다는 지적을 받았고 총 두 발을 맞고 소멸 위기까지 갔으나, 2부에서는 시각적 분점이 생기며 삼식과 합쳐져 외계 초점으로 진화한다. 2부의 빌런 중 하나로 최종 빌런급 포스를 뿜어내며, 외계인 측에서 해방시키려는 대상이기도 하다."
}
```   ✅ 저장 완료 (기존 Neptune ID: 설계자_MOVIE_CHARACTER_99d153bd)

[17/276] 📝 톰 크루즈 (ACTOR)
```json
{
  "entity": "톰 크루즈",
  "summary": "톰 크루즈는 직접 몸을 던져가며 스턴트를 수행하는 것으로 유명한 배우이다."
}
```   ✅ 저장 완료 (기존 Neptune ID: 톰_크루즈_ACTOR_150b6c07)

[18/276] 📝 남자현 (MOVIE_CHARACTER)
```json
{
  "entity": "남자현",
  "summary": "남자현 여사는 안옥윤의 모티브가 된 실존 인물로, 3.1운동에 참여한 후 독립군을 지원하고 청산리 대첩에 참전하여 '독립군의 어머니'라 불린 인물이다."
}
```   ✅ 저장 완료 (기존 Neptune ID: 남자현_MOVIE_CHARACTER_5d777421)

[19/276] 📝 이경복 (MOVIE_CHARACTER)
```json
{
  "entity": "이경복",
  "summary": "이경복은 '휘발유'라는 별명을 가진 위조지폐 전문가이자 교도소 동기이다. 그는 금융감독원 직원으로 변장하여 당좌수표 샘플을 빼내는 역할을 담당하는 인물이다."
}
```   ✅ 저장 완료 (기존 Neptune ID: 이경복_MOVIE_CHARACTER_ea1fa22e)

[20/276] 📝 이아주 (MOVIE_STAFF)
```json
{
  "entity": "이아주",
  "summary": "이아주는 미술감독으로, 영화 기생충과 도둑들에 참여한 경력이 있다. 외계+인에서는 유성이 미술감독과 의기투합하여 작업했다."
}
```   ✅ 저장 완료 (기존 Neptune ID: 이아주_MOVIE_STAFF_d5f0cf83)

[21/276] 📝 삼식 (MOVIE_CHARACTER)
```json
{
  "entity": "삼식",
  "summary": "삼식은 이안이 설계자를 떼어내는 것을 방해하다가 떼어낸 외계인이 자신의 몸에 들어가면서 설계자와 합쳐지게 되는 캐릭터이다. 이로 인해 삼식은 2부의 빌런 중 하나가 된다."
}
```   ✅ 저장 완료 (기존 Neptune ID: 삼식_MOVIE_CHARACTER_462f2c5a)

[22/276] 📝 데라우치 총독 (MOVIE_CHARACTER)
```json
{
  "entity": "데라우치 총독",
  "summary": "데라우치 총독은 일본 총독으로, 이완용에게 소개를 받고 강인국에게 구출되는 인물이다."
}
```   ✅ 저장 완료 (기존 Neptune ID: 데라우치_총독_MOVIE_CHARACTER_8db17685)

[23/276] 📝 과실장 (MOVIE_CHARACTER)
```json
{
  "entity": "과실장",
  "summary": "과실장은 대길이 우사장과 연인 사이라는 것을 알고 대길을 작업한 인물이다."
}
```   ✅ 저장 완료 (기존 Neptune ID: 과실장_MOVIE_CHARACTER_7668f754)

[24/276] 📝 쥴리 (MOVIE_CHARACTER)
```json
{
  "entity": "쥴리",
  "summary": "쥴리는 영화 '도둑들'의 등장인물로, 도둑인 아버지 밑에서 모든 것을 배웠지만 훌륭한 경찰이 된 캐릭터이다. 그녀는 웨이홍을 검거하기 위해 금고털이로 위장하여 한국 경찰들과 합동 작전을 펼치며, 펩시와 함께 금고를 터는 전문가로 활동한다. 마카오박을 추적하여 부산 연안여객 터미널에 도착하고, 한국 도둑들의 방을 도청하는 역할을 수행한다. 최종적으로 웨이를 사살하는 인물이다."
}
```   ✅ 저장 완료 (기존 Neptune ID: 쥴리_MOVIE_CHARACTER_8db61f48)

[25/276] 📝 형가비 (MOVIE_CHARACTER)
```json
{
  "entity": "형가비",
  "summary": "형가비는 영화 '외계+인'에서 양복점을 운영하며 신검을 소유하고 있다가 외계인에게 살해당하는 인물이다."
}
```   ✅ 저장 완료 (기존 Neptune ID: 형가비_MOVIE_CHARACTER_49bf09f8)

[26/276] 📝 큐브릭 (MOVIE_STAFF)
```json
{
  "entity": "큐브릭",
  "summary": "큐브릭은 자신의 영화에서만 보여줄 수 있는 독특한 무언가를 만들기 위해 극도의 완벽주의를 추구한 감독이다. 영화 샤이닝에서 7분짜리 씬을 148번이나 리테이크하고, 쟁반 묘기 신을 156번이나 시도하는 등 철저한 작업 방식으로 유명하다."
}
```   ✅ 저장 완료 (기존 Neptune ID: 큐브릭_MOVIE_STAFF_0b986095)

[27/276] 📝 밀본 노파 (MOVIE_CHARACTER)
```json
{
  "entity": "밀본 노파",
  "summary": "밀본 노파는 무릎에게 사건의 내막을 글로 상세히 답변해주는 인물이다."
}
```   ✅ 저장 완료 (기존 Neptune ID: 밀본_노파_MOVIE_CHARACTER_a676d142)

[28/276] 📝 안성심 (MOVIE_CHARACTER)
```json
{
  "entity": "안성심",
  "summary": "안성심은 강인구의 아내로 독립운동가였던 인물이다. 그녀는 독립운동가를 치료하고 숨겨주는 활동을 했으며, 석진을 숨겨 빠져나가려 했다. 이후 쌍둥이 딸과 유모를 데리고 만주로 떠났다."
}
```   ✅ 저장 완료 (기존 Neptune ID: 안성심_MOVIE_CHARACTER_97139d45)

[29/276] 📝 김좌진 (MOVIE_CHARACTER)
```json
{
  "entity": "김좌진",
  "summary": "김좌진 장군은 남자현 여사와 함께 청산리 대첩에 참전한 독립군 장군이다."
}
```   ✅ 저장 완료 (기존 Neptune ID: 김좌진_MOVIE_CHARACTER_b103772b)

[30/276] 📝 정마담 (MOVIE_CHARACTER)
```json
{
  "entity": "정마담",
  "summary": "정마담은 영화 '타짜'에 등장하는 도박판의 마담으로, 도박 세계에서 영향력을 가진 여성 캐릭터이다. 아버지가 일제시대 때 큰돈을 벌었고 부동산과 사채로 돈을 모은 배경을 가지고 있다. 옷사리를 끝내고 출소한 후 고니의 실력에 관심을 보이며 그가 화려한 삶을 시작하게 해주는 인물이다. 플러팅 기술이 뛰어나며 고니에 대한 그리움을 가지고 있다. 부산에서 평경장에게 연락하여 부산으로 오게 만들었으며, 출소 후에는 도박에 빠진 부자를 작업하고 군산 쪽 공사에 기술자가 필요해 고니를 찾아온다. 아귀가 고니를 찾기 위해 이용하려는 대상이기도 하며, 평경장을 죽인 것으로 밝혀지는 캐릭터이다."
}
```   ✅ 저장 완료 (기존 Neptune ID: 정마담_MOVIE_CHARACTER_23d57df6)

[31/276] 📝 장영규 (MOVIE_STAFF)
```json
{
  "entity": "장영규",
  "summary": "장영규는 영화 전우치의 음악 감독으로, 감독의 전작인 타짜에서도 음악을 담당한 바 있다."
}
```   ✅ 저장 완료 (기존 Neptune ID: 장영규_MOVIE_STAFF_c2528667)

[32/276] 📝 조상경 (MOVIE_STAFF)
```json
{
  "entity": "조상경",
  "summary": "조상경은 의상감독으로, 영화 아가씨와 남한산성에 참여했으며 외계+인의 의상을 담당했다."
}
```   ✅ 저장 완료 (기존 Neptune ID: 조상경_MOVIE_STAFF_29238c62)

[33/276] 📝 가든 (MOVIE_CHARACTER)
```json
{
  "entity": "가든",
  "summary": "가든은 영화 '외계+인'에 등장하는 캐릭터로, 온갖 폼을 잡고 털리기를 원했던 인물이다."
}
```   ✅ 저장 완료 (기존 Neptune ID: 가든_MOVIE_CHARACTER_4028f739)

[34/276] 📝 이완용 (MOVIE_CHARACTER)
```json
{
  "entity": "이완용",
  "summary": "이완용은 실존 인물을 바탕으로 한 친일파 캐릭터로, 데라우치 총독에게 누군가를 소개시켜주는 역할을 한다. 1911년 손탁호텔에서 염석진의 암살 대상이었던 인물이다."
}
```   ✅ 저장 완료 (기존 Neptune ID: 이완용_MOVIE_CHARACTER_e05f1598)

[35/276] 📝 곱추 (MOVIE_CHARACTER)
```json
{
  "entity": "곱추",
  "summary": "곱추는 김구와 김원봉의 합작 사실을 일본 영사관에 팔아먹으려는 인물이다."
}
```   ✅ 저장 완료 (기존 Neptune ID: 곱추_MOVIE_CHARACTER_2cdea06c)

[36/276] 📝 염정아 (ACTOR)
```json
{
  "entity": "염정아",
  "summary": "염정아는 영화에 특별출연으로 출연했으나 연기가 너무 좋아 분량이 늘어난 배우이다. 당시 임신 중이었음에도 불구하고 사기 전과가 있는 캐릭터를 연기하며 새로운 이미지 변신을 보여주었다."
}
```   ✅ 저장 완료 (기존 Neptune ID: 염정아_ACTOR_9d48b1bf)

[37/276] 📝 허미나 (MOVIE_CHARACTER)
```json
{
  "entity": "허미나",
  "summary": "허미나는 대길의 첫사랑이자 광철의 동생으로, 대길이 목숨을 부지할 수 있도록 도와준 인물이다. 대길 대신 팔려갔다가 대길에 의해 구출되어 자유의 몸이 되었다. 이후 광철을 빼내려고 작업장을 찾아갔으며, 부자 첩 행세를 하며 도박 작업에 참여한다. 대길과 함께 도박판에서 신호를 주고받으며 외통수를 치는 역할을 하지만, 유산을 하게 되고 대차한 돈도 뺏기는 시련을 겪는다. 최종적으로 최종 게임의 승자 중 한 명이 된다."
}
```   ✅ 저장 완료 (기존 Neptune ID: 허미나_MOVIE_CHARACTER_e2688110)

[38/276] 📝 광녀 (MOVIE_CHARACTER)
```json
{
  "entity": "광녀",
  "summary": "광녀는 영화 타짜에 등장하는 캐릭터로, 고니와 대결 구도를 형성하는 인물이다."
}
```   ✅ 저장 완료 (기존 Neptune ID: 광녀_MOVIE_CHARACTER_8fab2028)

[39/276] 📝 증국상 (ACTOR)
```json
{
  "entity": "증국상",
  "summary": "증국상은 홍콩의 유명한 배우이자 영화 감독으로, 조니 역을 맡았다."
}
```   ✅ 저장 완료 (기존 Neptune ID: 증국상_ACTOR_4627e49f)

[40/276] 📝 로버트 다우니 주니어 (ACTOR)
```json
{
  "entity": "로버트 다우니 주니어",
  "summary": "로버트 다우니 주니어(로다주)는 어벤져스에서 아이언맨을 연기한 배우로, 독특한 연기 스타일로 유명하다."
}
```   ✅ 저장 완료 (기존 Neptune ID: 로버트_다우니_주니어_ACTOR_73eac645)

[41/276] 📝 차원 (MOVIE_CHARACTER)
```json
{
  "entity": "차원",
  "summary": "차원은 도사이며 설계자 후보 중 한 명으로, 신검의 검증을 거쳤으나 별다른 영향이 없었던 인물이다."
}
```   ✅ 저장 완료 (기존 Neptune ID: 차원_MOVIE_CHARACTER_9d172f96)

[42/276] 📝 토니 스타크 (MOVIE_CHARACTER)
```json
{
  "entity": "토니 스타크",
  "summary": "토니 스타크는 아이언맨 시리즈의 주인공으로, 리뷰어가 캐릭터 발전의 좋은 예시로 언급한 인물이다."
}
```   ✅ 저장 완료 (기존 Neptune ID: 토니_스타크_MOVIE_CHARACTER_d71c8f8f)

[43/276] 📝 기우 (MOVIE_CHARACTER)
```json
{
  "entity": "기우",
  "summary": "기우는 영화 기생충에서 부잣집에 과외선생으로 위장해 들어가는 인물이다."
}
```   ✅ 저장 완료 (기존 Neptune ID: 기우_MOVIE_CHARACTER_d8eb4f86)

[44/276] 📝 절리 1리 (MOVIE_CHARACTER)
```json
{
  "entity": "절리 1리",
  "summary": "절리 1리는 현상금사냥꾼으로 등장하지만 이안에게 제압당하는 인물이다."
}
```   ✅ 저장 완료 (기존 Neptune ID: 절리_1리_MOVIE_CHARACTER_364ea852)

[45/276] 📝 진경 (ACTOR)
```json
{
  "entity": "진경",
  "summary": "진경은 안성심 역을 맡은 배우이다."
}
```   ✅ 저장 완료 (기존 Neptune ID: 진경_ACTOR_7bb68078)

[46/276] 📝 김민석 (ACTOR)
```json
{
  "entity": "김민석",
  "summary": "김민석은 배우로, 가스관을 겨드랑이에 설치하고 실제로 부채에 불을 붙여 촬영하는 장면에서 무서웠다고 밝혔다. 또한 성당 앞에서 다른 배우들과 함께 이야기를 나누는 장면에도 참여했다."
}
```   ✅ 저장 완료 (기존 Neptune ID: 김민석_ACTOR_a8b2b650)

[47/276] 📝 재미 (MOVIE_CHARACTER)
```json
{
  "entity": "재미",
  "summary": "재미는 5명의 사기꾼 팀 중 한 명으로, 은행 강도 계획에 참여하는 인물이다."
}
```   ✅ 저장 완료 (기존 Neptune ID: 재미_MOVIE_CHARACTER_4776d648)

[48/276] 📝 전주원 (ACTOR)
```json
{
  "entity": "전주원",
  "summary": "전주원은 배우로, 실제로 향수를 안 쓰고 로션 냄새라고 한 말이 영화 대사로 사용되었다."
}
```   ✅ 저장 완료 (기존 Neptune ID: 전주원_ACTOR_22186e39)

[49/276] 📝 안상수 (MOVIE_STAFF)
```json
{
  "entity": "안상수",
  "summary": "안상수는 타이포그래피의 거장 디자이너로, 영화 '외계+인'의 외계 문자를 새롭게 고안했다."
}
```   ✅ 저장 완료 (기존 Neptune ID: 안상수_MOVIE_STAFF_8819cfeb)

[50/276] 📝 김용화 (MOVIE_STAFF)
```json
{
  "entity": "김용화",
  "summary": "김용화 감독은 신과 함께와 더 문을 연출한 감독으로, 신파적 연출이 특징이다."
}
```   ✅ 저장 완료 (기존 Neptune ID: 김용화_MOVIE_STAFF_701deefc)

[51/276] 📝 사사키 (MOVIE_CHARACTER)
```json
{
  "entity": "사사키",
  "summary": "사사키는 일본인 역할의 캐릭터이다."
}
```   ✅ 저장 완료 (기존 Neptune ID: 사사키_MOVIE_CHARACTER_84c21524)

[52/276] 📝 고장 (MOVIE_CHARACTER)
```json
{
  "entity": "고장",
  "summary": "고장은 사업장이 경찰에 걸렸을 때 잠수타지 않고 남은 인물이다."
}
```   ✅ 저장 완료 (기존 Neptune ID: 고장_MOVIE_CHARACTER_23444d54)

[53/276] 📝 조니 (MOVIE_CHARACTER)
```json
{
  "entity": "조니",
  "summary": "조니는 중국상 배우가 연기한 캐릭터이다."
}
```   ✅ 저장 완료 (기존 Neptune ID: 조니_MOVIE_CHARACTER_943f0afe)

[54/276] 📝 이신재 (MOVIE_CHARACTER)
```json
{
  "entity": "이신재",
  "summary": "이신재는 담배를 못 펴서 담배를 들고 있는 손이 미세하게 떨렸던 캐릭터이다."
}
```   ✅ 저장 완료 (기존 Neptune ID: 이신재_MOVIE_CHARACTER_6a455089)

[55/276] 📝 기정 (MOVIE_CHARACTER)
```json
{
  "entity": "기정",
  "summary": "기정은 영화 기생충에서 기우와 함께 부잣집에 들어가 계획을 꾸미는 인물이다. 그녀는 다솜이의 마음속 블랙박스를 열어보겠다는 대사를 하는 캐릭터이다."
}
```   ✅ 저장 완료 (기존 Neptune ID: 기정_MOVIE_CHARACTER_274a6435)

[56/276] 📝 능파 (MOVIE_CHARACTER)
```json
{
  "entity": "능파",
  "summary": "능파는 외계인 2부에 등장하는 캐릭터로, 약팔이 중 무술을 선보이는 바람잡이 역할을 하며 생계를 유지하고 있다. 사실 그는 밀본에서 파문당한 맹인 검사로, 자장의 촉수 난동 중에 눈을 잃었다. 이안을 쫓던 두 신선 중 하나로 벽란정을 이미 쓸어버린 적대적 인물이며, 무릎과 대결하는 캐릭터이다. 이후 손을 베이면서 눈을 뜨게 되고 과거에 남겨지는 신선 캐릭터이다."
}
```   ✅ 저장 완료 (기존 Neptune ID: 능파_MOVIE_CHARACTER_9bc9a207)

[57/276] 📝 전지현 (ACTOR)
```json
{
  "entity": "전지현",
  "summary": "전지현은 도둑들에서 예니콜 역을 맡은 배우로, 거의 스턴트 없이 직접 액션 연기를 소화했으며 와이어 액션도 가볍게 수행하여 화제가 되었다. 평소 운동을 많이 하고 운동 신경이 좋아 액션 자세가 멋있게 나온다는 평가를 받았다. 홍콩에서 첫 촬영으로 액션 장면을 찍었으며, 힘들었지만 불평 없이 열심히 임했다. 담배를 못 피지만 담배 피우는 연기를 하느라 힘들었고, 촬영하면서 실력이 늘었다고 한다. 애드리브 대사를 직접 만들기도 했으며, 뭘 입어도 잘 어울린다는 평가를 받았다. 다년간 엘라스틴 모델 경력이 있다. 또한 안옥균 역으로도 출연했으며, 처음에는 안성심 역까지 1인 3역을 맡을 예정이었다고 한다."
}
```   ✅ 저장 완료 (기존 Neptune ID: 전지현_ACTOR_9312e880)

[58/276] 📝 김인석 (ACTOR)
```json
{
  "entity": "김인석",
  "summary": "김인석은 배우로, 부채가 타는 장면 촬영 중 열풍기로 인해 손에 화상을 입었다."
}
```   ✅ 저장 완료 (기존 Neptune ID: 김인석_ACTOR_d860240a)

[59/276] 📝 최영환 (MOVIE_STAFF)
```json
{
  "entity": "최영환",
  "summary": "최영환은 촬영감독으로, 최동훈 감독과 오랜 호흡을 맞춰온 파트너이다. '사람을 잘 찍는 빠르고 정확한 표범 같은 촬영감독'으로 묘사되며, 김혜수 배우와 작품을 해본 적이 있어서 얼굴에 가장 좋은 각도를 잘 안다."
}
```   ✅ 저장 완료 (기존 Neptune ID: 최영환_MOVIE_STAFF_964031bc)

[60/276] 📝 최영상 (MOVIE_STAFF)
```json
{
  "entity": "최영상",
  "summary": "최영상은 촬영 감독으로, 빠른 촬영 스피드와 정확한 앵글 구성이 특징이다. 대학교 시절 연기 경험이 있어 배우들의 신뢰가 높다."
}
```   ✅ 저장 완료 (기존 Neptune ID: 최영상_MOVIE_STAFF_09bee2e4)

[61/276] 📝 나웅진 (MOVIE_STAFF)
```json
{
  "entity": "나웅진",
  "summary": "나웅진은 한국 영화 감독으로, 스릴러와 미스터리 장르가 전문 분야인 감독이다."
}
```   ✅ 저장 완료 (기존 Neptune ID: 나웅진_MOVIE_STAFF_677d8ebb)

[62/276] 📝 최종방 (ACTOR)
```json
{
  "entity": "최종방",
  "summary": "최종방은 특별 카메오로 출연한 배우이다. 직접 아이디어를 내어 출연까지 하게 되었다고 한다."
}
```   ✅ 저장 완료 (기존 Neptune ID: 최종방_ACTOR_619c670d)

[63/276] 📝 형감 (MOVIE_CHARACTER)
```json
{
  "entity": "형감",
  "summary": "형감은 영화 외계+인에 등장하는 캐릭터로, 도사의 부채를 한눈에 알아보는 인물이다."
}
```   ✅ 저장 완료 (기존 Neptune ID: 형감_MOVIE_CHARACTER_fe9ca85f)

[64/276] 📝 다솜 (MOVIE_CHARACTER)
```json
{
  "entity": "다솜",
  "summary": "다솜은 영화 기생충에서 부잣집의 인물로, 기정이 그녀의 마음속 블랙박스를 열어보겠다고 언급하는 대상이다."
}
```   ✅ 저장 완료 (기존 Neptune ID: 다솜_MOVIE_CHARACTER_98385bda)

[65/276] 📝 제임스 카메론 (MOVIE_STAFF)
```json
{
  "entity": "제임스 카메론",
  "summary": "제임스 카메론은 아바타를 연출한 유명 감독으로, 영화 속 강아지 이름 '카메론'의 유래가 된 인물이다."
}
```   ✅ 저장 완료 (기존 Neptune ID: 제임스_카메론_MOVIE_STAFF_1eb6dd53)

[66/276] 📝 다이아 (MOVIE_CHARACTER)
```json
{
  "entity": "다이아",
  "summary": "다이아는 김혜수 배우가 연기한 캐릭터로, 시선 고정이 중요한 장면이 있었다."
}
```   ✅ 저장 완료 (기존 Neptune ID: 다이아_MOVIE_CHARACTER_97421f15)

[67/276] 📝 박신양 (ACTOR)
```json
{
  "entity": "박신양",
  "summary": "박신양은 영화 약속에서 결혼 장면을 촬영한 배우이다."
}
```   ✅ 저장 완료 (기존 Neptune ID: 박신양_ACTOR_8507bdae)

[68/276] 📝 최종선 (ACTOR)
```json
{
  "entity": "최종선",
  "summary": "최종선은 영화에서 단독적인 역할을 맡은 배우로, 드물게 많이 등장하는 캐스팅이라고 평가받았다."
}
```   ✅ 저장 완료 (기존 Neptune ID: 최종선_ACTOR_31f515a2)

[69/276] 📝 무석 (MOVIE_CHARACTER)
```json
{
  "entity": "무석",
  "summary": "무석은 과초과의 결의 하루 전날 고니가 찾아가 자신의 편으로 회유하는 인물이다."
}
```   ✅ 저장 완료 (기존 Neptune ID: 무석_MOVIE_CHARACTER_83e45fb8)

[70/276] 📝 해수 (MOVIE_CHARACTER)
```json
{
  "entity": "해수",
  "summary": "해수는 영화 도둑들에 등장하는 인물로, 계단 신에서 사랑했던 사람과 대화 후 흔들리는 감정을 표현하는 캐릭터이다."
}
```   ✅ 저장 완료 (기존 Neptune ID: 해수_MOVIE_CHARACTER_e069fc43)

[71/276] 📝 강시 총재 (MOVIE_CHARACTER)
```json
{
  "entity": "강시 총재",
  "summary": "강시 총재는 영화 외계+인에 등장하는 캐릭터로, 시간의 흐름에 대한 중요한 대사를 하는 인물이다."
}
```   ✅ 저장 완료 (기존 Neptune ID: 강시_총재_MOVIE_CHARACTER_17fbfb05)

[72/276] 📝 하정우 (ACTOR)
```json
{
  "entity": "하정우",
  "summary": "하정우는 영화 허삼관 촬영을 마치고 바로 상해로 날아와 첫 신을 찍은 배우이다."
}
```   ✅ 저장 완료 (기존 Neptune ID: 하정우_ACTOR_5eca116e)

[73/276] 📝 카와구치 슌스케 (MOVIE_CHARACTER)
```json
{
  "entity": "카와구치 슌스케",
  "summary": "카와구치 슌스케는 미츠코와 결혼을 앞둔 일본군 대위로, 결혼식에서 인질로 잡히게 된다."
}
```   ✅ 저장 완료 (기존 Neptune ID: 카와구치_슌스케_MOVIE_CHARACTER_a1599942)

[74/276] 📝 전도연 (ACTOR)
```json
{
  "entity": "전도연",
  "summary": "전도연은 영화 약속에서 결혼 장면을 촬영한 배우이다."
}
```   ✅ 저장 완료 (기존 Neptune ID: 전도연_ACTOR_4d595400)

[75/276] 📝 김원봉 (MOVIE_CHARACTER)
```json
{
  "entity": "김원봉",
  "summary": "김원봉은 약산이라는 별명을 가진 독립운동가로, 현상금 8만원이 걸린 인물이다. 그는 의열단과 조선의용대를 이끌었으며, 대한민국 임시정부의 광복군 부사령관으로 활동했다. 김구를 만나러 황저우에 와서 합동 작전을 세우고 암살 작전을 계획하며, 염석진에게 저격수들을 데려오라고 지시하는 등 독립운동을 주도하는 캐릭터이다."
}
```   ✅ 저장 완료 (기존 Neptune ID: 김원봉_MOVIE_CHARACTER_7c8d2814)

[76/276] 📝 오장군 (MOVIE_CHARACTER)
```json
{
  "entity": "오장군",
  "summary": "오장군은 별 두 개로 예편한 인물로, 캐시가 넉넉한 도박 상대로 언급된다."
}
```   ✅ 저장 완료 (기존 Neptune ID: 오장군_MOVIE_CHARACTER_2577e174)

[77/276] 📝 신선 (MOVIE_CHARACTER)
```json
{
  "entity": "신선",
  "summary": "신선들은 영화 외계+인에서 도술을 부리는 캐릭터들이다. 이안, 무릎, 민개 등과 함께 어벤져스를 의식한 집합 장면에 등장하는 인물들이다."
}
```   ✅ 저장 완료 (기존 Neptune ID: 신선_MOVIE_CHARACTER_6b891176)

[78/276] 📝 저리 (MOVIE_CHARACTER)
```json
{
  "entity": "저리",
  "summary": "저리는 이안과 함께 능파를 찾아가는 캐릭터이다."
}
```   ✅ 저장 완료 (기존 Neptune ID: 저리_MOVIE_CHARACTER_3d1ffde4)

[79/276] 📝 정인겸 (ACTOR)
```json
{
  "entity": "정인겸",
  "summary": "정인겸은 사사키 역을 맡은 배우로, 영화 아가씨에서도 일본인 역으로 출연한 경력이 있다."
}
```   ✅ 저장 완료 (기존 Neptune ID: 정인겸_ACTOR_558e4ce2)

[80/276] 📝 키아누 리브스 (ACTOR)
```json
{
  "entity": "키아누 리브스",
  "summary": "키아누 리브스는 영화 매트릭스에서 롱 가죽 코트를 입고 출연한 배우이다."
}
```   ✅ 저장 완료 (기존 Neptune ID: 키아누_리브스_ACTOR_3c046d94)

[81/276] 📝 서식장 (MOVIE_CHARACTER)
```json
{
  "entity": "서식장",
  "summary": "서식장은 도박 게임에서 상대방과 대결하는 인물이다."
}
```   ✅ 저장 완료 (기존 Neptune ID: 서식장_MOVIE_CHARACTER_b0914705)

[82/276] 📝 장사장 (MOVIE_CHARACTER)
```json
{
  "entity": "장사장",
  "summary": "장사장은 도박 게임에 참가하는 인물로, 팔땡 패를 받는 캐릭터이다."
}
```   ✅ 저장 완료 (기존 Neptune ID: 장사장_MOVIE_CHARACTER_7b2f94f7)

[83/276] 📝 충재 (MOVIE_CHARACTER)
```json
{
  "entity": "충재",
  "summary": "충재는 고니와 관련된 인물로, 서울로 갔다고 언급되는 캐릭터이다."
}
```   ✅ 저장 완료 (기존 Neptune ID: 충재_MOVIE_CHARACTER_24c4e3f4)

[84/276] 📝 예수정 (ACTOR)
```json
{
  "entity": "예수정",
  "summary": "예수정은 모든 배우들이 존경하는 연극계의 대모로, 티파니 역을 맡았다."
}
```   ✅ 저장 완료 (기존 Neptune ID: 예수정_ACTOR_40871e78)

[85/276] 📝 조승우 (ACTOR)
```json
{
  "entity": "조승우",
  "summary": "조승우는 김원봉 역을 맡은 배우로, 감독이 처음부터 관객들에게 조승우의 얼굴로 기억되길 원했다."
}
```   ✅ 저장 완료 (기존 Neptune ID: 조승우_ACTOR_c36f458f)

[86/276] 📝 짝귀 (MOVIE_CHARACTER)
```json
{
  "entity": "짝귀",
  "summary": "짝귀는 경상도의 유명한 타짜로 언급되는 인물이다. 그는 고니에게 거짓말의 타이밍과 상대방을 보지 말라는 도박 기술을 가르쳐주는 역할을 한다."
}
```   ✅ 저장 완료 (기존 Neptune ID: 짝귀_MOVIE_CHARACTER_b61affbd)

[87/276] 📝 교수 (MOVIE_CHARACTER)
```json
{
  "entity": "교수",
  "summary": "교수는 아픈 딸의 병원비 때문에 도박에 참여하는 인물이다."
}
```   ✅ 저장 완료 (기존 Neptune ID: 교수_MOVIE_CHARACTER_8cd932b8)

[88/276] 📝 임달화 (ACTOR)
```json
{
  "entity": "임달화",
  "summary": "임달화는 홍콩 배우로 영화 도둑들에 출연했다."
}
```   ✅ 저장 완료 (기존 Neptune ID: 임달화_ACTOR_6cf23de9)

[89/276] 📝 도 (MOVIE_CHARACTER)
```json
{
  "entity": "도",
  "summary": "도는 씹던과 사랑에 빠지는 인물이다."
}
```   ✅ 저장 완료 (기존 Neptune ID: 도_MOVIE_CHARACTER_2091a734)

[90/276] 📝 왕가위 (MOVIE_STAFF)
```json
{
  "entity": "왕가위",
  "summary": "왕가위는 홍콩의 영화 감독으로, 좁은 도로 환경에서 같은 장소를 반복 사용하며 예술적인 영화를 만든 것으로 알려져 있다."
}
```   ✅ 저장 완료 (기존 Neptune ID: 왕가위_MOVIE_STAFF_f68f998b)

[91/276] 📝 청운 (MOVIE_CHARACTER)
```json
{
  "entity": "청운",
  "summary": "청운은 영화 외계+인에 등장하는 도사 캐릭터로, 홍콩 영화에 대한 이해가 담긴 유일하게 볼 만한 파트로 평가받는다."
}
```   ✅ 저장 완료 (기존 Neptune ID: 청운_MOVIE_CHARACTER_89db3341)

[92/276] 📝 테라우치 총독 (MOVIE_CHARACTER)
```json
{
  "entity": "테라우치 총독",
  "summary": "테라우치 총독은 1911년 손탁호텔에서 염석진의 암살 대상이었던 일본 총독이다."
}
```   ✅ 저장 완료 (기존 Neptune ID: 테라우치_총독_MOVIE_CHARACTER_2cb7057b)

[93/276] 📝 정두홍 (MOVIE_STAFF)
```json
{
  "entity": "정두홍",
  "summary": "정두홍은 무술 감독으로, 강동원 배우의 와이어 액션 동선에 깜짝 놀랐으며, 전우치가 차 밖으로 나와 뛰는 장면을 아이디어로 제안했다."
}
```   ✅ 저장 완료 (기존 Neptune ID: 정두홍_MOVIE_STAFF_57ccef2b)

[94/276] 📝 우도봉 (MOVIE_CHARACTER)
```json
{
  "entity": "우도봉",
  "summary": "우도봉은 부적을 쓰는 도사이다."
}
```   ✅ 저장 완료 (기존 Neptune ID: 우도봉_MOVIE_CHARACTER_2662b40f)

[95/276] 📝 엄호 (MOVIE_CHARACTER)
```json
{
  "entity": "엄호",
  "summary": "엄호는 영화 속 등장인물로, 창형과 연애를 했다고 언급된다."
}
```   ✅ 저장 완료 (기존 Neptune ID: 엄호_MOVIE_CHARACTER_1ba76547)

[96/276] 📝 티파니 (MOVIE_CHARACTER)
```json
{
  "entity": "티파니",
  "summary": "티파니는 예수정 선생님이 연기한 캐릭터로, 다이아몬드 '태양의 눈물'의 주인이다. 그녀는 금고에 현금을 보관하고 있으며, VIP실에 잡혀있게 되는 인물이다."
}
```   ✅ 저장 완료 (기존 Neptune ID: 티파니_MOVIE_CHARACTER_46f06a78)

[97/276] 📝 김구 (MOVIE_CHARACTER)
```json
{
  "entity": "김구",
  "summary": "김구는 백범이라는 별명을 가진 대한민국 임시정부의 독립운동 지도자이다. 영화에서 그는 김원봉과 함께 합동 작전을 세우며 보안에 철저한 모습을 보인다. 일본에게 노출되지 않은 3명을 암살 작전에 내보내기로 결정하는 역할을 맡으며, 염석진을 밀정으로 의심하면서도 그가 아니길 바라는 결단력 있는 인물로 묘사된다. 염대장의 위치를 묻는 등 독립운동을 이끄는 핵심 인물이다."
}
```   ✅ 저장 완료 (기존 Neptune ID: 김구_MOVIE_CHARACTER_06e93b67)

[98/276] 📝 과부 (MOVIE_CHARACTER)
```json
{
  "entity": "과부",
  "summary": "과부는 절에 가다가 전우치에게 보쌈당하는 인물로, 도끼병에 금사빠인 캐릭터이다. 우치와 처음 만났을 때 특정 음악이 나오는 장면에 등장한다."
}
```   ✅ 저장 완료 (기존 Neptune ID: 과부_MOVIE_CHARACTER_8d7b7b7f)

[99/276] 📝 손병욱 (ACTOR)
```json
{
  "entity": "손병욱",
  "summary": "손병욱은 영화 범죄의 재구성에서 김윤석 배우와 함께 형사 역으로 출연한 배우이다."
}
```   ✅ 저장 완료 (기존 Neptune ID: 손병욱_ACTOR_9e28ccea)

[100/276] 📝 자장 (MOVIE_CHARACTER)
```json
{
  "entity": "자장",
  "summary": "자장은 2부의 빌런 중 하나로, 과거로 타임슬립하여 밀본에 구조된 후 가면을 건네받자 촉수로 난동을 피우며 밀본의 수장이 된 캐릭터이다. 그는 밀본을 장악하려는 계획을 가지고 있으며, 이후 포탈을 열고 현대로 돌아간다. 결정화되며 퇴장하는데, 퇴장 타이밍을 못 잡은 절리에 가까운 캐릭터로 평가받는다."
}
```   ✅ 저장 완료 (기존 Neptune ID: 자장_MOVIE_CHARACTER_17158f58)

[101/276] 📝 이씨 (MOVIE_CHARACTER)
```json
{
  "entity": "이씨",
  "summary": "이씨는 전우치를 그림에서 꺼내려는 새 신선 중 한 명이다."
}
```   ✅ 저장 완료 (기존 Neptune ID: 이씨_MOVIE_CHARACTER_976813e9)

[102/276] 📝 혜진 (MOVIE_CHARACTER)
```json
{
  "entity": "혜진",
  "summary": "혜진은 영화 전우치에 등장하는 캐릭터이다."
}
```   ✅ 저장 완료 (기존 Neptune ID: 혜진_MOVIE_CHARACTER_936e3e91)

[103/276] 📝 참관 (MOVIE_CHARACTER)
```json
{
  "entity": "참관",
  "summary": "참관은 전우치의 스승이다."
}
```   ✅ 저장 완료 (기존 Neptune ID: 참관_MOVIE_CHARACTER_e84720ff)

[104/276] 📝 곤 (MOVIE_CHARACTER)
```json
{
  "entity": "곤",
  "summary": "곤은 극중에서 대화 중 언급되는 인물로, 삼촌으로 불린다."
}
```   ✅ 저장 완료 (기존 Neptune ID: 곤_MOVIE_CHARACTER_bd715ee7)

[105/276] 📝 김홍파 (ACTOR)
```json
{
  "entity": "김홍파",
  "summary": "김홍파는 영화에서 김구 역으로 캐스팅된 배우이다."
}
```   ✅ 저장 완료 (기존 Neptune ID: 김홍파_ACTOR_0349aeec)

[106/276] 📝 대감 (MOVIE_CHARACTER)
```json
{
  "entity": "대감",
  "summary": "대감은 과부를 넘겨받고 청동검의 행방을 알고 있는 인물이다."
}
```   ✅ 저장 완료 (기존 Neptune ID: 대감_MOVIE_CHARACTER_f87277ea)

[107/276] 📝 안성기 (ACTOR)
```json
{
  "entity": "안성기",
  "summary": "안성기는 김성수 감독의 영화 무사에 출연한 배우로, 최동훈 감독이 매우 좋아하는 배우이다."
}
```   ✅ 저장 완료 (기존 Neptune ID: 안성기_ACTOR_d907255c)

[108/276] 📝 조아 (MOVIE_CHARACTER)
```json
{
  "entity": "조아",
  "summary": "조아는 광철의 감방 동료로 사기꾼이다."
}
```   ✅ 저장 완료 (기존 Neptune ID: 조아_MOVIE_CHARACTER_4a621eb9)

[109/276] 📝 예니콜 (MOVIE_CHARACTER)
```json
{
  "entity": "예니콜",
  "summary": "예니콜은 영화 도둑들의 등장인물로, 전지현이 연기한 한국 도둑 팀의 일원이다. 본명은 예복귀이며, 범죄가 일상처럼 익숙한 해맑은 캐릭터로 이기적이고 가증스럽지만 미워할 수 없는 매력을 가졌다. 3분 안에 목표물을 훔치는 실력자로 미인계를 활용하며, 골동품 절도와 다이아몬드 획득에 성공한다. 씹던 껌으로 꿈을 사는 장면이 비극적 장면과 연결되고, 씹던검과 잔파노에 대한 분노와 슬픔으로 적극적으로 나서기도 한다. 중국어를 못하지만 판호의 도움으로 탈출에 성공하며, 마지막에 다이아몬드를 손에 넣는다. 이기적이지만 잠깐 진심이 묻어나는 감성적인 면을 보여주는 캐릭터이다."
}
```   ✅ 저장 완료 (기존 Neptune ID: 예니콜_MOVIE_CHARACTER_f29b9b55)

[110/276] 📝 장준영 (ACTOR)
```json
{
  "entity": "장준영",
  "summary": "장준영은 타짜와 전우치에 등장한 배우로, 싸움의 기술에서도 인상 깊은 연기를 보여주었다."
}
```   ✅ 저장 완료 (기존 Neptune ID: 장준영_ACTOR_97239108)

[111/276] 📝 김의성 (ACTOR)
```json
{
  "entity": "김의성",
  "summary": "김의성은 자장 역을 연기한 배우이다."
}
```   ✅ 저장 완료 (기존 Neptune ID: 김의성_ACTOR_1ea309e8)

[112/276] 📝 약파 (MOVIE_CHARACTER)
```json
{
  "entity": "약파",
  "summary": "약파는 능파와 관련된 과거 사연이 있는 캐릭터이다."
}
```   ✅ 저장 완료 (기존 Neptune ID: 약파_MOVIE_CHARACTER_89ef49d3)

[113/276] 📝 백일은 (MOVIE_CHARACTER)
```json
{
  "entity": "백일은",
  "summary": "백일은은 대길과 함께 일하며 장기술로 위기 상황을 커버해주는 인물이다. 또한 우사장과의 관계를 비밀로 유지하고 있다."
}
```   ✅ 저장 완료 (기존 Neptune ID: 백일은_MOVIE_CHARACTER_04f32151)

[114/276] 📝 김해숙 (ACTOR)
```json
{
  "entity": "김해숙",
  "summary": "김해숙은 김혜수 배우와 함께 오랜 시간 대기하며 촬영에 참여한 배우이다."
}
```   ✅ 저장 완료 (기존 Neptune ID: 김해숙_ACTOR_9a975a73)

[115/276] 📝 기호 (MOVIE_CHARACTER)
```json
{
  "entity": "기호",
  "summary": "기호는 영화 도둑들에 등장하는 캐릭터로, 마카오박이 병원에 가라고 배려하는 대상이다."
}
```   ✅ 저장 완료 (기존 Neptune ID: 기호_MOVIE_CHARACTER_2d8ee148)

[116/276] 📝 최덕문 (ACTOR)
```json
{
  "entity": "최덕문",
  "summary": "최덕문은 영화 도둑들에서 황덕삼 역을 맡은 배우로, 남다른 취향을 가진 카지노 집 역할을 연기했다. 그는 영화에서 김수현과 키스신을 찍었으며, 감독이 연극 무대에서 눈여겨 보던 배우이다."
}
```   ✅ 저장 완료 (기존 Neptune ID: 최덕문_ACTOR_573bcf76)

[117/276] 📝 귀요괴 (MOVIE_CHARACTER)
```json
{
  "entity": "귀요괴",
  "summary": "귀요괴는 인간의 몸으로 숨어든 열두 요괴 중 하나로, 특수 분장과 CG로 구현되었다."
}
```   ✅ 저장 완료 (기존 Neptune ID: 귀요괴_MOVIE_CHARACTER_92984ff4)

[118/276] 📝 지연 (MOVIE_CHARACTER)
```json
{
  "entity": "지연",
  "summary": "지연은 기승자로 언급되는 여성 인물이다."
}
```   ✅ 저장 완료 (기존 Neptune ID: 지연_MOVIE_CHARACTER_f626ca01)

[119/276] 📝 뺀치 (MOVIE_CHARACTER)
```json
{
  "entity": "뺀치",
  "summary": "뺀치는 광철의 감방 동료로 전문 털이범이며, 화투패를 바꿔치기하는 역할을 담당한다."
}
```   ✅ 저장 완료 (기존 Neptune ID: 뺀치_MOVIE_CHARACTER_20b1d22c)

[120/276] 📝 류준열 (ACTOR)
```json
{
  "entity": "류준열",
  "summary": "류준열은 외계+인에 출연한 스타 배우로, 영화에서 무릎 역을 연기했다. 그는 트렌디하고 핫한 배우이지만 침착하고 어두운 감정의 캐릭터 연기로 유명하다."
}
```   ✅ 저장 완료 (기존 Neptune ID: 류준열_ACTOR_bef07229)

[121/276] 📝 선우선 (ACTOR)
```json
{
  "entity": "선우선",
  "summary": "선우선은 토끼 요괴 여의사 역을 맡은 배우로, 이 영화 촬영 중 드라마 내조의 여왕으로 인기를 얻게 되었다. 그녀는 운동신경이 남달라서 촬영 중 진짜 날아다녔다고 평가받는다."
}
```   ✅ 저장 완료 (기존 Neptune ID: 선우선_ACTOR_bdbf6f52)

[122/276] 📝 이대로 (ACTOR)
```json
{
  "entity": "이대로",
  "summary": "이대로는 연극계 원로이자 성우로, 국회의원 역을 맡았다."
}
```   ✅ 저장 완료 (기존 Neptune ID: 이대로_ACTOR_e96e85f6)

[123/276] 📝 대표 (MOVIE_CHARACTER)
```json
{
  "entity": "대표",
  "summary": "대표는 대길에게 기회를 주는 하우스의 책임자이다."
}
```   ✅ 저장 완료 (기존 Neptune ID: 대표_MOVIE_CHARACTER_18b0fc39)

[124/276] 📝 최지우 (ACTOR)
```json
{
  "entity": "최지우",
  "summary": "최지우는 사모님 역을 맡은 배우 최국희의 언니로 언급된 배우이다."
}
```   ✅ 저장 완료 (기존 Neptune ID: 최지우_ACTOR_edee7dcb)

[125/276] 📝 박수영 (ACTOR)
```json
{
  "entity": "박수영",
  "summary": "박수영은 감독의 전작 타짜에서 고니삼촌 역을 맡았던 배우로, 전우치에도 출연했다."
}
```   ✅ 저장 완료 (기존 Neptune ID: 박수영_ACTOR_fadd3b68)

[126/276] 📝 위치 (MOVIE_CHARACTER)
```json
{
  "entity": "위치",
  "summary": "위치는 부적 없이는 도술이 아직 미숙해서 계속 모양 빠지는 캐릭터이다."
}
```   ✅ 저장 완료 (기존 Neptune ID: 위치_MOVIE_CHARACTER_96158141)

[127/276] 📝 김효진 (ACTOR)
```json
{
  "entity": "김효진",
  "summary": "김효진은 전우치에서 빨간머리 역으로 특별출연한 배우이다."
}
```   ✅ 저장 완료 (기존 Neptune ID: 김효진_ACTOR_e8ffb88d)

[128/276] 📝 박찬호 (MOVIE_STAFF)
```json
{
  "entity": "박찬호",
  "summary": "박찬호는 감독으로, 전우치 감독에게 결말에 대한 의견을 제시하여 영화의 엔딩이 수정되도록 영향을 주었다."
}
```   ✅ 저장 완료 (기존 Neptune ID: 박찬호_MOVIE_STAFF_054895ed)

[129/276] 📝 지리산작 (MOVIE_CHARACTER)
```json
{
  "entity": "지리산작",
  "summary": "지리산작은 대한민국 화투신 중 한 명으로, 도박을 끊고 신의손이 된 인물이다."
}
```   ✅ 저장 완료 (기존 Neptune ID: 지리산작_MOVIE_CHARACTER_909e1807)

[130/276] 📝 홍마담 (MOVIE_CHARACTER)
```json
{
  "entity": "홍마담",
  "summary": "홍마담은 돈을 털린 인물로, 사정이 있다며 기다려 달라고 부탁하는 캐릭터이다."
}
```   ✅ 저장 완료 (기존 Neptune ID: 홍마담_MOVIE_CHARACTER_6bdb8a0f)

[131/276] 📝 세라 (MOVIE_CHARACTER)
```json
{
  "entity": "세라",
  "summary": "세라는 화란의 등장인물로 광열과 함께 데이트를 하는 인물이다."
}
```   ✅ 저장 완료 (기존 Neptune ID: 세라_MOVIE_CHARACTER_f1419a1f)

[132/276] 📝 팹시 (MOVIE_CHARACTER)
```json
{
  "entity": "팹시",
  "summary": "팹시는 영화 도둑들의 등장인물로, 가석방으로 출소한 금고털이 전문가이다. 그녀는 10분 이내에 금고를 털어야 하는 역할을 맡았으며, 예니콜과 함께 등장하는 여자 캐릭터이다. 마카오박, 뽀빠이와 과거를 공유하며 플래시백에서 등장하고, 마카오박을 사랑했으나 검거되어 옥살이를 했던 인물이다. 영화 후반에는 마카오 박이 남긴 금괴를 발견하고 그의 진심을 깨닫게 되며, 잡지의 실링컷을 보는 장면과 잡혀가는 장면이 있다. 꽃과 나무 컨셉 안에서 돋보이도록 연출되었으며, 예니콜이 감정을 드러내는 대상이 되는 캐릭터이다."
}
```   ✅ 저장 완료 (기존 Neptune ID: 팹시_MOVIE_CHARACTER_938e0b28)

[133/276] 📝 오달수 (ACTOR)
```json
{
  "entity": "오달수",
  "summary": "오달수는 중국인들 사이에서 가장 중국인 같은 모습을 보여주는 배우로, 도둑들에서 앤드류 역을 맡았다. 그는 올드보이의 오대수 스타일을 오마주한 헤어스타일을 했으며, 조선명탐정에서도 오대수를 패러디한 적이 있다. 도둑들 촬영 당시 많이 뛰어서 얼굴이 사색이 됐을 정도로 열연했다. 성당 앞에서 다른 배우들과 칭따오를 먹으며 이야기를 나눈 에피소드가 있으며, 어렸을 때 부산 대파트에 엘리베이터 타러 놀러갔던 기억이 있다."
}
```   ✅ 저장 완료 (기존 Neptune ID: 오달수_ACTOR_7c13c053)

[134/276] 📝 김우빈 (ACTOR)
```json
{
  "entity": "김우빈",
  "summary": "김우빈은 영화 외계+인에 출연한 스타 배우로, 1인 다역을 소화했다. 1부에서는 가드 역을, 2부에서는 썬더 역을 맡아 활약했으며, 현대시대의 캐릭터를 연기했다. 그는 교외 지역에 사는 캐릭터를 연기하기도 했다."
}
```   ✅ 저장 완료 (기존 Neptune ID: 김우빈_ACTOR_013c2590)

[135/276] 📝 밀본 (MOVIE_CHARACTER)
```json
{
  "entity": "밀본",
  "summary": "밀본은 신비한 힘을 가진 적대적 세력으로, 자장에게 가면을 건네주었으나 자장의 촉수에 의해 죽임을 당한 캐릭터이다. 또한 개똥이를 습격하고 납치하며, 우주선을 회수하는 역할을 한다."
}
```   ✅ 저장 완료 (기존 Neptune ID: 밀본_MOVIE_CHARACTER_4ca130f7)

[136/276] 📝 노파 (MOVIE_CHARACTER)
```json
{
  "entity": "노파",
  "summary": "노파는 셰익스피어의 맥베스에 나오는 마녀를 모티브로 만든 캐릭터로, 과거 무당이었던 치매 노파이다. 그녀는 화담의 옆구리에 복사꽃이 필 것이라는 예언을 한 인물이다."
}
```   ✅ 저장 완료 (기존 Neptune ID: 노파_MOVIE_CHARACTER_1a4ba9ac)

[137/276] 📝 정인기 (ACTOR)
```json
{
  "entity": "정인기",
  "summary": "정인기는 영화감독 역을 맡은 배우로, 임상수 감독을 모티브로 한 캐릭터를 연기했다."
}
```   ✅ 저장 완료 (기존 Neptune ID: 정인기_ACTOR_ead454b6)

[138/276] 📝 최국희 (ACTOR)
```json
{
  "entity": "최국희",
  "summary": "최국희는 최지우 배우의 동생으로, 사모님 역을 맡았다."
}
```   ✅ 저장 완료 (기존 Neptune ID: 최국희_ACTOR_bb7d3c93)

[139/276] 📝 김수현 (ACTOR)
```json
{
  "entity": "김수현",
  "summary": "김수현은 영화 도둑들에 출연한 배우로, 뽀시레기 역할을 맡았다. 그는 상황에 맞게 연기 디테일을 설정하는 훌륭한 배우로 평가받았다."
}
```   ✅ 저장 완료 (기존 Neptune ID: 김수현_ACTOR_0fcb409d)

[140/276] 📝 임수정 (ACTOR)
```json
{
  "entity": "임수정",
  "summary": "임수정은 전우치에 출연한 배우로, 서인경 역을 맡았다. 춤 장면에서 재촬영을 해야 했으며 커피 장면의 연기를 가장 만족스러워했다. 가마컷 촬영 중 조명 한 개만 켜놓고 쉬고 있던 모습이 인상적이었다."
}
```   ✅ 저장 완료 (기존 Neptune ID: 임수정_ACTOR_941ce577)

[141/276] 📝 변경장 (MOVIE_CHARACTER)
```json
{
  "entity": "변경장",
  "summary": "변경장은 이북 출신의 대한민국 화투신 세 명 중 한 명이다."
}
```   ✅ 저장 완료 (기존 Neptune ID: 변경장_MOVIE_CHARACTER_ea83f1e8)

[142/276] 📝 김혜수 (ACTOR)
```json
{
  "entity": "김혜수",
  "summary": "김혜수는 연기의 베테랑 배우로, 영화 도둑들에서 펩시 역을 맡았다. 영어를 기가 막히게 잘하지만 감독의 요청으로 콩글리시로 발음을 했으며, 물속 촬영과 카체이싱 장면 등 어려운 장면에서 고생하며 연기했다. 실제로 총소리를 처음 들어보며 진짜 무서워하는 표정을 연기했고, 이정재의 심각한 표정이 웃겨서 얼굴을 보지 않고 연기했다고 한다. 도둑들 촬영 후 대사와 액션을 빠르고 정확하게 하는데 도움이 됐다고 밝혔으며, 다이아의 시선을 고정해야 했는데 그러지 못한 것이 아쉽다고 언급했다."
}
```   ✅ 저장 완료 (기존 Neptune ID: 김혜수_ACTOR_f33d1980)

[143/276] 📝 씹던껌 (MOVIE_CHARACTER)
```json
{
  "entity": "씹던껌",
  "summary": "씹던껌은 영화 도둑들의 등장인물로, 껌을 붙이는 시퀀스에서 이름이 지어진 캐릭터이다. '옛날에 껌 좀 씹었다'는 화려한 과거를 내포하는 별명을 가진 인물로, 태어나서 처음 총소리를 듣는 장면이 있다. 능청스러운 연기를 펼치며 일본인 부부로 위장하는 도둑 팀의 일원이며, 도와 사랑에 빠지고 마카오박의 계획에 참여한다. 결국 경찰 추격 중 현장에서 사망한다."
}
```   ✅ 저장 완료 (기존 Neptune ID: 씹던껌_MOVIE_CHARACTER_539ad844)

[144/276] 📝 김태리 (ACTOR)
```json
{
  "entity": "김태리",
  "summary": "김태리는 영화 외계+인에 출연한 스타 배우로, 성인 이안 역을 맡았다. 그녀는 활을 쏘는 여성 캐릭터를 연기했으며, 성장한 캐릭터로서 총을 쏘는 액션도 선보였다. 배우가 가진 매력과 준수한 연기력을 보여주었다는 평가를 받았다."
}
```   ✅ 저장 완료 (기존 Neptune ID: 김태리_ACTOR_363ab5b3)

[145/276] 📝 지존보 (MOVIE_CHARACTER)
```json
{
  "entity": "지존보",
  "summary": "지존보는 서유쌍기의 주인공으로, 정체성에 대한 고민 끝에 손오공이 되기로 결심하고 긴고아를 쓰는 캐릭터이다."
}
```   ✅ 저장 완료 (기존 Neptune ID: 지존보_MOVIE_CHARACTER_5738360b)

[146/276] 📝 표훈대덕 (MOVIE_CHARACTER)
```json
{
  "entity": "표훈대덕",
  "summary": "표훈대덕은 화담이 피리를 불 때도 별 반응 없이 유유히 걸어가는 높은 도력을 가진 인물이다."
}
```   ✅ 저장 완료 (기존 Neptune ID: 표훈대덕_MOVIE_CHARACTER_c090a791)

[147/276] 📝 새 신선 (MOVIE_CHARACTER)
```json
{
  "entity": "새 신선",
  "summary": "새 신선은 500년이 지나도 전우치를 싫어하며, 죄인에게 족쇄를 채우거나 그림 속에 가두는 역할을 하는 인물이다."
}
```   ✅ 저장 완료 (기존 Neptune ID: 새_신선_MOVIE_CHARACTER_e8f202d3)

[148/276] 📝 준백 (MOVIE_CHARACTER)
```json
{
  "entity": "준백",
  "summary": "준백은 대길과 함께 오토바이를 타고 고향을 떠나는 인물이다."
}
```   ✅ 저장 완료 (기존 Neptune ID: 준백_MOVIE_CHARACTER_2311f017)

[149/276] 📝 로이 오비슨 (MOVIE_STAFF)
```json
{
  "entity": "로이 오비슨",
  "summary": "로이 오비슨은 영화에서 'In Dreams' 곡이 사용된 음악가이다."
}
```   ✅ 저장 완료 (기존 Neptune ID: 로이_오비슨_MOVIE_STAFF_de355aec)

[150/276] 📝 화담 (MOVIE_CHARACTER)
```json
{
  "entity": "화담",
  "summary": "화담은 영화 전우치에 등장하는 악역 캐릭터로, 조선 중기의 유학자 화담 서경덕 선생을 모티브로 만들어졌다. 높은 도력과 뛰어난 술법으로 백성들에게 존경받는 선생이었으나, 실제로는 과거 기억을 잃은 요괴였음을 깨닫게 된다. 좌도방에 속하여 전우치와 대결구도를 이루며, 피리를 불어 상대를 괴롭히고 복사꽃이 피게 하는 능력을 가졌다. 500년 이상 늙지 않고 살아오면서 권태와 허무주의에 빠진 복잡한 심경을 가진 인물로, 본인이 표훈 대덕이라는 착각을 하고 있다. 피리를 완성시킨 인물이며, 아줌마로 변장하여 성당에 나타나기도 하고, 그림 속으로 들어가는 장면도 있다. 결국 제자들을 모두 죽이고 자신의 운명을 받아들인다."
}
```   ✅ 저장 완료 (기존 Neptune ID: 화담_MOVIE_CHARACTER_d712ab44)

[151/276] 📝 서인경 (MOVIE_CHARACTER)
```json
{
  "entity": "서인경",
  "summary": "서인경은 영화 전우치에 등장하는 여주인공 캐릭터로, 전우치가 처음 만나 감정이 동요되는 인물이다. 그녀는 감독 캐릭터로서 갑을 관계를 보여주며, 섹시한 모습으로 등장한다. 또한 전우치와 대결을 벌이는 장면도 있다."
}
```   ✅ 저장 완료 (기존 Neptune ID: 서인경_MOVIE_CHARACTER_42cf0dcc)

[152/276] 📝 백윤식 (ACTOR)
```json
{
  "entity": "백윤식",
  "summary": "백윤식은 영화 전우치에서 천관도사 역을 맡은 배우이다."
}
```   ✅ 저장 완료 (기존 Neptune ID: 백윤식_ACTOR_97731dc0)

[153/276] 📝 짝기 (MOVIE_CHARACTER)
```json
{
  "entity": "짝기",
  "summary": "짝기는 경상도 출신의 대한민국 화투신 세 명 중 한 명이다."
}
```   ✅ 저장 완료 (기존 Neptune ID: 짝기_MOVIE_CHARACTER_b1433460)

[154/276] 📝 신하균 (ACTOR)
```json
{
  "entity": "신하균",
  "summary": "신하균은 영화 도둑들에 특별 출연하여 미술 관장 역할을 맡았다."
}
```   ✅ 저장 완료 (기존 Neptune ID: 신하균_ACTOR_40a34cd1)

[155/276] 📝 십던검 오차름 (MOVIE_CHARACTER)
```json
{
  "entity": "십던검 오차름",
  "summary": "십던검 오차름은 산에서 왔다는 설정의 캐릭터로, 가방에서 막걸리와 오이가 나오며 술을 매우 좋아한다는 설정을 가진 인물이다."
}
```   ✅ 저장 완료 (기존 Neptune ID: 십던검_오차름_MOVIE_CHARACTER_b7532bb5)

[156/276] 📝 뽀시레기 (MOVIE_CHARACTER)
```json
{
  "entity": "뽀시레기",
  "summary": "뽀시레기는 김수현 배우가 연기한 캐릭터이다."
}
```   ✅ 저장 완료 (기존 Neptune ID: 뽀시레기_MOVIE_CHARACTER_94d3bb17)

[157/276] 📝 바이 (MOVIE_CHARACTER)
```json
{
  "entity": "바이",
  "summary": "바이는 앤드류와 함께 호송 차에서 탈출에 성공한 인물이다."
}
```   ✅ 저장 완료 (기존 Neptune ID: 바이_MOVIE_CHARACTER_5bb46d95)

[158/276] 📝 소지섭 (ACTOR)
```json
{
  "entity": "소지섭",
  "summary": "소지섭은 영화 외계+인에 출연한 스타 배우로, 철 개자인 역할을 맡았다."
}
```   ✅ 저장 완료 (기존 Neptune ID: 소지섭_ACTOR_4afb4644)

[159/276] 📝 클린트 이스트우드 (ACTOR)
```json
{
  "entity": "클린트 이스트우드",
  "summary": "클린트 이스트우드는 서부극 배우로, 영화 전우치의 의상 디자인에 영감을 준 인물이다."
}
```   ✅ 저장 완료 (기존 Neptune ID: 클린트_이스트우드_ACTOR_344fdca7)

[160/276] 📝 김수현 (MOVIE_STAFF)
```json
{
  "entity": "김수현",
  "summary": "김수현은 1981년작 영화 만추의 감독이다."
}
```   ✅ 저장 완료 (기존 Neptune ID: 김수현_MOVIE_STAFF_72fde5b0)

[161/276] 📝 허민아 (MOVIE_CHARACTER)
```json
{
  "entity": "허민아",
  "summary": "허민아는 대길이 좋아하는 소녀로, 대길이 고향을 떠나기 전 만나러 간 인물이다."
}
```   ✅ 저장 완료 (기존 Neptune ID: 허민아_MOVIE_CHARACTER_44ae2cc5)

[162/276] 📝 곽철용 (MOVIE_CHARACTER)
```json
{
  "entity": "곽철용",
  "summary": "곽철용(곽초형)은 영화에 등장하는 인물로, 17세부터 타짜 생활을 시작하여 조직의 우두머리 역할을 하는 회장이다. 그는 하우스부터 볼링장까지 합법과 불법을 넘나드는 사업을 운영하며, 고니에게 자신의 인생 이야기를 들려준다. 또한 대길과 함께 장동식을 찾아오는 장면도 있다."
}
```   ✅ 저장 완료 (기존 Neptune ID: 곽철용_MOVIE_CHARACTER_76dd6e4a)

[163/276] 📝 박철영 (MOVIE_CHARACTER)
```json
{
  "entity": "박철영",
  "summary": "박철영은 도박판에서 활동하는 인물로 언급된다."
}
```   ✅ 저장 완료 (기존 Neptune ID: 박철영_MOVIE_CHARACTER_3b0751b1)

[164/276] 📝 손오공 (MOVIE_CHARACTER)
```json
{
  "entity": "손오공",
  "summary": "손오공은 지존보가 결심 끝에 되기로 한 존재이다."
}
```   ✅ 저장 완료 (기존 Neptune ID: 손오공_MOVIE_CHARACTER_548cd32c)

[165/276] 📝 김윤석 (ACTOR)
```json
{
  "entity": "김윤석",
  "summary": "김윤석은 다양한 영화에서 활약한 배우로, 전우치에서 화담 역을 맡아 감독과 술자리에서 화장지에 그린 선비 그림으로 캐릭터 헤어스타일에 영감을 주었으며, 천관대사가 스타워즈의 오비완 케노비처럼 사라지는 설정을 제안하기도 했다. 도둑들에서는 마카오 박 역을 맡아 줄타기 등 위험한 액션을 직접 수행하며 3주 이상 촬영했고, 홍콩에서 첫 촬영을 하며 자연스러운 중국어 발음을 위해 엄청난 연습을 했다. 범죄의 재구성에서는 형사로 출연했으며, 타짜의 아귀 캐릭터와 비교될까 걱정했을 정도로 영화마다 캐릭터를 완전히 바꾸는 대단한 배우이다. 촬영에 사용한 선글라스를 타짜 때의 것과 함께 소장하고 있다."
}
```   ✅ 저장 완료 (기존 Neptune ID: 김윤석_ACTOR_48efe677)

[166/276] 📝 혜진이 형 (MOVIE_CHARACTER)
```json
{
  "entity": "혜진이 형",
  "summary": "혜진이 형은 언제나 기분 좋게 등장하는 캐릭터이다."
}
```   ✅ 저장 완료 (기존 Neptune ID: 혜진이_형_MOVIE_CHARACTER_92e940b1)

[167/276] 📝 백도빈 (ACTOR)
```json
{
  "entity": "백도빈",
  "summary": "백도빈은 배우 백윤식의 친아들로, 최동훈 감독의 데뷔작 범죄의 재구성으로 영화계에 데뷔했으며 타짜에도 출연했다."
}
```   ✅ 저장 완료 (기존 Neptune ID: 백도빈_ACTOR_a86d058a)

[168/276] 📝 아귀 (MOVIE_CHARACTER)
```json
{
  "entity": "아귀",
  "summary": "아귀는 영화 타짜에 등장하는 전라도 출신의 대한민국 화투신 세 명 중 한 명으로, 노름 속에 또 다른 노름을 하는 위험한 인물이다. 그는 도박판을 주도하며 다른 참가자들과 고액의 도박을 벌이는 캐릭터로, 평경장과 한판 붙었다가 패배한 경험이 있다. 평경장의 죽음과 관련이 있는 것으로 의심받으며, 곽철령의 장례식에 찾아와 복수를 위해 정마담을 이용해 고니를 찾으려 한다. 아귀 이야기가 나오면 고니가 취한 척하며 피할 정도로 위협적인 존재이며, 대길의 눈빛을 보면서 누군가를 연상하기도 한다. 결국 게임에서 아웃되는 장면도 있다."
}
```   ✅ 저장 완료 (기존 Neptune ID: 아귀_MOVIE_CHARACTER_3760f004)

[169/276] 📝 뽀빠이 (MOVIE_CHARACTER)
```json
{
  "entity": "뽀빠이",
  "summary": "뽀빠이는 영화 도둑들에 등장하는 도둑 팀의 일원으로, 펩시의 전 파트너이며 장비 세팅을 담당하는 인물이다. 마카오박, 펩시와 과거를 공유하며, 과거 마카오박을 배신한 것처럼 보이게 계략을 꾸민 인물로 계단 신에서 배신을 표현한다. 다이아몬드에 대한 열정이 남다르지만 별로 하는 일이 없는 캐릭터로, 총을 맞고도 다이아를 차지하며 웃는 장면이 인상적이다. 무리에서 따로 나와 짱구를 굴리며 당황해서 삑사리가 나는 인간적인 모습을 보여주고, 방귀낀 놈이 성내듯 오히려 화를 내고 아무렇지도 않게 밥을 먹는 독특한 성격의 소유자이다. 용쓰는 장면을 수십 번 촬영했으며, 갑자기 무서워지는 모습도 보여준다."
}
```   ✅ 저장 완료 (기존 Neptune ID: 뽀빠이_MOVIE_CHARACTER_f2cf1306)

[170/276] 📝 첸 (MOVIE_CHARACTER)
```json
{
  "entity": "첸",
  "summary": "첸은 영화 도둑들에 등장하는 캐릭터로, 네 번째 플래시백에서 처음 등장한다. 그는 껌을 씹으며 안심시키는 멋진 남자이며, 후진하면서 총을 쏘는 장면을 연기했다."
}
```   ✅ 저장 완료 (기존 Neptune ID: 첸_MOVIE_CHARACTER_e38edec1)

[171/276] 📝 이하늬 (ACTOR)
```json
{
  "entity": "이하늬",
  "summary": "이하늬는 영화 외계+인에 출연한 스타 배우로, 천둥 역할을 맡아 출격하는 장면을 연기했다. 그녀는 고려시대에 총을 쏘는 캐릭터를 연기했으며, 진검을 얻고 스마트 워치로 시간을 재며 탈주에 성공하는 장면도 소화했다. 이하늬가 연기한 캐릭터의 어린 시절은 다른 배우가 맡았고, 성장한 캐릭터는 김태리가 연기한다. 촬영 중 하루분 재촬영을 하기도 했다."
}
```   ✅ 저장 완료 (기존 Neptune ID: 이하늬_ACTOR_0fa79ec4)

[172/276] 📝 봉준호 (MOVIE_STAFF)
```json
{
  "entity": "봉준호",
  "summary": "봉준호는 한국 영화 감독으로, 한국 사회에 대한 비판적 시선이 담긴 SF 영화들을 만들어 성과를 거둔 감독이다."
}
```   ✅ 저장 완료 (기존 Neptune ID: 봉준호_MOVIE_STAFF_1229dd8a)

[173/276] 📝 크리스토퍼 놀란 (MOVIE_STAFF)
```json
{
  "entity": "크리스토퍼 놀란",
  "summary": "크리스토퍼 놀란은 다크나이트 트릴로지를 감독한 영화감독이다. 그는 아이맥스 카메라 사용뿐 아니라 58억으로 메멘토를 찍을 수 있는 능력을 갖추고 있으며, 성공에 안주하지 않고 계속 새로운 체험을 제공하는 대단한 감독으로 평가받는다."
}
```   ✅ 저장 완료 (기존 Neptune ID: 크리스토퍼_놀란_MOVIE_STAFF_2dbfc07e)

[174/276] 📝 토끼 요괴 여의사 (MOVIE_CHARACTER)
```json
{
  "entity": "토끼 요괴 여의사",
  "summary": "토끼 요괴 여의사는 선우선 배우가 연기한 캐릭터이다."
}
```   ✅ 저장 완료 (기존 Neptune ID: 토끼_요괴_여의사_MOVIE_CHARACTER_f29e73de)

[175/276] 📝 임상수 (MOVIE_STAFF)
```json
{
  "entity": "임상수",
  "summary": "임상수는 감독으로, 정인기 배우가 연기한 영화감독 캐릭터의 모티브가 되었다."
}
```   ✅ 저장 완료 (기존 Neptune ID: 임상수_MOVIE_STAFF_f6a0a327)

[176/276] 📝 신선 3인조 (MOVIE_CHARACTER)
```json
{
  "entity": "신선 3인조",
  "summary": "신선 3인조는 하늘 감옥의 가목문을 지키던 말단 신선들로, 실수로 문을 하루 먼저 열어버려 요괴들이 풀려나게 한 인물들이다."
}
```   ✅ 저장 완료 (기존 Neptune ID: 신선_3인조_MOVIE_CHARACTER_de657e9d)

[177/276] 📝 짜리 (MOVIE_CHARACTER)
```json
{
  "entity": "짜리",
  "summary": "짜리(찰리)는 대길의 고향 선배로 서울에서 활동하며 대길을 도박 하우스에 소개해준 인물이다. 대길과 함께 도박을 하던 그는 알고 보니 장동식과 짜고 대길을 배신한 인물로, 대길을 장동식에게 팔아넘겼다. 그는 대길에게 서운한 감정 때문에 배신했다고 실토한다."
}
```   ✅ 저장 완료 (기존 Neptune ID: 짜리_MOVIE_CHARACTER_cb46bad7)

[178/276] 📝 박세영 (MOVIE_CHARACTER)
```json
{
  "entity": "박세영",
  "summary": "박세영은 극 중 언급되는 인물로, 다른 인물들과 갈등 관계에 있는 것으로 보인다."
}
```   ✅ 저장 완료 (기존 Neptune ID: 박세영_MOVIE_CHARACTER_f8b302c3)

[179/276] 📝 박무석 (MOVIE_CHARACTER)
```json
{
  "entity": "박무석",
  "summary": "박무석은 고니를 속여 돈을 빼앗은 인물로, 고니가 반년 동안 전국을 뒤져 찾아다닌 대상이다."
}
```   ✅ 저장 완료 (기존 Neptune ID: 박무석_MOVIE_CHARACTER_b829a1b9)

[180/276] 📝 인간 아이 (MOVIE_CHARACTER)
```json
{
  "entity": "인간 아이",
  "summary": "인간 아이는 가드와 함께 살면서 가드와 썬더의 존재를 의심하고 있는 캐릭터이다."
}
```   ✅ 저장 완료 (기존 Neptune ID: 인간_아이_MOVIE_CHARACTER_b52498f9)

[181/276] 📝 나홍진 (MOVIE_STAFF)
```json
{
  "entity": "나홍진",
  "summary": "나홍진은 영화 감독으로, 외계+인 촬영 현장에 방문하여 영화에 대해 걱정 어린 반응을 보였다. 그는 호프를 연출 예정인 감독이기도 하다."
}
```   ✅ 저장 완료 (기존 Neptune ID: 나홍진_MOVIE_STAFF_74aa0791)

[182/276] 📝 고니 (MOVIE_CHARACTER)
```json
{
  "entity": "고니",
  "summary": "고니는 영화 타짜 1편의 주인공이자 대길의 삼촌이다. 대학보다 돈을 우선시하는 청년으로, 3년간 일해서 모은 돈과 누나의 전재산을 짜고치는 도박판에서 모두 잃는다. 이후 전국을 뒤지다가 인천에서 평경장을 만나 제자가 되어 화투를 배우며 실력을 키운다. 짝귀에게 거짓말 타이밍을 배우고 연승을 달리며 도박판에서 활약하고, 정마담과 관계를 맺으며 새로운 삶을 시작한다. 화란과 세란을 구하기 위해 곽철령을 찾아가는 등 위험한 상황에서도 살아남으며, 듀퐁을 항상 들고 다니는 것이 특징이다. 영화 마지막에는 공중전화를 하러 가는 장면으로 마무리된다."
}
```   ✅ 저장 완료 (기존 Neptune ID: 고니_MOVIE_CHARACTER_45e525f7)

[183/276] 📝 우사장 (MOVIE_CHARACTER)
```json
{
  "entity": "우사장",
  "summary": "우사장은 본명이 우지연으로, 도박 하우스를 운영하는 인물이다. 관상과 손금을 보며 사람을 판단하는 특징이 있으며, 대길의 마음을 훔친 연인이었으나 알고 보니 대길이 아닌 돈을 목적으로 접근한 것으로 밝혀진다. 꼬장을 수술하기 위한 판의 대상이었으며, 동식의 몸에 위치 추적을 해두고 여러 인물들을 배신하는 인물이다. 도박 게임에 참가하며 안경에 대한 힌트를 던지기도 한다."
}
```   ✅ 저장 완료 (기존 Neptune ID: 우사장_MOVIE_CHARACTER_c3ee127b)

[184/276] 📝 도니 (MOVIE_CHARACTER)
```json
{
  "entity": "도니",
  "summary": "도니는 고니의 여동생으로, 가족이 산소에 다녀오는 동안 집을 보라는 지시를 받은 인물이다."
}
```   ✅ 저장 완료 (기존 Neptune ID: 도니_MOVIE_CHARACTER_aa34ebf9)

[185/276] 📝 두 신선 (MOVIE_CHARACTER)
```json
{
  "entity": "두 신선",
  "summary": "두 신선은 고려시대에서 촉수 남에게 당한 도사로부터 흔적을 쫓으며 신검을 차지하기 위해 모이는 캐릭터들이다. 이들은 무릎을 쫓아다니며 무릎 안에 있는 것을 확인하려 하고, 어릴 때 무릎을 살려준 인물들이기도 하다. 시종일관 개그를 하며 까불까불한 모습을 보이고, 현대에서는 TV에 나오는 외계인을 실물로 착각하는 등 코믹한 역할을 담당한다."
}
```   ✅ 저장 완료 (기존 Neptune ID: 두_신선_MOVIE_CHARACTER_b371c5d1)

[186/276] 📝 송영창 (ACTOR)
```json
{
  "entity": "송영창",
  "summary": "송영창은 영화 전우치에 출연한 배우로, 신선 역을 맡았다. 그는 긴 대사를 NG 없이 한 번에 소화하는 뛰어난 연기력을 보여주었으며, 돌고래 소품을 활용한 즉흥 연기와 리허설 때 독특한 표정 연기로 애드리브 장면을 탄생시켰다. 또한 유해진 배우의 부상으로 인해 벽에 낑기는 장면을 대신 연기하기도 했다."
}
```   ✅ 저장 완료 (기존 Neptune ID: 송영창_ACTOR_102af07e)

[187/276] 📝 전우치 (MOVIE_CHARACTER)
```json
{
  "entity": "전우치",
  "summary": "전우치는 영화의 주인공으로, 오도방의 핵심 인물인 천관대사의 대자이며 도술에 천재적인 재능을 가진 도사이다. 멋과 풍류를 즐기고 예술을 사랑하는 한량으로, 최고의 도사가 되기 위해 청동 거울을 구하려 한다. 부적을 사용하여 싸우지만 부적 없이도 도술을 쓸 수 있으며, 축지법과 10명의 분신을 만들어내는 등 뛰어난 능력을 보유하고 있다. 스승을 해하고 피리를 훔친 죄로 그림에 갇혔다가 500년 후 현대에 풀려나 활동하며, 스승님의 유언에 의해 목숨을 구했다. 동물 하인을 부리며 능글거리고 사고를 치는 복잡한 성격의 소유자로, 요괴들과 대결하며 마음을 비우는 법을 배우며 성장한다. 한국형 히어로로 언급되며 능청스러운 소년미와 독특한 매력을 가진 악동 도사 캐릭터이다."
}
```   ✅ 저장 완료 (기존 Neptune ID: 전우치_MOVIE_CHARACTER_a39c4443)

[188/276] 📝 청권대사 (MOVIE_CHARACTER)
```json
{
  "entity": "청권대사",
  "summary": "청권대사는 차를 마시다가 기습을 당하고 반쪽 피리를 찾아 나서는 인물이다."
}
```   ✅ 저장 완료 (기존 Neptune ID: 청권대사_MOVIE_CHARACTER_eedfde78)

[189/276] 📝 장물아비 (MOVIE_CHARACTER)
```json
{
  "entity": "장물아비",
  "summary": "장물아비는 김해우 배우가 연기한 캐릭터이다."
}
```   ✅ 저장 완료 (기존 Neptune ID: 장물아비_MOVIE_CHARACTER_d4e1f51d)

[190/276] 📝 김대명 (ACTOR)
```json
{
  "entity": "김대명",
  "summary": "김대명은 썬더 역할을 연기한 배우로, 차분한 말씨와 고저차가 적은 어투가 특징이다. 기묘한 선도 목소리 연기를 선보였으나 2부에서는 거의 등장하지 않는다. 더테러라이브에도 출연한 바 있다."
}
```   ✅ 저장 완료 (기존 Neptune ID: 김대명_ACTOR_093b509d)

[191/276] 📝 현감 (MOVIE_CHARACTER)
```json
{
  "entity": "현감",
  "summary": "현감은 영화 외계+인에 등장하는 캐릭터로, 도사로서 실력을 갖추고 있었으나 신검 칼에 객사한 인물이다. 그는 어릴 때 무릎을 죽이려 했던 인물이기도 하다."
}
```   ✅ 저장 완료 (기존 Neptune ID: 현감_MOVIE_CHARACTER_464d9a24)

[192/276] 📝 박찬욱 (MOVIE_STAFF)
```json
{
  "entity": "박찬욱",
  "summary": "박찬욱은 한국 영화 감독으로, 다리가 부서지는 장면 촬영 때 현장에 방문한 바 있다. 그의 영화가 왜 천만 관객을 넘지 못했는지에 대한 분석의 대상이 되기도 했다."
}
```   ✅ 저장 완료 (기존 Neptune ID: 박찬욱_MOVIE_STAFF_5c25683a)

[193/276] 📝 옥황상제 (MOVIE_CHARACTER)
```json
{
  "entity": "옥황상제",
  "summary": "옥황상제는 하늘을 다스리는 존재로, 황금 일만 냥을 기근 지역에 보내는 등의 일을 관장한다."
}
```   ✅ 저장 완료 (기존 Neptune ID: 옥황상제_MOVIE_CHARACTER_93226ee7)

[194/276] 📝 최창 (MOVIE_CHARACTER)
```json
{
  "entity": "최창",
  "summary": "최창은 경찰을 피해 도주하다가 목숨을 잃는 캐릭터이다."
}
```   ✅ 저장 완료 (기존 Neptune ID: 최창_MOVIE_CHARACTER_92592763)

[195/276] 📝 함대길 (MOVIE_CHARACTER)
```json
{
  "entity": "함대길",
  "summary": "함대길(대길)은 고니의 조카로 87년 11월 4일생이며, 어린 시절부터 도박에 재능을 보여 타짜급 실력을 가진 인물이다. 배다리를 하며 생계를 유지하다가 고향을 떠나 서울로 올라와 도박 하우스에서 일하게 된다. 의리와 복수에 강한 성격으로, 전국의 도박사들을 상대로 승리를 거두며 타워 팰리스에 가겠다는 목표를 가졌다. 도박에 참여하다가 빚을 지고 콩팥을 적출당하며 오른손 상태가 좋지 않게 되었고, 우사장과 연인 사이였다. 광열의 집에 머물며 밑장빼기 등 도박 기술을 배웠으며, 자신을 배신한 짜리를 찾아가 복수하고 미나를 구출하기 위해 도박판에서 승부를 벌인다. 광철의 희생으로 구해졌으나 서실장과 꼬장에게 배신당했고, 우사장을 통해 동식의 위치를 추적하며 최종 게임의 승자로 판돈을 차지한다."
}
```   ✅ 저장 완료 (기존 Neptune ID: 함대길_MOVIE_CHARACTER_be2a28cc)

[196/276] 📝 서실장 (MOVIE_CHARACTER)
```json
{
  "entity": "서실장",
  "summary": "서실장은 도박 하우스의 메인 기사로 일하는 인물이다. 작은 마담, 속마담과 한패가 되어 우사장을 상대로 작업을 진행하며, 대길과 꼬장을 배신한 뒤 결혼하고 재벌들과 연을 만들어 털어먹으려는 계획을 세우는 인물이다."
}
```   ✅ 저장 완료 (기존 Neptune ID: 서실장_MOVIE_CHARACTER_dfd56e72)

[197/276] 📝 황덕삼 (MOVIE_CHARACTER)
```json
{
  "entity": "황덕삼",
  "summary": "황덕삼은 한국독립군 제3지대 저격수로 암살 작전에 참여하는 인물이다. 헝가리 마자르에게 폭탄 제조를 배웠으나 불량품을 넘기다 구금되었고, 감옥에서 탈출을 시도한다. 암살작전을 위해 차출된 3명 중 한 명으로, 일제 밀정으로 지목되어 암살 의뢰를 받게 된다. 상해에 도착한 후 하와이 피스톨의 미행 대상이 되기도 한다."
}
```   ✅ 저장 완료 (기존 Neptune ID: 황덕삼_MOVIE_CHARACTER_e52d1b57)

[198/276] 📝 고광렬 (MOVIE_CHARACTER)
```json
{
  "entity": "고광렬",
  "summary": "고광렬(고광열, 꼬장)은 타짜 시리즈에 등장하는 캐릭터로, 도박판에서 고니와 처음 만나 함께 활동하는 인물이다. 뛰어난 관찰력과 도박 실력을 가졌으며, 대길에게 도박 기술을 가르쳐주는 선생님 역할을 하고 대한민국 화투신 세 명에 대해 이야기해준다. 고니의 부탁으로 고니 가족에게 돈을 전달하며 고니가 회사에 다닌다고 거짓말을 하기도 한다. 과거에 팔이 잘리는 사건과 관련이 있으며, 서실장과 작은마담에게 배신당해 장기까지 팔아야 하는 나락으로 떨어지는 비극적인 운명을 맞는다. 화란에서는 코니와 함께 행동하며 세라와 데이트를 하고, 김정남 배우와 러브라인이 있었다."
}
```   ✅ 저장 완료 (기존 Neptune ID: 고광렬_MOVIE_CHARACTER_3eed27ec)

[199/276] 📝 초림 (MOVIE_CHARACTER)
```json
{
  "entity": "초림",
  "summary": "초림은 스승을 따르는 제자로, 스승의 죽음에 슬퍼하는 인물이다."
}
```   ✅ 저장 완료 (기존 Neptune ID: 초림_MOVIE_CHARACTER_a91815e8)

[200/276] 📝 반장 (MOVIE_CHARACTER)
```json
{
  "entity": "반장",
  "summary": "반장은 주진모 배우가 연기한 캐릭터이다."
}
```   ✅ 저장 완료 (기존 Neptune ID: 반장_MOVIE_CHARACTER_3a728d80)

[201/276] 📝 박찬옥 (MOVIE_STAFF)
```json
{
  "entity": "박찬옥",
  "summary": "박찬옥은 영화 헤어질 결심의 감독으로 언급된 인물이다."
}
```   ✅ 저장 완료 (기존 Neptune ID: 박찬옥_MOVIE_STAFF_bab46419)

[202/276] 📝 재무 (MOVIE_CHARACTER)
```json
{
  "entity": "재무",
  "summary": "재무는 MCU에서 최고의 빌런으로 평가받는 캐릭터로, 복잡한 동기를 가진 음습한 캐릭터이다."
}
```   ✅ 저장 완료 (기존 Neptune ID: 재무_MOVIE_CHARACTER_90a5fd69)

[203/276] 📝 최동훈 (MOVIE_STAFF)
```json
{
  "entity": "최동훈",
  "summary": "최동훈은 한국 상업 영화의 최고봉으로 평가받는 감독으로, 범죄의 재구성, 타짜, 전우치, 도둑들, 암살, 외계+인 등을 연출했다. 도둑들과 암살로 쌍천만 감독 타이틀을 달성한 케이퍼 무비의 거장이며, 명대사 제조기로 불린다. 대사와 행동 사이에 텀이 없는 빠른 연출, 반전보다 폭로를 선호하는 스타일, 카메라가 피사체를 따라가는 워킹 방식이 특징이다. CG보다 직접 촬영을 선호하며 배우 관리와 캐스팅에 탁월하다. 과거 임상수 감독의 연출부 스텝 출신으로, 홍콩 영화에 대한 이해를 바탕으로 작품을 만든다. 외계+인에서는 K-어벤져스를 목표로 400억 규모의 텐트폴 영화를 1, 2부 동시 촬영했으나 첫 흥행 실패작이 되었다."
}
```   ✅ 저장 완료 (기존 Neptune ID: 최동훈_MOVIE_STAFF_86c62e95)

[204/276] 📝 스승님 (MOVIE_CHARACTER)
```json
{
  "entity": "스승님",
  "summary": "스승님은 우치의 스승으로, 유언을 통해 우치를 살린 인물이다."
}
```   ✅ 저장 완료 (기존 Neptune ID: 스승님_MOVIE_CHARACTER_5093a10f)

[205/276] 📝 요괴 (MOVIE_CHARACTER)
```json
{
  "entity": "요괴",
  "summary": "요괴들은 하늘 깊숙한 감옥에 갇혀 있다가 풀려난 존재들로, 인간의 몸속으로 스며들 수 있는 능력을 가지고 있다. 이들은 피리를 가진 자만이 다스릴 수 있다."
}
```   ✅ 저장 완료 (기존 Neptune ID: 요괴_MOVIE_CHARACTER_1b08ec90)

[206/276] 📝 다야 (MOVIE_CHARACTER)
```json
{
  "entity": "다야",
  "summary": "다야는 범죄의 정상에 있는 인물로, 처음 등장할 때 젊고 신선한 캐릭터로 묘사된다."
}
```   ✅ 저장 완료 (기존 Neptune ID: 다야_MOVIE_CHARACTER_a1d681d2)

[207/276] 📝 허광철 (MOVIE_CHARACTER)
```json
{
  "entity": "허광철",
  "summary": "허광철은 미나의 오빠로, 대길과 승부를 벌이며 꼼수를 쓰는 캐릭터이다. 유령 빚에 들어가 감옥에 갔으며, 미나가 그를 빼내려다 동식에게 발각되었다. 동생이 당한 것에 화가 나 살인을 저지르게 되었고, 대길과 미나가 악행에 휘말리지 않도록 돈을 길거리에 뿌리고 새 출발을 위한 적당한 액수만 남겨둔 채 희생한 인물이다."
}
```   ✅ 저장 완료 (기존 Neptune ID: 허광철_MOVIE_CHARACTER_5decb20c)

[208/276] 📝 파터 (MOVIE_CHARACTER)
```json
{
  "entity": "파터",
  "summary": "파터는 광열의 집을 방문하여 거짓말 탐지에 대한 정보를 주는 인물이다."
}
```   ✅ 저장 완료 (기존 Neptune ID: 파터_MOVIE_CHARACTER_df1de105)

[209/276] 📝 호구 (MOVIE_CHARACTER)
```json
{
  "entity": "호구",
  "summary": "호구는 도박판에서 자물쇠를 풀고 도주하는 인물이다."
}
```   ✅ 저장 완료 (기존 Neptune ID: 호구_MOVIE_CHARACTER_6939393d)

[210/276] 📝 기국서 (ACTOR)
```json
{
  "entity": "기국서",
  "summary": "기국서는 연극계의 대부로, 극단 76단의 대표이자 뛰어난 연출가이다. 영화 도둑들에서 웨이홍 역을 맡았으며, 기주봉 배우의 친형이다. 또한 김윤석 배우의 결혼식에서 주례를 봐주었다."
}
```   ✅ 저장 완료 (기존 Neptune ID: 기국서_ACTOR_780e341b)

[211/276] 📝 비번 (MOVIE_CHARACTER)
```json
{
  "entity": "비번",
  "summary": "비번은 신검을 차지하기 위해 두 신선, 무릎과 함께 모이는 캐릭터이다."
}
```   ✅ 저장 완료 (기존 Neptune ID: 비번_MOVIE_CHARACTER_302fd05a)

[212/276] 📝 추상옥 (MOVIE_CHARACTER)
```json
{
  "entity": "추상옥",
  "summary": "추상옥은 '속사포'라는 별명을 가진 인물로, 신흥무관학교 마지막 멤버이며 졸업 시 혈서를 남겼다. 처자식이 없고 현실적인 욕망을 가진 캐릭터로, 덕삼과 함께 상해에 도착하여 안옥윤과 함께 암살팀에 속해 독립운동 암살 작전에 참여한다. 암살작전 대원으로서 고의로 사고를 내고 강인국에게 접근하며, 하와이 피스톨의 뒤를 밟다가 결투 중 총에 맞아 강에 빠져 행방이 묘연해진다. 큰 부상에도 불구하고 작전을 수행하다가 결국 죽음을 맞이한다."
}
```   ✅ 저장 완료 (기존 Neptune ID: 추상옥_MOVIE_CHARACTER_1b1d9ea5)

[213/276] 📝 순양 (MOVIE_CHARACTER)
```json
{
  "entity": "순양",
  "summary": "순양은 전우치에 등장하는 캐릭터이다."
}
```   ✅ 저장 완료 (기존 Neptune ID: 순양_MOVIE_CHARACTER_34aeca46)

[214/276] 📝 초랭이 (MOVIE_CHARACTER)
```json
{
  "entity": "초랭이",
  "summary": "초랭이는 전우치의 짝패인 개 사람으로, 전우치의 도술로 인간이 되기를 원하는 캐릭터이다. 인간이 되기 위해 청동검을 구하려 하며, 말로 변신할 수 있는 능청스러운 힘캐이다. 전우치와 함께 다니며 장난스러운 분위기를 만들고, 빗자루 분신과 관련이 있으며 바이커 옷으로 갈아입기도 한다. 현대사회에 혼자 떨어져 당혹감과 외로움을 느끼며, 본인이 이야기의 주인공이라고 생각한다. 앞으로 일어날 일에 대한 복선을 말해주고, 영화의 시작을 알리는 내레이션을 담당한 용감하고 사랑스러운 캐릭터이다. 촬영 중 팔에 전치 4주 부상을 당하기도 했다."
}
```   ✅ 저장 완료 (기존 Neptune ID: 초랭이_MOVIE_CHARACTER_0d74b3f1)

[215/276] 📝 김실장 (MOVIE_CHARACTER)
```json
{
  "entity": "김실장",
  "summary": "김실장은 정마담이 미리 심어놓은 사람으로 언급되는 인물이다."
}
```   ✅ 저장 완료 (기존 Neptune ID: 김실장_MOVIE_CHARACTER_a97875e9)

[216/276] 📝 화란 (MOVIE_CHARACTER)
```json
{
  "entity": "화란",
  "summary": "화란은 고니와 관련된 여성 인물로, 세란과 함께 곽철령에게 잡혀있다가 풀려난다."
}
```   ✅ 저장 완료 (기존 Neptune ID: 화란_MOVIE_CHARACTER_88786357)

[217/276] 📝 웨이홍 (MOVIE_CHARACTER)
```json
{
  "entity": "웨이홍",
  "summary": "웨이홍은 영화 도둑들에 등장하는 캐릭터로, 네 번째 플래시백에서 처음 등장한다. 무시무시한 장물아비이자 갱단 두목으로, 키가 작고 카리스마 있는 눈빛과 익숙하지 않은 음색을 가진 인물이다. 도둑들이 다이아몬드를 팔 계획인 대상이며, 과거 마카오박의 아버지와 관련이 있어 마카오박이 복수하려는 대상이기도 하다. 마카오박을 끝까지 쫓아오다가 결국 줄리의 손에 사살된다."
}
```   ✅ 저장 완료 (기존 Neptune ID: 웨이홍_MOVIE_CHARACTER_bf09edc0)

[218/276] 📝 가드 (MOVIE_CHARACTER)
```json
{
  "entity": "가드",
  "summary": "가드는 영화 외계+인에서 김우빈이 연기한 캐릭터로, 외계인 죄수를 감시하고 탈옥한 죄수들을 추적하여 다시 봉인하는 역할을 맡은 외계 로봇이다. AI로서 썬더와 함께 시공간을 넘나들며 지구를 관리하며, 입자가 몸을 감싸 강철 갑주를 입고 레이저를 발사하는 능력을 가졌다. 전투에 특화된 차가운 성격의 임무 지향적 캐릭터로, 인간 아이와 함께 살며 진짜 모습을 숨기고 있다. 처음에는 냉정하고 감정 변화가 없었으나, 후반부에 배터리가 8%밖에 남지 않은 상황에서도 다른 인물들을 탈출시키기 위해 희생하는 모습을 보여준다. 모든 것을 수치화하던 중 감정처럼 계량할 수 없는 것들의 중요성을 깨닫게 되며, 아이언맨과 비교되는 히어로 캐릭터이다."
}
```   ✅ 저장 완료 (기존 Neptune ID: 가드_MOVIE_CHARACTER_195ae5f9)

[219/276] 📝 강인국 (MOVIE_CHARACTER)
```json
{
  "entity": "강인국",
  "summary": "강인국은 종덕부에서 뽑은 최고의 친일파로, 금광 채굴권을 허가받기 위해 데라우치 총독에게 금으로 만든 명함을 바치는 등 매국질을 하는 인물이다. 암살팀의 두 번째 타겟이자 암살 작전의 척결 대상이 되며, 차를 수리하는 척 기름을 빼내는 작전에도 참여한다. 쌍둥이 딸이 있으며, 아내 안성심이 독립운동을 하는 것을 알게 되지만 본인은 일제에 협력하는 친일파로 남아있다."
}
```   ✅ 저장 완료 (기존 Neptune ID: 강인국_MOVIE_CHARACTER_def2b1d0)

[220/276] 📝 김재진 장군 (MOVIE_CHARACTER)
```json
{
  "entity": "김재진 장군",
  "summary": "김재진 장군은 청산리에서 승리한 독립운동 관련 인물로 영화에서 언급된다."
}
```   ✅ 저장 완료 (기존 Neptune ID: 김재진_장군_MOVIE_CHARACTER_7b0e14b2)

[221/276] 📝 표온 (MOVIE_CHARACTER)
```json
{
  "entity": "표온",
  "summary": "표온은 대덕을 지키는 새신선으로 밖에 있는 인물이다."
}
```   ✅ 저장 완료 (기존 Neptune ID: 표온_MOVIE_CHARACTER_b50a92af)

[222/276] 📝 광철의 동생 (MOVIE_CHARACTER)
```json
{
  "entity": "광철의 동생",
  "summary": "광철의 동생은 대길이 한눈에 반한 여성으로, 도박장을 자주 찾는 인물이다."
}
```   ✅ 저장 완료 (기존 Neptune ID: 광철의_동생_MOVIE_CHARACTER_3119df19)

[223/276] 📝 대길 엄마 (MOVIE_CHARACTER)
```json
{
  "entity": "대길 엄마",
  "summary": "대길 엄마는 대길의 어머니로, 대길이 떠나기 전 미안하다고 말하는 장면이 있다."
}
```   ✅ 저장 완료 (기존 Neptune ID: 대길_엄마_MOVIE_CHARACTER_a77478c4)

[224/276] 📝 백일 (MOVIE_CHARACTER)
```json
{
  "entity": "백일",
  "summary": "백일은 대길에게 제안을 하지만 거절당하는 인물이다."
}
```   ✅ 저장 완료 (기존 Neptune ID: 백일_MOVIE_CHARACTER_1c628849)

[225/276] 📝 김혜숙 (ACTOR)
```json
{
  "entity": "김혜숙",
  "summary": "김혜숙은 영화 도둑들에 출연한 배우로, 중년의 로맨스 장면을 연기하며 실제로 긴장을 많이 했다고 한다. 촬영감독이 특별히 신경 쓰기로 결정한 선배 배우이다."
}
```   ✅ 저장 완료 (기존 Neptune ID: 김혜숙_ACTOR_884f0090)

[226/276] 📝 기주봉 (ACTOR)
```json
{
  "entity": "기주봉",
  "summary": "기주봉은 기국서 선생님의 동생인 배우이다."
}
```   ✅ 저장 완료 (기존 Neptune ID: 기주봉_ACTOR_fb079811)

[227/276] 📝 문도 (MOVIE_CHARACTER)
```json
{
  "entity": "문도",
  "summary": "문도는 현재 시점에서 범인을 쫓고 있는 형사 캐릭터이다."
}
```   ✅ 저장 완료 (기존 Neptune ID: 문도_MOVIE_CHARACTER_44ae5e0b)

[228/276] 📝 이청천 (MOVIE_CHARACTER)
```json
{
  "entity": "이청천",
  "summary": "이청천은 한국독립군 사령관으로 한중 연합군을 이끌어 대전자령 전투를 승리로 이끈 인물이다."
}
```   ✅ 저장 완료 (기존 Neptune ID: 이청천_MOVIE_CHARACTER_b9187e7b)

[229/276] 📝 천관대사 (MOVIE_CHARACTER)
```json
{
  "entity": "천관대사",
  "summary": "천관대사는 전우치에 등장하는 도사 캐릭터로, 전우치의 스승이다. 도방의 핵심 인물로서 현실과 비현실이 섞인 오묘한 공간을 가지고 있다. 스타워즈의 오비완 케노비처럼 욕을 마셔버리고 사라지는 설정으로 변경되어 극중에서 사라지는 인물이다."
}
```   ✅ 저장 완료 (기존 Neptune ID: 천관대사_MOVIE_CHARACTER_16cfba68)

[230/276] 📝 김성수 (MOVIE_STAFF)
```json
{
  "entity": "김성수",
  "summary": "김성수는 영화 무사의 감독으로, 최동훈 감독이 포스터 사용 허락을 받은 감독이다."
}
```   ✅ 저장 완료 (기존 Neptune ID: 김성수_MOVIE_STAFF_9c102656)

[231/276] 📝 스티븐 스필버그 (MOVIE_STAFF)
```json
{
  "entity": "스티븐 스필버그",
  "summary": "스티븐 스필버그는 레이더스를 감독한 영화감독으로, 71세에도 가상현실을 소재로 최신 기술을 넣은 영화를 만드는 등 활발한 활동을 이어가고 있다."
}
```   ✅ 저장 완료 (기존 Neptune ID: 스티븐_스필버그_MOVIE_STAFF_1f1af8fc)

[232/276] 📝 스승 (MOVIE_CHARACTER)
```json
{
  "entity": "스승",
  "summary": "스승은 초림의 스승으로, 죽음을 맞이하는 인물이다."
}
```   ✅ 저장 완료 (기존 Neptune ID: 스승_MOVIE_CHARACTER_c0e66e5c)

[233/276] 📝 너구리 (MOVIE_CHARACTER)
```json
{
  "entity": "너구리",
  "summary": "너구리는 형사로, 고니가 정마담의 도움을 받아 평경장의 죽음과 아귀를 찾아달라고 부탁하는 대상이다. 아귀의 행방을 조사하며 2천만 원을 요청하고, 정마담이 고니의 위치를 알아내는 데 도움을 준 인물이다."
}
```   ✅ 저장 완료 (기존 Neptune ID: 너구리_MOVIE_CHARACTER_f806ff4e)

[234/276] 📝 세란 (MOVIE_CHARACTER)
```json
{
  "entity": "세란",
  "summary": "세란은 화란과 함께 곽철령에게 잡혀있던 여성 인물이다."
}
```   ✅ 저장 완료 (기존 Neptune ID: 세란_MOVIE_CHARACTER_f510ae42)

[235/276] 📝 김해우 (ACTOR)
```json
{
  "entity": "김해우",
  "summary": "김해우 배우는 장물아비 역을 맡았으며, 감독의 전작 타짜에서 가게장 남사장으로 출연했고 이후 전우치와 암살에도 출연했다."
}
```   ✅ 저장 완료 (기존 Neptune ID: 김해우_ACTOR_75011e36)

[236/276] 📝 선도 (MOVIE_CHARACTER)
```json
{
  "entity": "선도",
  "summary": "선도는 외계+인에서 가드와 함께 인간의 아기를 현재로 데려와 키우는 캐릭터이다."
}
```   ✅ 저장 완료 (기존 Neptune ID: 선도_MOVIE_CHARACTER_6ee0bad2)

[237/276] 📝 아이언맨 (MOVIE_CHARACTER)
```json
{
  "entity": "아이언맨",
  "summary": "아이언맨은 마블 영화 어벤져스 시리즈의 중심 히어로 캐릭터이다. 외계+인의 가드와 비교되는 캐릭터로 언급된다."
}
```   ✅ 저장 완료 (기존 Neptune ID: 아이언맨_MOVIE_CHARACTER_16592a8c)

[238/276] 📝 민개인 (MOVIE_CHARACTER)
```json
{
  "entity": "민개인",
  "summary": "민개인은 외계+인에 등장하는 캐릭터로, 능파의 후손이다. 경찰차에 잡혀 있다가 두 신선과 같은 차를 타게 되며, 부채 등의 장비를 챙겨와 이안, 무릎, 신선 등과 함께 집합 장면에 등장한다. 이야기를 되짚어가며 정리하는 역할을 하고 정체에 대한 떡밥이 있는 캐릭터이나, 일부 리뷰어에 의해 불필요한 사족처럼 느껴진다는 평가를 받기도 했다."
}
```   ✅ 저장 완료 (기존 Neptune ID: 민개인_MOVIE_CHARACTER_a841b655)

[239/276] 📝 이경영 (ACTOR)
```json
{
  "entity": "이경영",
  "summary": "이경영은 강인국 역을 맡은 배우로, 감독의 요청에 따라 비열하고 눈치가 빠르며 성공을 향한 열망이 강한 인물을 표현했다."
}
```   ✅ 저장 완료 (기존 Neptune ID: 이경영_ACTOR_5977cc2d)

[240/276] 📝 강수영 (ACTOR)
```json
{
  "entity": "강수영",
  "summary": "강수영은 바텐더 역을 맡은 배우로, 강동원 배우와 동갑인 사촌이다."
}
```   ✅ 저장 완료 (기존 Neptune ID: 강수영_ACTOR_f078f087)

[241/276] 📝 유령 (MOVIE_CHARACTER)
```json
{
  "entity": "유령",
  "summary": "유령은 사업장의 하우스장으로, 대길과 도박 승부를 벌이고 돈을 요구하는 인물이다. 통화를 마치고 돌아오던 중 대길과 몸싸움을 하다가 칼에 찔리는 사건에 연루되었다. 또한 우사장을 배신하고 삼촌 나오기에게 돈 세탁을 부탁하는 등 복잡한 관계를 가진 인물이다."
}
```   ✅ 저장 완료 (기존 Neptune ID: 유령_MOVIE_CHARACTER_cae53b6e)

[242/276] 📝 작은 마당 (MOVIE_CHARACTER)
```json
{
  "entity": "작은 마당",
  "summary": "작은 마당은 도박 하우스에서 공제 업무를 담당하는 여성 인물이다."
}
```   ✅ 저장 완료 (기존 Neptune ID: 작은_마당_MOVIE_CHARACTER_50265120)

[243/276] 📝 도사 (MOVIE_CHARACTER)
```json
{
  "entity": "도사",
  "summary": "도사는 외계+인 시리즈의 과거 편에 등장하는 캐릭터로, 도술을 사용하며 부채에서 두 개의 검을 꺼내는 능력을 가지고 있다. 불교의 반야바라밀을 외우는 인물이며, '마른 하늘에 피가 내리고'라는 능력을 보여준다. 외계인 숙주로 인해 내구도가 좋고 비정상적인 회복력을 가진 것으로 묘사되며, 로쏘의 실력을 갖추고 있다. 범인을 쫓던 중 귀의한 음성을 듣게 되는 장면이 있다."
}
```   ✅ 저장 완료 (기존 Neptune ID: 도사_MOVIE_CHARACTER_faa7b7d3)

[244/276] 📝 좌왕 (MOVIE_CHARACTER)
```json
{
  "entity": "좌왕",
  "summary": "좌왕은 외계인 시리즈의 조연 캐릭터로, 우왕과 함께 등장하며 우왕과 똑같이 생긴 인물이다. 전우치에게 농락당하는 장면이 있으며, 밀본의 습격을 막다가 창을 맞고 입자화되어 사라진다. 썬더의 에너지원이었음이 밝혀지며, 무룩에게 작별 인사를 하는 장면이 있다."
}
```   ✅ 저장 완료 (기존 Neptune ID: 좌왕_MOVIE_CHARACTER_560554b5)

[245/276] 📝 김지훈 (MOVIE_STAFF)
```json
{
  "entity": "김지훈",
  "summary": "김지훈은 영화 장화 홍련의 감독으로, 외계+인 촬영 현장에 와서 응원을 했다."
}
```   ✅ 저장 완료 (기존 Neptune ID: 김지훈_MOVIE_STAFF_7deb75bc)

[246/276] 📝 주진모 (ACTOR)
```json
{
  "entity": "주진모",
  "summary": "주진모는 반장 역을 맡은 배우로, 최동훈 감독의 전작인 범죄의 재구성, 타짜, 전우치까지 출연할 정도로 감독의 최애 배우이다."
}
```   ✅ 저장 완료 (기존 Neptune ID: 주진모_ACTOR_ed108561)

[247/276] 📝 검 (MOVIE_CHARACTER)
```json
{
  "entity": "검",
  "summary": "검은 씹던과 함께 일본인 부부로 위장하여 작전을 수행하는 인물이다."
}
```   ✅ 저장 완료 (기존 Neptune ID: 검_MOVIE_CHARACTER_9ac54c5e)

[248/276] 📝 조사 무르 (MOVIE_CHARACTER)
```json
{
  "entity": "조사 무르",
  "summary": "조사 무르는 외계+인에서 고려말 시대에 신검을 찾으러 다니는 도사 캐릭터이다."
}
```   ✅ 저장 완료 (기존 Neptune ID: 조사_무르_MOVIE_CHARACTER_e8172fa3)

[249/276] 📝 캡틴 아메리카 (MOVIE_CHARACTER)
```json
{
  "entity": "캡틴 아메리카",
  "summary": "캡틴 아메리카는 어벤져스 시리즈의 중심 캐릭터이다."
}
```   ✅ 저장 완료 (기존 Neptune ID: 캡틴_아메리카_MOVIE_CHARACTER_83fa58d1)

[250/276] 📝 자비스 (MOVIE_CHARACTER)
```json
{
  "entity": "자비스",
  "summary": "자비스는 아이언맨의 AI 프로그램으로, 썬더 캐릭터와 비교되는 대상이다."
}
```   ✅ 저장 완료 (기존 Neptune ID: 자비스_MOVIE_CHARACTER_3028dd9c)

[251/276] 📝 염석진 (MOVIE_CHARACTER)
```json
{
  "entity": "염석진",
  "summary": "염석진은 원래 20살의 청년 독립운동가였으나, 1911년 손탁호텔에서 테라우치 총독과 이완용 암살을 시도했다가 실패하고 총상을 입은 후 경찰에 잡혀 일본의 밀정이 된 인물이다. 김원봉의 지시를 받아 암살 작전에 투입될 대원들을 섭외하는 프로페셔널한 역할을 맡았으나, 실제로는 암살작전 대원들의 사진을 바꿔치기하고 일본에 정보를 전달하는 배신자였다. 22년 전 강인국에게 죽임을 당할 뻔했으며, 김구에게 의심을 받아 총알 없는 총으로 테스트를 받기도 했다. 독립군을 배신하고 일본군과 함께 매복하여 동지들을 총격했으며, 해방 후 1949년 반민족행위자 특별조사위원회에서 재판을 받았으나 증거불충분으로 풀려났다."
}
```   ✅ 저장 완료 (기존 Neptune ID: 염석진_MOVIE_CHARACTER_c7660e59)

[252/276] 📝 최대 감독 (MOVIE_CHARACTER)
```json
{
  "entity": "최대 감독",
  "summary": "최대 감독은 두 신선과 비번, 무릎과 함께 신검을 차지하기 위해 모이는 캐릭터이다."
}
```   ✅ 저장 완료 (기존 Neptune ID: 최대_감독_MOVIE_CHARACTER_b410d624)

[253/276] 📝 강동원 (ACTOR)
```json
{
  "entity": "강동원",
  "summary": "강동원은 전우치 역을 맡은 배우로, 소년미를 상징하는 비주얼과 연기력으로 본인만의 영역이 확실한 배우이다. 촬영 중반에 이르러서야 전우치의 캐릭터를 이해할 수 있었다고 하며, 뛰어난 운동신경으로 거의 모든 액션을 대역 없이 소화했다. 12줄의 와이어를 몸에 감고 벽을 타는 연기를 했으며, 6층 높이에서 약 20번 뛰어내리는 장면을 직접 소화하고 전력질주 후 구토를 할 정도로 열연했다. 실제 봉에 불을 붙이고 봉술을 선보였고, 10명의 전우치 분신 장면을 여러 번 촬영했다. 정두홍 무술 감독도 놀랄 정도로 기가 막힌 동선을 표현했으며, 전우치에서 하드캐리가 돋보이는 연기를 선보였다. 강수영 배우와 동갑인 사촌 관계이며, 당시 매니저가 꽃장수 역으로 출연했다."
}
```   ✅ 저장 완료 (기존 Neptune ID: 강동원_ACTOR_157b281a)

[254/276] 📝 흑설 (MOVIE_CHARACTER)
```json
{
  "entity": "흑설",
  "summary": "흑설은 외계+인에 등장하는 도사이자 신선 캐릭터로, 요기의 존재를 감지하고 신검을 쫓는 역할을 한다. 설계자 후보 중 한 명으로 신검의 검증을 거쳤으나 별 영향이 없었던 인물이다. 거울을 사용하며 후반부에서 중요한 역할을 담당하여 후반부 캐리를 맡은 캐릭터로 평가받는다. 무릎에 대해 일단 조금 더 두고 보자고 주장하는 인물이며, 홍콩 영화에 대한 이해가 담긴 유일하게 볼 만한 파트로 평가받는다."
}
```   ✅ 저장 완료 (기존 Neptune ID: 흑설_MOVIE_CHARACTER_8039e11e)

[255/276] 📝 우왕 (MOVIE_CHARACTER)
```json
{
  "entity": "우왕",
  "summary": "우왕은 외계+인의 고려시대 배경에 등장하는 조연 캐릭터로, 썬더가 스캔하여 만들어낸 인간 형태의 독립된 개체이다. 자왕과 똑같이 생겼으며, 나무꾼들이 두려워하며 도망가는 존재이다. 무릎과 티키타카를 만들어내고, 썬더의 행방을 알고 있어 이안에게 위치를 알려주는 역할을 한다. 무룩에게 작별 인사를 하는 장면이 있다."
}
```   ✅ 저장 완료 (기존 Neptune ID: 우왕_MOVIE_CHARACTER_df961a1b)

[256/276] 📝 이정재 (ACTOR)
```json
{
  "entity": "이정재",
  "summary": "이정재는 염석진 역을 맡은 배우로, 이 영화를 위해 15kg을 감량했으며 특유의 연기로 성대모사 열풍을 일으켰다. 어린 염석진 역에서는 어려 보이기 위해 입을 벌리고 있는 연기를 했고, 등연기도 선보였다. 영화 빅매치 촬영 중 어깨 수술을 받은 부상에도 불구하고 무거운 마우저 권총을 사용하는 장면에서 고생을 많이 했다. 또한 도둑들에서 펩시 역을 맡아 심각한 표정 연기가 인상적이었으며 명대사를 남겼다. 현장에서 만든 대사에 대해 뜬금없다고 느꼈다고 하며, 영화에서 사용된 벤츠가 실제 본인 소유의 차였다."
}
```   ✅ 저장 완료 (기존 Neptune ID: 이정재_ACTOR_1aeb7766)

[257/276] 📝 영감 (MOVIE_CHARACTER)
```json
{
  "entity": "영감",
  "summary": "영감은 원래 포마드를 바르는 설정에서 이름이 유래했으나, 수염과 헤어스타일 변경으로 이름 없이 영감으로 불리게 된 캐릭터이다. 카이저 수염이 특징이며 도박을 즐기는 인물로, 6천을 잃어 대길이 구하러 온 상황에 처해 있다. 염석진과 일본군의 매복 총격으로 치명상을 입었다."
}
```   ✅ 저장 완료 (기존 Neptune ID: 영감_MOVIE_CHARACTER_4cc29010)

[258/276] 📝 장동식 (MOVIE_CHARACTER)
```json
{
  "entity": "장동식",
  "summary": "장동식은 '탑신리 똥식이'라는 이명으로 범죄 쪽에서 유명했던 사기꾼으로, 대길을 속여 빚을 지게 만든 인물이다. 짜리로부터 대길에 대한 정보를 받아 대길을 쫓았으며, 미나를 발견하고 협박을 하기도 했다. 노다지를 왜 같이 먹는지 이해하지 못하는 인물로, 대길과 강철이 죽이러 온 대상이 되어 나중에 도망자 신세가 된다."
}
```   ✅ 저장 완료 (기존 Neptune ID: 장동식_MOVIE_CHARACTER_263020c7)

[259/276] 📝 뻥식 (MOVIE_CHARACTER)
```json
{
  "entity": "뻥식",
  "summary": "뻥식은 게임 중 사망한 인물이다."
}
```   ✅ 저장 완료 (기존 Neptune ID: 뻥식_MOVIE_CHARACTER_1048b966)

[260/276] 📝 평경장 (MOVIE_CHARACTER)
```json
{
  "entity": "평경장",
  "summary": "평경장은 영화 타짜에 등장하는 화투의 대가로, 대한민국 화투 랭킹 1위를 자처하는 손꼽히는 실력자이다. 고니의 손금을 보고 처음에는 거절하지만 결국 고니에게 화투를 가르쳐주는 스승 역할을 맡는다. 고니와 갈등 관계에 있으며 복수를 계획하기도 한다. 그러나 배신자로 의심받아 정리당하게 되며, 결국 오른팔이 잘린 시체로 발견되어 비극적인 최후를 맞이하는 인물이다."
}
```   ✅ 저장 완료 (기존 Neptune ID: 평경장_MOVIE_CHARACTER_cd857df8)

[261/276] 📝 아비 (MOVIE_CHARACTER)
```json
{
  "entity": "아비",
  "summary": "아비는 홍콩의 무서운 인물로, 홍콩 경찰에게 잡힌 인물이다."
}
```   ✅ 저장 완료 (기존 Neptune ID: 아비_MOVIE_CHARACTER_5ca40f89)

[262/276] 📝 이하 (MOVIE_CHARACTER)
```json
{
  "entity": "이하",
  "summary": "이하는 외계인 1부에서 신검을 가지고 도주에 성공했으며, 2부에서는 수배되어 쫓기는 신세가 된 인물이다."
}
```   ✅ 저장 완료 (기존 Neptune ID: 이하_MOVIE_CHARACTER_e054dacc)

[263/276] 📝 유해진 (ACTOR)
```json
{
  "entity": "유해진",
  "summary": "유해진은 한국 배우로, 특유의 말투와 연기 스타일로 알려져 있다. 개 사람 초랭이 역을 맡았으며, 캐스팅 후 캐릭터가 자연스럽게 잡혔다고 한다. 촬영 중 와이어에 묶인 채 실제로 벽에 부딪히는 액션 연기를 했고, 한겨울 야외 세트에서 물에 들어가 물 먹어가며 연기를 하기도 했다. 추위에 실제로 다리가 풀려 넘어진 장면이 영화에 사용되었으며, 촬영 중 팔에 부상을 당하기도 했다."
}
```   ✅ 저장 완료 (기존 Neptune ID: 유해진_ACTOR_64a23423)

[264/276] 📝 김해송 (MOVIE_STAFF)
```json
{
  "entity": "김해송",
  "summary": "김해송은 영화에 사용된 곡의 작곡가이다."
}
```   ✅ 저장 완료 (기존 Neptune ID: 김해송_MOVIE_STAFF_239c7030)

[265/276] 📝 최창혁 (MOVIE_CHARACTER)
```json
{
  "entity": "최창혁",
  "summary": "최창혁은 한국은행에서 50억원을 빼돌린 사기꾼으로, 교도소에서 출소 후 김선생과 연결되어 큰 계획에 참여하는 인물이다. 또한 영화 속에서 엄호와 연애를 했다고 언급된다."
}
```   ✅ 저장 완료 (기존 Neptune ID: 최창혁_MOVIE_CHARACTER_7caa16ec)

[266/276] 📝 판호 (MOVIE_CHARACTER)
```json
{
  "entity": "판호",
  "summary": "판호는 뽀빠이와 함께 장비를 세팅하는 도둑 팀의 일원으로, 예니콜의 탈출을 도와주는 인물이다."
}
```   ✅ 저장 완료 (기존 Neptune ID: 판호_MOVIE_CHARACTER_d3951d59)

[267/276] 📝 청이 (MOVIE_CHARACTER)
```json
{
  "entity": "청이",
  "summary": "청이는 외계+인에 등장하는 캐릭터로 흑설과 함께 활동한다."
}
```   ✅ 저장 완료 (기존 Neptune ID: 청이_MOVIE_CHARACTER_f1d7ce9a)

[268/276] 📝 무륵 (MOVIE_CHARACTER)
```json
{
  "entity": "무륵",
  "summary": "무륵은 외계+인의 두 주인공 중 한 명으로, 고려시대(1390년대) 배경에서 등장하는 도사 캐릭터이다. 얼치기 도사이지만 한번 본 도술을 카피하는 천재로, 검술과 보술에 능하며 광이라는 전투용 반려동물을 가지고 있다. 어릴 때 현감에게 죽임을 당할 뻔했으나 두 신선에 의해 살아났으며, 신검을 차지하기 위해 두 신선, 비번과 함께 모인다. 내면에 설계자라는 존재가 있어 정체성에 대한 고민을 하지만, 설계자의 숙주가 아니었던 것으로 밝혀진다. 1부에서는 무거운 검을 다루는데 어려움을 겪었으나 2부에서는 새로운 검 두 개를 사용하며 활약한다. 가드의 슈트를 얻어 현대로 이동하기도 하며, 이안에게 일방적인 감정을 가지고 있다. 전우치와 직접적인 비교가 되는 캐릭터이다."
}
```   ✅ 저장 완료 (기존 Neptune ID: 무륵_MOVIE_CHARACTER_d509de3d)

[269/276] 📝 이안 (MOVIE_CHARACTER)
```json
{
  "entity": "이안",
  "summary": "이안은 외계+인의 주인공 중 한 명으로, 어린 시절과 성인 버전이 있는 캐릭터이다. 뇌를 자극받는 실험체로 길러졌으며, 가드가 키웠고 가드의 희생으로 탈출에 성공했다. 열 살이 되어 가드와 썬더를 의심하며 스파이 활동을 하고, 가드의 행동을 수상히 여겨 뒷조사를 하는 관찰자 역할을 한다. 설계자의 숙주였다는 반전이 있으며, 슈트의 외계인 흡수 기능으로 설계자를 분리해내는 최종보스 역할을 한다. 성인 버전은 총과 무술을 사용하며 신검 회수 임무를 수행하고, 무륵과 함께 행동하며 투명망토를 이용해 도주한다. 어릴 때 무륵에게 구해진 적이 있으며, 10년의 세월을 거쳐 현대로 돌아온다. 무륵과 로맨스 관계가 암시되며, 썬더의 행방과 관련된 여정을 떠나 밀본의 떡밥을 따라 란정으로 향한다."
}
```   ✅ 저장 완료 (기존 Neptune ID: 이안_MOVIE_CHARACTER_a5560ed9)

[270/276] 📝 안옥윤 (MOVIE_CHARACTER)
```json
{
  "entity": "안옥윤",
  "summary": "안옥윤은 전지현 배우가 연기한 캐릭터로, 만주에서 활약하던 한국 독립군의 저격수 출신이다. 청산리 대첩의 남자현 의사를 모티브로 만들어졌으며, 뛰어난 사격 솜씨를 가진 상등병으로 대한민국 임시정부 경무국으로 전출 명령을 받는다. 암살팀의 대장으로서 여자가 대장인 것에 대해 팀원들이 의아해하는 장면이 있다. 상해로 가던 중 일본군 네 명을 순식간에 처리하는 실력을 보여주며, 경성에 도착하여 미라볼 여관에 머물며 부부인 척 연기를 한다. 강인구의 딸이자 쌍둥이 동생으로, 자신과 얼굴이 똑같은 미츠코를 만나 놀라며 총에 맞아 쓰러진다. 이후 언니 미츠코가 죽은 후 미츠코 행세를 하며 강인구 집에 잠입하고, 결혼식 날 웨딩드레스를 입고 작전을 수행한다."
}
```   ✅ 저장 완료 (기존 Neptune ID: 안옥윤_MOVIE_CHARACTER_8dc4cab1)

[271/276] 📝 하와이 피스톨 (MOVIE_CHARACTER)
```json
{
  "entity": "하와이 피스톨",
  "summary": "하와이 피스톨은 상해의 한국인 살인 청부업자를 모티브로 한 캐릭터로, 서부 영화 느낌의 저격수 설정이다. 청부 살인업자로 염석진과 만나 암살 의뢰를 받지만, 의뢰가 잘못되었음을 깨닫고 일본군과 교전하게 된다. 사라진 속사포를 찾아다니던 중 조선인 학살 현장을 목격하고 분노하여 작전에 함께 참여한다. 결국 염석진과 일본군의 매복 총격으로 치명상을 입고 마지막까지 저항하다 죽음을 맞이한 독립군 인물이다."
}
```   ✅ 저장 완료 (기존 Neptune ID: 하와이_피스톨_MOVIE_CHARACTER_cefba573)

[272/276] 📝 선우치 (MOVIE_CHARACTER)
```json
{
  "entity": "선우치",
  "summary": "선우치(전우치)는 영화의 주인공으로, 헤엄을 못 했으나 나중에 이를 극복하게 되는 인물이다."
}
```   ✅ 저장 완료 (기존 Neptune ID: 선우치_MOVIE_CHARACTER_66e31db1)

[273/276] 📝 앤드류 (MOVIE_CHARACTER)
```json
{
  "entity": "앤드류",
  "summary": "앤드류는 영화 도둑들에 등장하는 캐릭터로, 오달수가 연기했다. 영국 왕자의 이름을 따서 지어진 고급진 이름을 가졌으며, 뽀빠이를 추적하는 역할을 맡는다. VIP로 위장하여 식사 배달을 하면서 무기를 반입하는 임무를 수행했다. 예니콜에게 발로 차이는 장면이 있었고, 예니콜과 부부를 연기하는 장면이 있었으나 삭제되었다. 호송 차에서 난리를 일으키고 차량이 물에 빠지기 전 탈출에 성공한 인물이다."
}
```   ✅ 저장 완료 (기존 Neptune ID: 앤드류_MOVIE_CHARACTER_0057da25)

[274/276] 📝 절름발이 (MOVIE_CHARACTER)
```json
{
  "entity": "절름발이",
  "summary": "절름발이는 과거편에 등장하는 인물로, 가슴팍에 신검이 꽂혀 있으며 다리가 낫는 묘사와 함께 등장한다."
}
```   ✅ 저장 완료 (기존 Neptune ID: 절름발이_MOVIE_CHARACTER_1368f2bc)

[275/276] 📝 타란티노 (MOVIE_STAFF)
```json
{
  "entity": "타란티노",
  "summary": "타란티노는 피와 수다가 난무하는 타란티노스러운 영화들을 만드는 감독으로, 팬들이 항상 그의 신작을 원하는 감독이다."
}
```   ✅ 저장 완료 (기존 Neptune ID: 타란티노_MOVIE_STAFF_720a5e71)

[276/276] 📝 청원 (MOVIE_CHARACTER)
```json
{
  "entity": "청원",
  "summary": "청원은 무륵 안에 무서운 것이 있으니 죽이자고 주장하는 인물이다."
}
```   ✅ 저장 완료 (기존 Neptune ID: 청원_MOVIE_CHARACTER_0261bf44)

============================================================
🎉 Entity Summarization Complete!
============================================================
✅ 성공: 276개
❌ 실패: 0개
📊 총 처리: 276개
